Using pre-set license
Built from '2021.3/staging' branch; Version is '2021.3.30f1 (b4360d7cdac4) revision 11810317'; Using compiler version '192829333'; Build Type 'Release'
OS: 'Windows 10  (10.0.19045) 64bit Professional' Language: 'fr' Physical Memory: 15741 MB
BatchMode: 1, IsHumanControllingUs: 0, StartBugReporterOnCrash: 0, Is64bit: 1, IsPro: 1

COMMAND LINE ARGUMENTS:
C:\Program Files\Unity\Hub\Editor\2021.3.30f1\Editor\Unity.exe
-adb2
-batchMode
-noUpm
-name
AssetImportWorker2
-projectPath
C:/Users/PROPRIETAIRE/Desktop/code/Yarcade/My project
-logFile
Logs/AssetImportWorker2.log
-srvPort
64145
Successfully changed project path to: C:/Users/PROPRIETAIRE/Desktop/code/Yarcade/My project
C:/Users/PROPRIETAIRE/Desktop/code/Yarcade/My project
[UnityMemory] Configuration Parameters - Can be set up in boot.config
    "memorysetup-bucket-allocator-granularity=16"
    "memorysetup-bucket-allocator-bucket-count=8"
    "memorysetup-bucket-allocator-block-size=33554432"
    "memorysetup-bucket-allocator-block-count=8"
    "memorysetup-main-allocator-block-size=16777216"
    "memorysetup-thread-allocator-block-size=16777216"
    "memorysetup-gfx-main-allocator-block-size=16777216"
    "memorysetup-gfx-thread-allocator-block-size=16777216"
    "memorysetup-cache-allocator-block-size=4194304"
    "memorysetup-typetree-allocator-block-size=2097152"
    "memorysetup-profiler-bucket-allocator-granularity=16"
    "memorysetup-profiler-bucket-allocator-bucket-count=8"
    "memorysetup-profiler-bucket-allocator-block-size=33554432"
    "memorysetup-profiler-bucket-allocator-block-count=8"
    "memorysetup-profiler-allocator-block-size=16777216"
    "memorysetup-profiler-editor-allocator-block-size=1048576"
    "memorysetup-temp-allocator-size-main=16777216"
    "memorysetup-job-temp-allocator-block-size=2097152"
    "memorysetup-job-temp-allocator-block-size-background=1048576"
    "memorysetup-job-temp-allocator-reduction-small-platforms=262144"
    "memorysetup-temp-allocator-size-background-worker=32768"
    "memorysetup-temp-allocator-size-job-worker=262144"
    "memorysetup-temp-allocator-size-preload-manager=33554432"
    "memorysetup-temp-allocator-size-nav-mesh-worker=65536"
    "memorysetup-temp-allocator-size-audio-worker=65536"
    "memorysetup-temp-allocator-size-cloud-worker=32768"
    "memorysetup-temp-allocator-size-gi-baking-worker=262144"
    "memorysetup-temp-allocator-size-gfx=262144"
Player connection [24268] Host "[IP] 192.168.65.1 [Port] 0 [Flags] 2 [Guid] 1111403827 [EditorId] 1111403827 [Version] 1048832 [Id] WindowsEditor(7,DESKTOP-MQL358U) [Debug] 1 [PackageName] WindowsEditor [ProjectName] Editor" joined multi-casting on [225.0.0.222:54997]...

Player connection [24268] Host "[IP] 192.168.65.1 [Port] 0 [Flags] 2 [Guid] 1111403827 [EditorId] 1111403827 [Version] 1048832 [Id] WindowsEditor(7,DESKTOP-MQL358U) [Debug] 1 [PackageName] WindowsEditor [ProjectName] Editor" joined alternative multi-casting on [225.0.0.222:34997]...

[Physics::Module] Initialized MultithreadedJobDispatcher with {0} workers.
Refreshing native plugins compatible for Editor in 119.81 ms, found 4 plugins.
Preloading 0 native plugins for Editor in 0.00 ms.
Initialize engine version: 2021.3.30f1 (b4360d7cdac4)
[Subsystems] Discovering subsystems at path C:/Program Files/Unity/Hub/Editor/2021.3.30f1/Editor/Data/Resources/UnitySubsystems
[Subsystems] Discovering subsystems at path C:/Users/PROPRIETAIRE/Desktop/code/Yarcade/My project/Assets
GfxDevice: creating device client; threaded=0; jobified=0
Direct3D:
    Version:  Direct3D 11.0 [level 11.1]
    Renderer: NVIDIA GeForce GTX 1650 Ti (ID=0x1f95)
    Vendor:   NVIDIA
    VRAM:     3949 MB
    Driver:   31.0.15.3742
Initialize mono
Mono path[0] = 'C:/Program Files/Unity/Hub/Editor/2021.3.30f1/Editor/Data/Managed'
Mono path[1] = 'C:/Program Files/Unity/Hub/Editor/2021.3.30f1/Editor/Data/MonoBleedingEdge/lib/mono/unityjit-win32'
Mono config path = 'C:/Program Files/Unity/Hub/Editor/2021.3.30f1/Editor/Data/MonoBleedingEdge/etc'
Using monoOptions --debugger-agent=transport=dt_socket,embedding=1,server=y,suspend=n,address=127.0.0.1:56776
Begin MonoManager ReloadAssembly
Registering precompiled unity dll's ...
Register platform support module: C:/Program Files/Unity/Hub/Editor/2021.3.30f1/Editor/Data/PlaybackEngines/WebGLSupport/UnityEditor.WebGL.Extensions.dll
Register platform support module: C:/Program Files/Unity/Hub/Editor/2021.3.30f1/Editor/Data/PlaybackEngines/WindowsStandaloneSupport/UnityEditor.WindowsStandalone.Extensions.dll
Registered in 0.260290 seconds.
Native extension for WindowsStandalone target not found
Native extension for WebGL target not found
Refreshing native plugins compatible for Editor in 104.22 ms, found 4 plugins.
Preloading 0 native plugins for Editor in 0.00 ms.
Mono: successfully reloaded assembly
- Completed reload, in  7.457 seconds
Domain Reload Profiling:
	ReloadAssembly (7458ms)
		BeginReloadAssembly (5542ms)
			ExecutionOrderSort (0ms)
			DisableScriptedObjects (0ms)
			BackupInstance (0ms)
			ReleaseScriptingObjects (0ms)
			CreateAndSetChildDomain (1ms)
		EndReloadAssembly (1207ms)
			LoadAssemblies (5544ms)
			RebuildTransferFunctionScriptingTraits (0ms)
			SetupTypeCache (728ms)
			ReleaseScriptCaches (0ms)
			RebuildScriptCaches (46ms)
			SetupLoadedEditorAssemblies (373ms)
				LogAssemblyErrors (0ms)
				InitializePlatformSupportModulesInManaged (15ms)
				SetLoadedEditorAssemblies (0ms)
				RefreshPlugins (104ms)
				BeforeProcessingInitializeOnLoad (1ms)
				ProcessInitializeOnLoadAttributes (188ms)
				ProcessInitializeOnLoadMethodAttributes (64ms)
				AfterProcessingInitializeOnLoad (0ms)
				EditorAssembliesLoaded (0ms)
			ExecutionOrderSort2 (0ms)
			AwakeInstancesAfterBackupRestoration (0ms)
Platform modules already initialized, skipping
Registering precompiled user dll's ...
Registered in 0.009261 seconds.
Begin MonoManager ReloadAssembly
Native extension for WindowsStandalone target not found
Native extension for WebGL target not found
Refreshing native plugins compatible for Editor in 116.58 ms, found 4 plugins.
Preloading 0 native plugins for Editor in 0.00 ms.
Package Manager log level set to [2]
[Package Manager] Server::EnsureServerProcessIsRunning -- launch failed, reason: Unity was launched with the -noUpm command-line argument
[Package Manager] Cannot connect to Unity Package Manager local server
Mono: successfully reloaded assembly
- Completed reload, in  6.726 seconds
Domain Reload Profiling:
	ReloadAssembly (6727ms)
		BeginReloadAssembly (156ms)
			ExecutionOrderSort (0ms)
			DisableScriptedObjects (8ms)
			BackupInstance (0ms)
			ReleaseScriptingObjects (0ms)
			CreateAndSetChildDomain (24ms)
		EndReloadAssembly (6340ms)
			LoadAssemblies (4193ms)
			RebuildTransferFunctionScriptingTraits (0ms)
			SetupTypeCache (713ms)
			ReleaseScriptCaches (1ms)
			RebuildScriptCaches (75ms)
			SetupLoadedEditorAssemblies (1340ms)
				LogAssemblyErrors (0ms)
				InitializePlatformSupportModulesInManaged (8ms)
				SetLoadedEditorAssemblies (0ms)
				RefreshPlugins (117ms)
				BeforeProcessingInitializeOnLoad (117ms)
				ProcessInitializeOnLoadAttributes (1032ms)
				ProcessInitializeOnLoadMethodAttributes (56ms)
				AfterProcessingInitializeOnLoad (11ms)
				EditorAssembliesLoaded (0ms)
			ExecutionOrderSort2 (0ms)
			AwakeInstancesAfterBackupRestoration (5ms)
Platform modules already initialized, skipping
========================================================================
Worker process is ready to serve import requests
Launched and connected shader compiler UnityShaderCompiler.exe after 0.10 seconds
Refreshing native plugins compatible for Editor in 1.04 ms, found 4 plugins.
Preloading 0 native plugins for Editor in 0.00 ms.
Unloading 3796 Unused Serialized files (Serialized files now loaded: 0)
Unloading 35 unused Assets / (46.3 KB). Loaded Objects now: 4254.
Memory consumption went from 144.4 MB to 144.3 MB.
Total: 4.722300 ms (FindLiveObjects: 0.469400 ms CreateObjectMapping: 0.219700 ms MarkObjects: 3.927300 ms  DeleteObjects: 0.104300 ms)

AssetImportParameters requested are different than current active one (requested -> active):
  custom:video-decoder-ogg-theora: a1e56fd34408186e4bbccfd4996cb3dc -> 
  custom:container-muxer-webm: aa71ff27fc2769a1b78a27578f13a17b -> 
  custom:container-demuxer-webm: 4f35f7cbe854078d1ac9338744f61a02 -> 
  custom:video-encoder-webm-vp8: eb34c28f22e8b96e1ab97ce403110664 -> 
  custom:CustomObjectIndexerAttribute: bc11b3a6c3213fcdd17b65e7da85e133 -> 
  custom:audio-encoder-webm-vorbis: bf7c407c2cedff20999df2af8eb42d56 -> 
  custom:framework-win-MediaFoundation: 216162199b28c13a410421893ffa2e32 -> 
  custom:SearchIndexIgnoredProperties: e643bd26f0fe6173181afceb89e7c659 -> 
  custom:container-demuxer-ogg: 62fdf1f143b41e24485cea50d1cbac27 -> 
  custom:video-decoder-webm-vp8: 9c59270c3fd7afecdb556c50c9e8de78 -> 
  custom:audio-decoder-ogg-vorbis: bf7c407c2cedff20999df2af8eb42d56 -> 
========================================================================
Received Import Request.
  Time since last request: 1910811.812910 seconds.
  path: Assets/asset map/Lifty's Pixel Art Pack/Pixel Art Pack/TileMaps/Temple Asset Pack_Test.png
  artifactKey: Guid(ed9e32fd1bc536045920cc76f3079d24) Importer(815301076,1909f56bfc062723c751e8b465ee728b)
Number of updated assets reloaded before import = 0
Start importing Assets/asset map/Lifty's Pixel Art Pack/Pixel Art Pack/TileMaps/Temple Asset Pack_Test.png using Guid(ed9e32fd1bc536045920cc76f3079d24) Importer(815301076,1909f56bfc062723c751e8b465ee728b)  -> (artifact id: '604eca518de273ee95de516828001754') in 0.857379 seconds 
Number of asset objects unloaded after import = 347
========================================================================
Received Import Request.
  Time since last request: 27.802896 seconds.
  path: Assets/asset map/Lifty's Pixel Art Pack/Pixel Art Pack/TileMaps/Temple Asset Pack_Test.png
  artifactKey: Guid(ed9e32fd1bc536045920cc76f3079d24) Importer(815301076,1909f56bfc062723c751e8b465ee728b)
Number of updated assets reloaded before import = 0
Start importing Assets/asset map/Lifty's Pixel Art Pack/Pixel Art Pack/TileMaps/Temple Asset Pack_Test.png using Guid(ed9e32fd1bc536045920cc76f3079d24) Importer(815301076,1909f56bfc062723c751e8b465ee728b)  -> (artifact id: 'ddd0c660332c61109c19f5fb36f492f7') in 0.693979 seconds 
Number of asset objects unloaded after import = 347
========================================================================
Received Import Request.
  Time since last request: 56.659185 seconds.
  path: Assets/asset map/Lifty's Pixel Art Pack/Pixel Art Pack/TileMaps/Temple Asset Pack_Test.png
  artifactKey: Guid(ed9e32fd1bc536045920cc76f3079d24) Importer(815301076,1909f56bfc062723c751e8b465ee728b)
Number of updated assets reloaded before import = 0
Start importing Assets/asset map/Lifty's Pixel Art Pack/Pixel Art Pack/TileMaps/Temple Asset Pack_Test.png using Guid(ed9e32fd1bc536045920cc76f3079d24) Importer(815301076,1909f56bfc062723c751e8b465ee728b)  -> (artifact id: '635aaa1e0b3ebd77fc9db478c64137de') in 0.633493 seconds 
Number of asset objects unloaded after import = 347
========================================================================
Received Prepare
Registering precompiled user dll's ...
Registered in 0.005585 seconds.
Begin MonoManager ReloadAssembly
Native extension for WindowsStandalone target not found
Native extension for WebGL target not found
Refreshing native plugins compatible for Editor in 0.85 ms, found 4 plugins.
Preloading 0 native plugins for Editor in 0.00 ms.
[Package Manager] Server::EnsureServerProcessIsRunning -- launch failed, reason: Unity was launched with the -noUpm command-line argument
[Package Manager] Cannot connect to Unity Package Manager local server
Mono: successfully reloaded assembly
- Completed reload, in  1.640 seconds
Domain Reload Profiling:
	ReloadAssembly (1640ms)
		BeginReloadAssembly (159ms)
			ExecutionOrderSort (0ms)
			DisableScriptedObjects (9ms)
			BackupInstance (0ms)
			ReleaseScriptingObjects (0ms)
			CreateAndSetChildDomain (44ms)
		EndReloadAssembly (1385ms)
			LoadAssemblies (105ms)
			RebuildTransferFunctionScriptingTraits (0ms)
			SetupTypeCache (257ms)
			ReleaseScriptCaches (1ms)
			RebuildScriptCaches (48ms)
			SetupLoadedEditorAssemblies (948ms)
				LogAssemblyErrors (0ms)
				InitializePlatformSupportModulesInManaged (7ms)
				SetLoadedEditorAssemblies (1ms)
				RefreshPlugins (1ms)
				BeforeProcessingInitializeOnLoad (80ms)
				ProcessInitializeOnLoadAttributes (800ms)
				ProcessInitializeOnLoadMethodAttributes (49ms)
				AfterProcessingInitializeOnLoad (9ms)
				EditorAssembliesLoaded (0ms)
			ExecutionOrderSort2 (0ms)
			AwakeInstancesAfterBackupRestoration (7ms)
Platform modules already initialized, skipping
Refreshing native plugins compatible for Editor in 0.80 ms, found 4 plugins.
Preloading 0 native plugins for Editor in 0.00 ms.
Unloading 3785 Unused Serialized files (Serialized files now loaded: 0)
Unloading 24 unused Assets / (21.9 KB). Loaded Objects now: 4264.
Memory consumption went from 148.0 MB to 148.0 MB.
Total: 5.225800 ms (FindLiveObjects: 0.578600 ms CreateObjectMapping: 0.250200 ms MarkObjects: 4.335600 ms  DeleteObjects: 0.059000 ms)

AssetImportParameters requested are different than current active one (requested -> active):
  custom:video-decoder-ogg-theora: a1e56fd34408186e4bbccfd4996cb3dc -> 
  custom:container-muxer-webm: aa71ff27fc2769a1b78a27578f13a17b -> 
  custom:container-demuxer-webm: 4f35f7cbe854078d1ac9338744f61a02 -> 
  custom:video-encoder-webm-vp8: eb34c28f22e8b96e1ab97ce403110664 -> 
  custom:CustomObjectIndexerAttribute: bc11b3a6c3213fcdd17b65e7da85e133 -> 
  custom:audio-encoder-webm-vorbis: bf7c407c2cedff20999df2af8eb42d56 -> 
  custom:framework-win-MediaFoundation: 216162199b28c13a410421893ffa2e32 -> 
  custom:SearchIndexIgnoredProperties: e643bd26f0fe6173181afceb89e7c659 -> 
  custom:container-demuxer-ogg: 62fdf1f143b41e24485cea50d1cbac27 -> 
  custom:video-decoder-webm-vp8: 9c59270c3fd7afecdb556c50c9e8de78 -> 
  custom:audio-decoder-ogg-vorbis: bf7c407c2cedff20999df2af8eb42d56 -> 
========================================================================
Received Import Request.
  Time since last request: 283.749110 seconds.
  path: Assets/asset map/Lifty's Pixel Art Pack/Pixel Art Pack/TileMaps/DesBg_Back.png
  artifactKey: Guid(c80105b7ce9692143b6d8976c6bd1c79) Importer(815301076,1909f56bfc062723c751e8b465ee728b)
Number of updated assets reloaded before import = 0
Start importing Assets/asset map/Lifty's Pixel Art Pack/Pixel Art Pack/TileMaps/DesBg_Back.png using Guid(c80105b7ce9692143b6d8976c6bd1c79) Importer(815301076,1909f56bfc062723c751e8b465ee728b)  -> (artifact id: '593b5f6499464e5f15efc28267777aaa') in 0.302425 seconds 
Number of asset objects unloaded after import = 3
========================================================================
Received Import Request.
  Time since last request: 0.000038 seconds.
  path: Assets/asset map/Lifty's Pixel Art Pack/Pixel Art Pack/TileMaps/TileMap-1.png
  artifactKey: Guid(6ef6f837792cd834aa11f0163ed98632) Importer(815301076,1909f56bfc062723c751e8b465ee728b)
Number of updated assets reloaded before import = 0
Start importing Assets/asset map/Lifty's Pixel Art Pack/Pixel Art Pack/TileMaps/TileMap-1.png using Guid(6ef6f837792cd834aa11f0163ed98632) Importer(815301076,1909f56bfc062723c751e8b465ee728b)  -> (artifact id: 'de69114a90d6a4218b1335dd37e25ee0') in 0.039425 seconds 
Number of asset objects unloaded after import = 3
========================================================================
Received Import Request.
  Time since last request: 0.000065 seconds.
  path: Assets/asset map/Lifty's Pixel Art Pack/Pixel Art Pack/TileMaps/TileMap-2.png
  artifactKey: Guid(c001188c436385346b8c7a5797406011) Importer(815301076,1909f56bfc062723c751e8b465ee728b)
Number of updated assets reloaded before import = 0
Start importing Assets/asset map/Lifty's Pixel Art Pack/Pixel Art Pack/TileMaps/TileMap-2.png using Guid(c001188c436385346b8c7a5797406011) Importer(815301076,1909f56bfc062723c751e8b465ee728b)  -> (artifact id: '72833bc83653535b13d868c36dfc6d3d') in 0.035966 seconds 
Number of asset objects unloaded after import = 3
========================================================================
Received Import Request.
  Time since last request: 0.000024 seconds.
  path: Assets/asset map/Lifty's Pixel Art Pack/Pixel Art Pack/TileMaps/NightSky.png
  artifactKey: Guid(4912fab265f1b394ba5ade17c64287ec) Importer(815301076,1909f56bfc062723c751e8b465ee728b)
Number of updated assets reloaded before import = 0
Start importing Assets/asset map/Lifty's Pixel Art Pack/Pixel Art Pack/TileMaps/NightSky.png using Guid(4912fab265f1b394ba5ade17c64287ec) Importer(815301076,1909f56bfc062723c751e8b465ee728b)  -> (artifact id: 'e9a38eafd0b5ad42edf64f040628c1e7') in 0.126112 seconds 
Number of asset objects unloaded after import = 3
========================================================================
Received Import Request.
  Time since last request: 0.000031 seconds.
  path: Assets/asset map/Lifty's Pixel Art Pack/Pixel Art Pack/TileMaps/Desert.png
  artifactKey: Guid(b96df2e5ce66afd43bf40041793ce6a5) Importer(815301076,1909f56bfc062723c751e8b465ee728b)
Number of updated assets reloaded before import = 0
Start importing Assets/asset map/Lifty's Pixel Art Pack/Pixel Art Pack/TileMaps/Desert.png using Guid(b96df2e5ce66afd43bf40041793ce6a5) Importer(815301076,1909f56bfc062723c751e8b465ee728b)  -> (artifact id: '67b4f83ac48ea59677f6bd9dd6f9e212') in 0.039223 seconds 
Number of asset objects unloaded after import = 3
========================================================================
Received Import Request.
  Time since last request: 7.574609 seconds.
  path: Assets/asset map/Lifty's Pixel Art Pack/Pixel Art Pack/TileMaps/DesBg_Forward.png
  artifactKey: Guid(545c84f8584145a489c2c889305f682e) Importer(815301076,1909f56bfc062723c751e8b465ee728b)
Number of updated assets reloaded before import = 0
Start importing Assets/asset map/Lifty's Pixel Art Pack/Pixel Art Pack/TileMaps/DesBg_Forward.png using Guid(545c84f8584145a489c2c889305f682e) Importer(815301076,1909f56bfc062723c751e8b465ee728b)  -> (artifact id: 'aae5b6d929f7491dd5544bec1903afa7') in 0.132824 seconds 
Number of asset objects unloaded after import = 3
========================================================================
Received Prepare
Registering precompiled user dll's ...
Registered in 0.007067 seconds.
Begin MonoManager ReloadAssembly
Native extension for WindowsStandalone target not found
Native extension for WebGL target not found
Refreshing native plugins compatible for Editor in 1.07 ms, found 4 plugins.
Preloading 0 native plugins for Editor in 0.00 ms.
[Package Manager] Server::EnsureServerProcessIsRunning -- launch failed, reason: Unity was launched with the -noUpm command-line argument
[Package Manager] Cannot connect to Unity Package Manager local server
Mono: successfully reloaded assembly
- Completed reload, in  1.918 seconds
Domain Reload Profiling:
	ReloadAssembly (1920ms)
		BeginReloadAssembly (196ms)
			ExecutionOrderSort (0ms)
			DisableScriptedObjects (12ms)
			BackupInstance (0ms)
			ReleaseScriptingObjects (0ms)
			CreateAndSetChildDomain (46ms)
		EndReloadAssembly (1578ms)
			LoadAssemblies (146ms)
			RebuildTransferFunctionScriptingTraits (0ms)
			SetupTypeCache (315ms)
			ReleaseScriptCaches (2ms)
			RebuildScriptCaches (60ms)
			SetupLoadedEditorAssemblies (1031ms)
				LogAssemblyErrors (0ms)
				InitializePlatformSupportModulesInManaged (8ms)
				SetLoadedEditorAssemblies (1ms)
				RefreshPlugins (1ms)
				BeforeProcessingInitializeOnLoad (94ms)
				ProcessInitializeOnLoadAttributes (862ms)
				ProcessInitializeOnLoadMethodAttributes (58ms)
				AfterProcessingInitializeOnLoad (7ms)
				EditorAssembliesLoaded (0ms)
			ExecutionOrderSort2 (0ms)
			AwakeInstancesAfterBackupRestoration (7ms)
Platform modules already initialized, skipping
Refreshing native plugins compatible for Editor in 0.98 ms, found 4 plugins.
Preloading 0 native plugins for Editor in 0.00 ms.
Unloading 3785 Unused Serialized files (Serialized files now loaded: 0)
Unloading 24 unused Assets / (22.0 KB). Loaded Objects now: 4275.
Memory consumption went from 148.1 MB to 148.0 MB.
Total: 5.375500 ms (FindLiveObjects: 0.410000 ms CreateObjectMapping: 0.292800 ms MarkObjects: 4.623900 ms  DeleteObjects: 0.047400 ms)

AssetImportParameters requested are different than current active one (requested -> active):
  custom:video-decoder-ogg-theora: a1e56fd34408186e4bbccfd4996cb3dc -> 
  custom:container-muxer-webm: aa71ff27fc2769a1b78a27578f13a17b -> 
  custom:container-demuxer-webm: 4f35f7cbe854078d1ac9338744f61a02 -> 
  custom:video-encoder-webm-vp8: eb34c28f22e8b96e1ab97ce403110664 -> 
  custom:CustomObjectIndexerAttribute: bc11b3a6c3213fcdd17b65e7da85e133 -> 
  custom:audio-encoder-webm-vorbis: bf7c407c2cedff20999df2af8eb42d56 -> 
  custom:framework-win-MediaFoundation: 216162199b28c13a410421893ffa2e32 -> 
  custom:SearchIndexIgnoredProperties: e643bd26f0fe6173181afceb89e7c659 -> 
  custom:container-demuxer-ogg: 62fdf1f143b41e24485cea50d1cbac27 -> 
  custom:video-decoder-webm-vp8: 9c59270c3fd7afecdb556c50c9e8de78 -> 
  custom:audio-decoder-ogg-vorbis: bf7c407c2cedff20999df2af8eb42d56 -> 
========================================================================
Received Prepare
Registering precompiled user dll's ...
Registered in 0.008700 seconds.
Begin MonoManager ReloadAssembly
Native extension for WindowsStandalone target not found
Native extension for WebGL target not found
Refreshing native plugins compatible for Editor in 1.34 ms, found 4 plugins.
Preloading 0 native plugins for Editor in 0.00 ms.
[Package Manager] Server::EnsureServerProcessIsRunning -- launch failed, reason: Unity was launched with the -noUpm command-line argument
[Package Manager] Cannot connect to Unity Package Manager local server
Mono: successfully reloaded assembly
- Completed reload, in  1.879 seconds
Domain Reload Profiling:
	ReloadAssembly (1880ms)
		BeginReloadAssembly (185ms)
			ExecutionOrderSort (0ms)
			DisableScriptedObjects (9ms)
			BackupInstance (0ms)
			ReleaseScriptingObjects (0ms)
			CreateAndSetChildDomain (49ms)
		EndReloadAssembly (1558ms)
			LoadAssemblies (125ms)
			RebuildTransferFunctionScriptingTraits (0ms)
			SetupTypeCache (300ms)
			ReleaseScriptCaches (2ms)
			RebuildScriptCaches (61ms)
			SetupLoadedEditorAssemblies (1038ms)
				LogAssemblyErrors (0ms)
				InitializePlatformSupportModulesInManaged (12ms)
				SetLoadedEditorAssemblies (1ms)
				RefreshPlugins (1ms)
				BeforeProcessingInitializeOnLoad (96ms)
				ProcessInitializeOnLoadAttributes (858ms)
				ProcessInitializeOnLoadMethodAttributes (61ms)
				AfterProcessingInitializeOnLoad (7ms)
				EditorAssembliesLoaded (0ms)
			ExecutionOrderSort2 (0ms)
			AwakeInstancesAfterBackupRestoration (7ms)
Platform modules already initialized, skipping
Refreshing native plugins compatible for Editor in 0.93 ms, found 4 plugins.
Preloading 0 native plugins for Editor in 0.00 ms.
Unloading 3785 Unused Serialized files (Serialized files now loaded: 0)
Unloading 24 unused Assets / (21.9 KB). Loaded Objects now: 4278.
Memory consumption went from 148.1 MB to 148.1 MB.
Total: 5.470500 ms (FindLiveObjects: 0.514000 ms CreateObjectMapping: 0.363200 ms MarkObjects: 4.548100 ms  DeleteObjects: 0.044000 ms)

AssetImportParameters requested are different than current active one (requested -> active):
  custom:video-decoder-ogg-theora: a1e56fd34408186e4bbccfd4996cb3dc -> 
  custom:container-muxer-webm: aa71ff27fc2769a1b78a27578f13a17b -> 
  custom:container-demuxer-webm: 4f35f7cbe854078d1ac9338744f61a02 -> 
  custom:video-encoder-webm-vp8: eb34c28f22e8b96e1ab97ce403110664 -> 
  custom:CustomObjectIndexerAttribute: bc11b3a6c3213fcdd17b65e7da85e133 -> 
  custom:audio-encoder-webm-vorbis: bf7c407c2cedff20999df2af8eb42d56 -> 
  custom:framework-win-MediaFoundation: 216162199b28c13a410421893ffa2e32 -> 
  custom:SearchIndexIgnoredProperties: e643bd26f0fe6173181afceb89e7c659 -> 
  custom:container-demuxer-ogg: 62fdf1f143b41e24485cea50d1cbac27 -> 
  custom:video-decoder-webm-vp8: 9c59270c3fd7afecdb556c50c9e8de78 -> 
  custom:audio-decoder-ogg-vorbis: bf7c407c2cedff20999df2af8eb42d56 -> 
========================================================================
Received Prepare
Registering precompiled user dll's ...
Registered in 0.006999 seconds.
Begin MonoManager ReloadAssembly
Native extension for WindowsStandalone target not found
Native extension for WebGL target not found
Refreshing native plugins compatible for Editor in 1.37 ms, found 4 plugins.
Preloading 0 native plugins for Editor in 0.00 ms.
[Package Manager] Server::EnsureServerProcessIsRunning -- launch failed, reason: Unity was launched with the -noUpm command-line argument
[Package Manager] Cannot connect to Unity Package Manager local server
Mono: successfully reloaded assembly
- Completed reload, in  1.975 seconds
Domain Reload Profiling:
	ReloadAssembly (1976ms)
		BeginReloadAssembly (192ms)
			ExecutionOrderSort (0ms)
			DisableScriptedObjects (8ms)
			BackupInstance (0ms)
			ReleaseScriptingObjects (0ms)
			CreateAndSetChildDomain (47ms)
		EndReloadAssembly (1657ms)
			LoadAssemblies (138ms)
			RebuildTransferFunctionScriptingTraits (0ms)
			SetupTypeCache (331ms)
			ReleaseScriptCaches (2ms)
			RebuildScriptCaches (70ms)
			SetupLoadedEditorAssemblies (1090ms)
				LogAssemblyErrors (0ms)
				InitializePlatformSupportModulesInManaged (11ms)
				SetLoadedEditorAssemblies (1ms)
				RefreshPlugins (1ms)
				BeforeProcessingInitializeOnLoad (93ms)
				ProcessInitializeOnLoadAttributes (917ms)
				ProcessInitializeOnLoadMethodAttributes (56ms)
				AfterProcessingInitializeOnLoad (10ms)
				EditorAssembliesLoaded (0ms)
			ExecutionOrderSort2 (0ms)
			AwakeInstancesAfterBackupRestoration (9ms)
Platform modules already initialized, skipping
Refreshing native plugins compatible for Editor in 1.60 ms, found 4 plugins.
Preloading 0 native plugins for Editor in 0.00 ms.
Unloading 3785 Unused Serialized files (Serialized files now loaded: 0)
Unloading 24 unused Assets / (22.0 KB). Loaded Objects now: 4281.
Memory consumption went from 148.1 MB to 148.1 MB.
Total: 5.568600 ms (FindLiveObjects: 0.551000 ms CreateObjectMapping: 0.418500 ms MarkObjects: 4.558300 ms  DeleteObjects: 0.038900 ms)

AssetImportParameters requested are different than current active one (requested -> active):
  custom:video-decoder-ogg-theora: a1e56fd34408186e4bbccfd4996cb3dc -> 
  custom:container-muxer-webm: aa71ff27fc2769a1b78a27578f13a17b -> 
  custom:container-demuxer-webm: 4f35f7cbe854078d1ac9338744f61a02 -> 
  custom:video-encoder-webm-vp8: eb34c28f22e8b96e1ab97ce403110664 -> 
  custom:CustomObjectIndexerAttribute: bc11b3a6c3213fcdd17b65e7da85e133 -> 
  custom:audio-encoder-webm-vorbis: bf7c407c2cedff20999df2af8eb42d56 -> 
  custom:framework-win-MediaFoundation: 216162199b28c13a410421893ffa2e32 -> 
  custom:SearchIndexIgnoredProperties: e643bd26f0fe6173181afceb89e7c659 -> 
  custom:container-demuxer-ogg: 62fdf1f143b41e24485cea50d1cbac27 -> 
  custom:video-decoder-webm-vp8: 9c59270c3fd7afecdb556c50c9e8de78 -> 
  custom:audio-decoder-ogg-vorbis: bf7c407c2cedff20999df2af8eb42d56 -> 
========================================================================
Received Import Request.
  Time since last request: 7029.535173 seconds.
  path: Assets/asset map/Lifty's Pixel Art Pack/Pixel Art Pack/Decorations/Stal.png
  artifactKey: Guid(4fab046e777af994f8c4dd799e128b4e) Importer(815301076,1909f56bfc062723c751e8b465ee728b)
Number of updated assets reloaded before import = 0
Start importing Assets/asset map/Lifty's Pixel Art Pack/Pixel Art Pack/Decorations/Stal.png using Guid(4fab046e777af994f8c4dd799e128b4e) Importer(815301076,1909f56bfc062723c751e8b465ee728b)  -> (artifact id: 'c45c701f04fb88da04c62a0f11d73fac') in 0.675122 seconds 
Number of asset objects unloaded after import = 3
========================================================================
Received Import Request.
  Time since last request: 0.000180 seconds.
  path: Assets/asset map/Lifty's Pixel Art Pack/Pixel Art Pack/Decorations/Stal2.png
  artifactKey: Guid(d97b1e7513b95274c9a04f106c4c00d8) Importer(815301076,1909f56bfc062723c751e8b465ee728b)
Number of updated assets reloaded before import = 0
Start importing Assets/asset map/Lifty's Pixel Art Pack/Pixel Art Pack/Decorations/Stal2.png using Guid(d97b1e7513b95274c9a04f106c4c00d8) Importer(815301076,1909f56bfc062723c751e8b465ee728b)  -> (artifact id: '5a2c633ce06fe3fe54c4aff4c43385ce') in 0.039839 seconds 
Number of asset objects unloaded after import = 3
========================================================================
Received Import Request.
  Time since last request: 0.000065 seconds.
  path: Assets/asset map/Lifty's Pixel Art Pack/Pixel Art Pack/Decorations/Web.png
  artifactKey: Guid(9c50f50f8faabb943b9d9c0f32a79ac6) Importer(815301076,1909f56bfc062723c751e8b465ee728b)
Number of updated assets reloaded before import = 0
Start importing Assets/asset map/Lifty's Pixel Art Pack/Pixel Art Pack/Decorations/Web.png using Guid(9c50f50f8faabb943b9d9c0f32a79ac6) Importer(815301076,1909f56bfc062723c751e8b465ee728b)  -> (artifact id: '276ae0407faf0f616b67a8b17616f4b2') in 0.042144 seconds 
Number of asset objects unloaded after import = 3
========================================================================
Received Import Request.
  Time since last request: 0.000039 seconds.
  path: Assets/asset map/Lifty's Pixel Art Pack/Pixel Art Pack/Decorations/Stal3.png
  artifactKey: Guid(335f1d5b390858145aece052fbab01d2) Importer(815301076,1909f56bfc062723c751e8b465ee728b)
Number of updated assets reloaded before import = 0
Start importing Assets/asset map/Lifty's Pixel Art Pack/Pixel Art Pack/Decorations/Stal3.png using Guid(335f1d5b390858145aece052fbab01d2) Importer(815301076,1909f56bfc062723c751e8b465ee728b)  -> (artifact id: 'b8727fae7760625e95341a67712a2914') in 0.037512 seconds 
Number of asset objects unloaded after import = 3
========================================================================
Received Import Request.
  Time since last request: 10.855407 seconds.
  path: Assets/asset map/Lifty's Pixel Art Pack/Pixel Art Pack/Decorations/Campfire/Campfire_Burn.png
  artifactKey: Guid(b49b536c53f550242819bce2438e9916) Importer(815301076,1909f56bfc062723c751e8b465ee728b)
Number of updated assets reloaded before import = 0
Start importing Assets/asset map/Lifty's Pixel Art Pack/Pixel Art Pack/Decorations/Campfire/Campfire_Burn.png using Guid(b49b536c53f550242819bce2438e9916) Importer(815301076,1909f56bfc062723c751e8b465ee728b)  -> (artifact id: 'bff843fb9424af014e63f39f0a97c98b') in 0.058001 seconds 
Number of asset objects unloaded after import = 3
========================================================================
Received Import Request.
  Time since last request: 1.447029 seconds.
  path: Assets/asset map/Lifty's Pixel Art Pack/Pixel Art Pack/Misc/Button2.png
  artifactKey: Guid(1d13b945d215bca40bac5da1ffe7ef8a) Importer(815301076,1909f56bfc062723c751e8b465ee728b)
Number of updated assets reloaded before import = 0
Start importing Assets/asset map/Lifty's Pixel Art Pack/Pixel Art Pack/Misc/Button2.png using Guid(1d13b945d215bca40bac5da1ffe7ef8a) Importer(815301076,1909f56bfc062723c751e8b465ee728b)  -> (artifact id: '243fbca6a2a011f318307b23d2717e0f') in 0.098025 seconds 
Number of asset objects unloaded after import = 3
========================================================================
Received Import Request.
  Time since last request: 0.000032 seconds.
  path: Assets/asset map/Lifty's Pixel Art Pack/Pixel Art Pack/Misc/JumpPad9.png
  artifactKey: Guid(69c47168109348c4487713fa95ec06fa) Importer(815301076,1909f56bfc062723c751e8b465ee728b)
Number of updated assets reloaded before import = 0
Start importing Assets/asset map/Lifty's Pixel Art Pack/Pixel Art Pack/Misc/JumpPad9.png using Guid(69c47168109348c4487713fa95ec06fa) Importer(815301076,1909f56bfc062723c751e8b465ee728b)  -> (artifact id: 'f8622040ff1ffbc5e16605c469a1be08') in 0.073066 seconds 
Number of asset objects unloaded after import = 3
========================================================================
Received Import Request.
  Time since last request: 0.000041 seconds.
  path: Assets/asset map/Lifty's Pixel Art Pack/Pixel Art Pack/Misc/JumpPad7.png
  artifactKey: Guid(869614968bd202146b449c2fd62736ee) Importer(815301076,1909f56bfc062723c751e8b465ee728b)
Number of updated assets reloaded before import = 0
Start importing Assets/asset map/Lifty's Pixel Art Pack/Pixel Art Pack/Misc/JumpPad7.png using Guid(869614968bd202146b449c2fd62736ee) Importer(815301076,1909f56bfc062723c751e8b465ee728b)  -> (artifact id: 'ce1f6ef9c65f9d8a85c3bc20968c668c') in 0.063311 seconds 
Number of asset objects unloaded after import = 3
========================================================================
Received Import Request.
  Time since last request: 0.000455 seconds.
  path: Assets/asset map/Lifty's Pixel Art Pack/Pixel Art Pack/Misc/JumpPad5.png
  artifactKey: Guid(0092c87298eff174398f54bd04d016b3) Importer(815301076,1909f56bfc062723c751e8b465ee728b)
Number of updated assets reloaded before import = 0
Start importing Assets/asset map/Lifty's Pixel Art Pack/Pixel Art Pack/Misc/JumpPad5.png using Guid(0092c87298eff174398f54bd04d016b3) Importer(815301076,1909f56bfc062723c751e8b465ee728b)  -> (artifact id: '16b7eea26f8d8b8d44ad4135d257c0c4') in 0.047612 seconds 
Number of asset objects unloaded after import = 3
========================================================================
Received Import Request.
  Time since last request: 0.000035 seconds.
  path: Assets/asset map/Lifty's Pixel Art Pack/Pixel Art Pack/Misc/CircularSaw3.png
  artifactKey: Guid(8bfa72b363d433c4c9554ecc789547c5) Importer(815301076,1909f56bfc062723c751e8b465ee728b)
Number of updated assets reloaded before import = 0
Start importing Assets/asset map/Lifty's Pixel Art Pack/Pixel Art Pack/Misc/CircularSaw3.png using Guid(8bfa72b363d433c4c9554ecc789547c5) Importer(815301076,1909f56bfc062723c751e8b465ee728b)  -> (artifact id: '0d37d596647b14a63d711147b81b14a4') in 0.046770 seconds 
Number of asset objects unloaded after import = 3
========================================================================
Received Import Request.
  Time since last request: 0.000031 seconds.
  path: Assets/asset map/Lifty's Pixel Art Pack/Pixel Art Pack/Misc/JumpPad6.png
  artifactKey: Guid(9409ad274fbd7d34f944d5858c2a7ddc) Importer(815301076,1909f56bfc062723c751e8b465ee728b)
Number of updated assets reloaded before import = 0
Start importing Assets/asset map/Lifty's Pixel Art Pack/Pixel Art Pack/Misc/JumpPad6.png using Guid(9409ad274fbd7d34f944d5858c2a7ddc) Importer(815301076,1909f56bfc062723c751e8b465ee728b)  -> (artifact id: '5a20ed9e49f7019216d577bcdca6010c') in 0.041859 seconds 
Number of asset objects unloaded after import = 3
========================================================================
Received Import Request.
  Time since last request: 0.000031 seconds.
  path: Assets/asset map/Lifty's Pixel Art Pack/Pixel Art Pack/Misc/CheckPoint2.png
  artifactKey: Guid(d9e0e448f26cd324a9b2386d74d3b00c) Importer(815301076,1909f56bfc062723c751e8b465ee728b)
Number of updated assets reloaded before import = 0
Start importing Assets/asset map/Lifty's Pixel Art Pack/Pixel Art Pack/Misc/CheckPoint2.png using Guid(d9e0e448f26cd324a9b2386d74d3b00c) Importer(815301076,1909f56bfc062723c751e8b465ee728b)  -> (artifact id: 'f9fe2cd0525faeb574cf754d0a447439') in 0.046559 seconds 
Number of asset objects unloaded after import = 3
Editor requested this worker to shutdown with reason: Scaling down because of idle timeout
AssetImportWorker is now disconnected from the server
Process exiting
Exiting without the bug reporter. Application will terminate with return code 0