Using pre-set license
Built from '2021.3/staging' branch; Version is '2021.3.30f1 (b4360d7cdac4) revision 11810317'; Using compiler version '192829333'; Build Type 'Release'
OS: 'Windows 11  (10.0.22621) 64bit Core' Language: 'fr' Physical Memory: 10101 MB
BatchMode: 1, IsHumanControllingUs: 0, StartBugReporterOnCrash: 0, Is64bit: 1, IsPro: 1

COMMAND LINE ARGUMENTS:
C:\Program Files\Unity\Hub\Editor\2021.3.30f1\Editor\Unity.exe
-adb2
-batchMode
-noUpm
-name
AssetImportWorker0
-projectPath
C:/Users/lemou/OneDrive/Bureau/hackaton/Yarcade/My project
-logFile
Logs/AssetImportWorker0.log
-srvPort
49322
Successfully changed project path to: C:/Users/lemou/OneDrive/Bureau/hackaton/Yarcade/My project
C:/Users/lemou/OneDrive/Bureau/hackaton/Yarcade/My project
[UnityMemory] Configuration Parameters - Can be set up in boot.config
    "memorysetup-bucket-allocator-granularity=16"
    "memorysetup-bucket-allocator-bucket-count=8"
    "memorysetup-bucket-allocator-block-size=33554432"
    "memorysetup-bucket-allocator-block-count=8"
    "memorysetup-main-allocator-block-size=16777216"
    "memorysetup-thread-allocator-block-size=16777216"
    "memorysetup-gfx-main-allocator-block-size=16777216"
    "memorysetup-gfx-thread-allocator-block-size=16777216"
    "memorysetup-cache-allocator-block-size=4194304"
    "memorysetup-typetree-allocator-block-size=2097152"
    "memorysetup-profiler-bucket-allocator-granularity=16"
    "memorysetup-profiler-bucket-allocator-bucket-count=8"
    "memorysetup-profiler-bucket-allocator-block-size=33554432"
    "memorysetup-profiler-bucket-allocator-block-count=8"
    "memorysetup-profiler-allocator-block-size=16777216"
    "memorysetup-profiler-editor-allocator-block-size=1048576"
    "memorysetup-temp-allocator-size-main=16777216"
    "memorysetup-job-temp-allocator-block-size=2097152"
    "memorysetup-job-temp-allocator-block-size-background=1048576"
    "memorysetup-job-temp-allocator-reduction-small-platforms=262144"
    "memorysetup-temp-allocator-size-background-worker=32768"
    "memorysetup-temp-allocator-size-job-worker=262144"
    "memorysetup-temp-allocator-size-preload-manager=33554432"
    "memorysetup-temp-allocator-size-nav-mesh-worker=65536"
    "memorysetup-temp-allocator-size-audio-worker=65536"
    "memorysetup-temp-allocator-size-cloud-worker=32768"
    "memorysetup-temp-allocator-size-gi-baking-worker=262144"
    "memorysetup-temp-allocator-size-gfx=262144"
Player connection [8572] Host "[IP] 169.254.142.10 [Port] 0 [Flags] 2 [Guid] 3463565762 [EditorId] 3463565762 [Version] 1048832 [Id] WindowsEditor(7,LAPTOP-JMUSG57S) [Debug] 1 [PackageName] WindowsEditor [ProjectName] Editor" joined multi-casting on [225.0.0.222:54997]...

Player connection [8572] Host "[IP] 169.254.142.10 [Port] 0 [Flags] 2 [Guid] 3463565762 [EditorId] 3463565762 [Version] 1048832 [Id] WindowsEditor(7,LAPTOP-JMUSG57S) [Debug] 1 [PackageName] WindowsEditor [ProjectName] Editor" joined alternative multi-casting on [225.0.0.222:34997]...

[Physics::Module] Initialized MultithreadedJobDispatcher with {0} workers.
Refreshing native plugins compatible for Editor in 100.84 ms, found 4 plugins.
Preloading 0 native plugins for Editor in 0.00 ms.
Initialize engine version: 2021.3.30f1 (b4360d7cdac4)
[Subsystems] Discovering subsystems at path C:/Program Files/Unity/Hub/Editor/2021.3.30f1/Editor/Data/Resources/UnitySubsystems
[Subsystems] Discovering subsystems at path C:/Users/lemou/OneDrive/Bureau/hackaton/Yarcade/My project/Assets
GfxDevice: creating device client; threaded=0; jobified=0
Direct3D:
    Version:  Direct3D 11.0 [level 11.1]
    Renderer: AMD Radeon(TM) Graphics (ID=0x164c)
    Vendor:   ATI
    VRAM:     5050 MB
    Driver:   31.0.12044.56000
Initialize mono
Mono path[0] = 'C:/Program Files/Unity/Hub/Editor/2021.3.30f1/Editor/Data/Managed'
Mono path[1] = 'C:/Program Files/Unity/Hub/Editor/2021.3.30f1/Editor/Data/MonoBleedingEdge/lib/mono/unityjit-win32'
Mono config path = 'C:/Program Files/Unity/Hub/Editor/2021.3.30f1/Editor/Data/MonoBleedingEdge/etc'
Using monoOptions --debugger-agent=transport=dt_socket,embedding=1,server=y,suspend=n,address=127.0.0.1:56488
Begin MonoManager ReloadAssembly
Registering precompiled unity dll's ...
Register platform support module: C:/Program Files/Unity/Hub/Editor/2021.3.30f1/Editor/Data/PlaybackEngines/WebGLSupport/UnityEditor.WebGL.Extensions.dll
Register platform support module: C:/Program Files/Unity/Hub/Editor/2021.3.30f1/Editor/Data/PlaybackEngines/WindowsStandaloneSupport/UnityEditor.WindowsStandalone.Extensions.dll
Registered in 0.005443 seconds.
Native extension for WindowsStandalone target not found
Native extension for WebGL target not found
Refreshing native plugins compatible for Editor in 86.29 ms, found 4 plugins.
Preloading 0 native plugins for Editor in 0.00 ms.
Mono: successfully reloaded assembly
- Completed reload, in  0.812 seconds
Domain Reload Profiling:
	ReloadAssembly (813ms)
		BeginReloadAssembly (150ms)
			ExecutionOrderSort (0ms)
			DisableScriptedObjects (0ms)
			BackupInstance (0ms)
			ReleaseScriptingObjects (0ms)
			CreateAndSetChildDomain (2ms)
		EndReloadAssembly (548ms)
			LoadAssemblies (147ms)
			RebuildTransferFunctionScriptingTraits (0ms)
			SetupTypeCache (159ms)
			ReleaseScriptCaches (0ms)
			RebuildScriptCaches (35ms)
			SetupLoadedEditorAssemblies (301ms)
				LogAssemblyErrors (0ms)
				InitializePlatformSupportModulesInManaged (10ms)
				SetLoadedEditorAssemblies (0ms)
				RefreshPlugins (86ms)
				BeforeProcessingInitializeOnLoad (2ms)
				ProcessInitializeOnLoadAttributes (152ms)
				ProcessInitializeOnLoadMethodAttributes (51ms)
				AfterProcessingInitializeOnLoad (0ms)
				EditorAssembliesLoaded (0ms)
			ExecutionOrderSort2 (0ms)
			AwakeInstancesAfterBackupRestoration (0ms)
Platform modules already initialized, skipping
Registering precompiled user dll's ...
Registered in 0.005491 seconds.
Begin MonoManager ReloadAssembly
Native extension for WindowsStandalone target not found
Native extension for WebGL target not found
Refreshing native plugins compatible for Editor in 85.06 ms, found 4 plugins.
Preloading 0 native plugins for Editor in 0.00 ms.
Package Manager log level set to [2]
[Package Manager] Server::EnsureServerProcessIsRunning -- launch failed, reason: Unity was launched with the -noUpm command-line argument
[Package Manager] Cannot connect to Unity Package Manager local server
Mono: successfully reloaded assembly
- Completed reload, in  1.750 seconds
Domain Reload Profiling:
	ReloadAssembly (1751ms)
		BeginReloadAssembly (127ms)
			ExecutionOrderSort (0ms)
			DisableScriptedObjects (5ms)
			BackupInstance (0ms)
			ReleaseScriptingObjects (0ms)
			CreateAndSetChildDomain (22ms)
		EndReloadAssembly (1526ms)
			LoadAssemblies (115ms)
			RebuildTransferFunctionScriptingTraits (0ms)
			SetupTypeCache (409ms)
			ReleaseScriptCaches (1ms)
			RebuildScriptCaches (69ms)
			SetupLoadedEditorAssemblies (899ms)
				LogAssemblyErrors (0ms)
				InitializePlatformSupportModulesInManaged (5ms)
				SetLoadedEditorAssemblies (0ms)
				RefreshPlugins (85ms)
				BeforeProcessingInitializeOnLoad (91ms)
				ProcessInitializeOnLoadAttributes (664ms)
				ProcessInitializeOnLoadMethodAttributes (47ms)
				AfterProcessingInitializeOnLoad (6ms)
				EditorAssembliesLoaded (0ms)
			ExecutionOrderSort2 (0ms)
			AwakeInstancesAfterBackupRestoration (6ms)
Platform modules already initialized, skipping
========================================================================
Worker process is ready to serve import requests
Launched and connected shader compiler UnityShaderCompiler.exe after 0.08 seconds
Refreshing native plugins compatible for Editor in 1.14 ms, found 4 plugins.
Preloading 0 native plugins for Editor in 0.00 ms.
Unloading 4194 Unused Serialized files (Serialized files now loaded: 0)
Unloading 38 unused Assets / (46.8 KB). Loaded Objects now: 4655.
Memory consumption went from 161.5 MB to 161.4 MB.
Total: 5.786900 ms (FindLiveObjects: 0.587600 ms CreateObjectMapping: 0.300400 ms MarkObjects: 4.684700 ms  DeleteObjects: 0.212000 ms)

AssetImportParameters requested are different than current active one (requested -> active):
  custom:video-decoder-ogg-theora: a1e56fd34408186e4bbccfd4996cb3dc -> 
  custom:container-muxer-webm: aa71ff27fc2769a1b78a27578f13a17b -> 
  custom:container-demuxer-webm: 4f35f7cbe854078d1ac9338744f61a02 -> 
  custom:video-encoder-webm-vp8: eb34c28f22e8b96e1ab97ce403110664 -> 
  custom:video-codec-MediaFoundation-h265: 746d11721c4dcdbdad8f713fa42b33f4 -> 
  custom:audio-encoder-webm-vorbis: bf7c407c2cedff20999df2af8eb42d56 -> 
  custom:framework-win-MediaFoundation: 216162199b28c13a410421893ffa2e32 -> 
  custom:container-demuxer-ogg: 62fdf1f143b41e24485cea50d1cbac27 -> 
  custom:video-decoder-webm-vp8: 9c59270c3fd7afecdb556c50c9e8de78 -> 
  custom:audio-decoder-ogg-vorbis: bf7c407c2cedff20999df2af8eb42d56 -> 
========================================================================
Received Import Request.
  Time since last request: 264183.632067 seconds.
  path: Assets/Scenes/Niveau 2.unity
  artifactKey: Guid(4fb909241f55a664abbc9e16df02e384) Importer(815301076,1909f56bfc062723c751e8b465ee728b)
Number of updated assets reloaded before import = 0
Start importing Assets/Scenes/Niveau 2.unity using Guid(4fb909241f55a664abbc9e16df02e384) Importer(815301076,1909f56bfc062723c751e8b465ee728b)  -> (artifact id: 'd099ee236aa72988b839305d005ebbf4') in 0.016479 seconds 
Number of asset objects unloaded after import = 0
========================================================================
Received Prepare
Registering precompiled user dll's ...
Registered in 0.004834 seconds.
Begin MonoManager ReloadAssembly
Native extension for WindowsStandalone target not found
Native extension for WebGL target not found
Refreshing native plugins compatible for Editor in 1.23 ms, found 4 plugins.
Preloading 0 native plugins for Editor in 0.00 ms.
[Package Manager] Server::EnsureServerProcessIsRunning -- launch failed, reason: Unity was launched with the -noUpm command-line argument
[Package Manager] Cannot connect to Unity Package Manager local server
Mono: successfully reloaded assembly
- Completed reload, in  1.626 seconds
Domain Reload Profiling:
	ReloadAssembly (1626ms)
		BeginReloadAssembly (157ms)
			ExecutionOrderSort (0ms)
			DisableScriptedObjects (7ms)
			BackupInstance (0ms)
			ReleaseScriptingObjects (0ms)
			CreateAndSetChildDomain (42ms)
		EndReloadAssembly (1382ms)
			LoadAssemblies (109ms)
			RebuildTransferFunctionScriptingTraits (0ms)
			SetupTypeCache (309ms)
			ReleaseScriptCaches (2ms)
			RebuildScriptCaches (67ms)
			SetupLoadedEditorAssemblies (836ms)
				LogAssemblyErrors (0ms)
				InitializePlatformSupportModulesInManaged (9ms)
				SetLoadedEditorAssemblies (1ms)
				RefreshPlugins (1ms)
				BeforeProcessingInitializeOnLoad (87ms)
				ProcessInitializeOnLoadAttributes (680ms)
				ProcessInitializeOnLoadMethodAttributes (51ms)
				AfterProcessingInitializeOnLoad (6ms)
				EditorAssembliesLoaded (0ms)
			ExecutionOrderSort2 (0ms)
			AwakeInstancesAfterBackupRestoration (8ms)
Platform modules already initialized, skipping
Refreshing native plugins compatible for Editor in 1.28 ms, found 4 plugins.
Preloading 0 native plugins for Editor in 0.00 ms.
Unloading 4170 Unused Serialized files (Serialized files now loaded: 0)
Unloading 25 unused Assets / (21.9 KB). Loaded Objects now: 4658.
Memory consumption went from 159.2 MB to 159.2 MB.
Total: 7.817000 ms (FindLiveObjects: 0.796600 ms CreateObjectMapping: 0.187500 ms MarkObjects: 6.788000 ms  DeleteObjects: 0.042100 ms)

AssetImportParameters requested are different than current active one (requested -> active):
  custom:video-decoder-ogg-theora: a1e56fd34408186e4bbccfd4996cb3dc -> 
  custom:container-muxer-webm: aa71ff27fc2769a1b78a27578f13a17b -> 
  custom:container-demuxer-webm: 4f35f7cbe854078d1ac9338744f61a02 -> 
  custom:video-encoder-webm-vp8: eb34c28f22e8b96e1ab97ce403110664 -> 
  custom:video-codec-MediaFoundation-h265: 746d11721c4dcdbdad8f713fa42b33f4 -> 
  custom:CustomObjectIndexerAttribute: bc11b3a6c3213fcdd17b65e7da85e133 -> 
  custom:audio-encoder-webm-vorbis: bf7c407c2cedff20999df2af8eb42d56 -> 
  custom:framework-win-MediaFoundation: 216162199b28c13a410421893ffa2e32 -> 
  custom:SearchIndexIgnoredProperties: e643bd26f0fe6173181afceb89e7c659 -> 
  custom:container-demuxer-ogg: 62fdf1f143b41e24485cea50d1cbac27 -> 
  custom:video-decoder-webm-vp8: 9c59270c3fd7afecdb556c50c9e8de78 -> 
  custom:audio-decoder-ogg-vorbis: bf7c407c2cedff20999df2af8eb42d56 -> 
========================================================================
Received Prepare
Registering precompiled user dll's ...
Registered in 0.004638 seconds.
Begin MonoManager ReloadAssembly
Native extension for WindowsStandalone target not found
Native extension for WebGL target not found
Refreshing native plugins compatible for Editor in 2.21 ms, found 4 plugins.
Preloading 0 native plugins for Editor in 0.00 ms.
[Package Manager] Server::EnsureServerProcessIsRunning -- launch failed, reason: Unity was launched with the -noUpm command-line argument
[Package Manager] Cannot connect to Unity Package Manager local server
Mono: successfully reloaded assembly
- Completed reload, in  1.644 seconds
Domain Reload Profiling:
	ReloadAssembly (1645ms)
		BeginReloadAssembly (158ms)
			ExecutionOrderSort (0ms)
			DisableScriptedObjects (7ms)
			BackupInstance (0ms)
			ReleaseScriptingObjects (0ms)
			CreateAndSetChildDomain (45ms)
		EndReloadAssembly (1396ms)
			LoadAssemblies (104ms)
			RebuildTransferFunctionScriptingTraits (0ms)
			SetupTypeCache (285ms)
			ReleaseScriptCaches (3ms)
			RebuildScriptCaches (66ms)
			SetupLoadedEditorAssemblies (896ms)
				LogAssemblyErrors (0ms)
				InitializePlatformSupportModulesInManaged (7ms)
				SetLoadedEditorAssemblies (1ms)
				RefreshPlugins (2ms)
				BeforeProcessingInitializeOnLoad (89ms)
				ProcessInitializeOnLoadAttributes (737ms)
				ProcessInitializeOnLoadMethodAttributes (54ms)
				AfterProcessingInitializeOnLoad (5ms)
				EditorAssembliesLoaded (0ms)
			ExecutionOrderSort2 (0ms)
			AwakeInstancesAfterBackupRestoration (9ms)
Platform modules already initialized, skipping
Refreshing native plugins compatible for Editor in 2.06 ms, found 4 plugins.
Preloading 0 native plugins for Editor in 0.00 ms.
Unloading 4170 Unused Serialized files (Serialized files now loaded: 0)
Unloading 25 unused Assets / (23.0 KB). Loaded Objects now: 4661.
Memory consumption went from 159.2 MB to 159.2 MB.
Total: 6.648400 ms (FindLiveObjects: 0.943400 ms CreateObjectMapping: 0.183800 ms MarkObjects: 5.364200 ms  DeleteObjects: 0.154100 ms)

AssetImportParameters requested are different than current active one (requested -> active):
  custom:video-decoder-ogg-theora: a1e56fd34408186e4bbccfd4996cb3dc -> 
  custom:container-muxer-webm: aa71ff27fc2769a1b78a27578f13a17b -> 
  custom:container-demuxer-webm: 4f35f7cbe854078d1ac9338744f61a02 -> 
  custom:video-encoder-webm-vp8: eb34c28f22e8b96e1ab97ce403110664 -> 
  custom:video-codec-MediaFoundation-h265: 746d11721c4dcdbdad8f713fa42b33f4 -> 
  custom:CustomObjectIndexerAttribute: bc11b3a6c3213fcdd17b65e7da85e133 -> 
  custom:audio-encoder-webm-vorbis: bf7c407c2cedff20999df2af8eb42d56 -> 
  custom:framework-win-MediaFoundation: 216162199b28c13a410421893ffa2e32 -> 
  custom:SearchIndexIgnoredProperties: e643bd26f0fe6173181afceb89e7c659 -> 
  custom:container-demuxer-ogg: 62fdf1f143b41e24485cea50d1cbac27 -> 
  custom:video-decoder-webm-vp8: 9c59270c3fd7afecdb556c50c9e8de78 -> 
  custom:audio-decoder-ogg-vorbis: bf7c407c2cedff20999df2af8eb42d56 -> 
========================================================================
Received Prepare
Registering precompiled user dll's ...
Registered in 0.005337 seconds.
Begin MonoManager ReloadAssembly
Native extension for WindowsStandalone target not found
Native extension for WebGL target not found
Refreshing native plugins compatible for Editor in 1.05 ms, found 4 plugins.
Preloading 0 native plugins for Editor in 0.00 ms.
[Package Manager] Server::EnsureServerProcessIsRunning -- launch failed, reason: Unity was launched with the -noUpm command-line argument
[Package Manager] Cannot connect to Unity Package Manager local server
Mono: successfully reloaded assembly
- Completed reload, in  1.597 seconds
Domain Reload Profiling:
	ReloadAssembly (1599ms)
		BeginReloadAssembly (153ms)
			ExecutionOrderSort (0ms)
			DisableScriptedObjects (9ms)
			BackupInstance (0ms)
			ReleaseScriptingObjects (0ms)
			CreateAndSetChildDomain (42ms)
		EndReloadAssembly (1353ms)
			LoadAssemblies (101ms)
			RebuildTransferFunctionScriptingTraits (0ms)
			SetupTypeCache (280ms)
			ReleaseScriptCaches (2ms)
			RebuildScriptCaches (66ms)
			SetupLoadedEditorAssemblies (842ms)
				LogAssemblyErrors (0ms)
				InitializePlatformSupportModulesInManaged (7ms)
				SetLoadedEditorAssemblies (1ms)
				RefreshPlugins (1ms)
				BeforeProcessingInitializeOnLoad (87ms)
				ProcessInitializeOnLoadAttributes (685ms)
				ProcessInitializeOnLoadMethodAttributes (56ms)
				AfterProcessingInitializeOnLoad (5ms)
				EditorAssembliesLoaded (0ms)
			ExecutionOrderSort2 (0ms)
			AwakeInstancesAfterBackupRestoration (10ms)
Platform modules already initialized, skipping
Refreshing native plugins compatible for Editor in 1.51 ms, found 4 plugins.
Preloading 0 native plugins for Editor in 0.00 ms.
Unloading 4170 Unused Serialized files (Serialized files now loaded: 0)
Unloading 25 unused Assets / (22.0 KB). Loaded Objects now: 4664.
Memory consumption went from 159.2 MB to 159.2 MB.
Total: 7.938200 ms (FindLiveObjects: 0.891900 ms CreateObjectMapping: 0.584800 ms MarkObjects: 6.330500 ms  DeleteObjects: 0.127700 ms)

AssetImportParameters requested are different than current active one (requested -> active):
  custom:video-decoder-ogg-theora: a1e56fd34408186e4bbccfd4996cb3dc -> 
  custom:container-muxer-webm: aa71ff27fc2769a1b78a27578f13a17b -> 
  custom:container-demuxer-webm: 4f35f7cbe854078d1ac9338744f61a02 -> 
  custom:video-encoder-webm-vp8: eb34c28f22e8b96e1ab97ce403110664 -> 
  custom:video-codec-MediaFoundation-h265: 746d11721c4dcdbdad8f713fa42b33f4 -> 
  custom:CustomObjectIndexerAttribute: bc11b3a6c3213fcdd17b65e7da85e133 -> 
  custom:audio-encoder-webm-vorbis: bf7c407c2cedff20999df2af8eb42d56 -> 
  custom:framework-win-MediaFoundation: 216162199b28c13a410421893ffa2e32 -> 
  custom:SearchIndexIgnoredProperties: e643bd26f0fe6173181afceb89e7c659 -> 
  custom:container-demuxer-ogg: 62fdf1f143b41e24485cea50d1cbac27 -> 
  custom:video-decoder-webm-vp8: 9c59270c3fd7afecdb556c50c9e8de78 -> 
  custom:audio-decoder-ogg-vorbis: bf7c407c2cedff20999df2af8eb42d56 -> 
========================================================================
Received Prepare
Registering precompiled user dll's ...
Registered in 0.005458 seconds.
Begin MonoManager ReloadAssembly
Native extension for WindowsStandalone target not found
Native extension for WebGL target not found
Refreshing native plugins compatible for Editor in 2.49 ms, found 4 plugins.
Preloading 0 native plugins for Editor in 0.00 ms.
[Package Manager] Server::EnsureServerProcessIsRunning -- launch failed, reason: Unity was launched with the -noUpm command-line argument
[Package Manager] Cannot connect to Unity Package Manager local server
Mono: successfully reloaded assembly
- Completed reload, in  1.681 seconds
Domain Reload Profiling:
	ReloadAssembly (1682ms)
		BeginReloadAssembly (156ms)
			ExecutionOrderSort (0ms)
			DisableScriptedObjects (6ms)
			BackupInstance (0ms)
			ReleaseScriptingObjects (0ms)
			CreateAndSetChildDomain (43ms)
		EndReloadAssembly (1424ms)
			LoadAssemblies (125ms)
			RebuildTransferFunctionScriptingTraits (0ms)
			SetupTypeCache (316ms)
			ReleaseScriptCaches (2ms)
			RebuildScriptCaches (64ms)
			SetupLoadedEditorAssemblies (871ms)
				LogAssemblyErrors (0ms)
				InitializePlatformSupportModulesInManaged (12ms)
				SetLoadedEditorAssemblies (1ms)
				RefreshPlugins (3ms)
				BeforeProcessingInitializeOnLoad (88ms)
				ProcessInitializeOnLoadAttributes (709ms)
				ProcessInitializeOnLoadMethodAttributes (51ms)
				AfterProcessingInitializeOnLoad (6ms)
				EditorAssembliesLoaded (0ms)
			ExecutionOrderSort2 (0ms)
			AwakeInstancesAfterBackupRestoration (10ms)
Platform modules already initialized, skipping
Refreshing native plugins compatible for Editor in 1.82 ms, found 4 plugins.
Preloading 0 native plugins for Editor in 0.00 ms.
Unloading 4170 Unused Serialized files (Serialized files now loaded: 0)
Unloading 25 unused Assets / (22.0 KB). Loaded Objects now: 4667.
Memory consumption went from 159.2 MB to 159.2 MB.
Total: 5.888300 ms (FindLiveObjects: 0.908400 ms CreateObjectMapping: 0.200000 ms MarkObjects: 4.724700 ms  DeleteObjects: 0.053600 ms)

AssetImportParameters requested are different than current active one (requested -> active):
  custom:video-decoder-ogg-theora: a1e56fd34408186e4bbccfd4996cb3dc -> 
  custom:container-muxer-webm: aa71ff27fc2769a1b78a27578f13a17b -> 
  custom:container-demuxer-webm: 4f35f7cbe854078d1ac9338744f61a02 -> 
  custom:video-encoder-webm-vp8: eb34c28f22e8b96e1ab97ce403110664 -> 
  custom:video-codec-MediaFoundation-h265: 746d11721c4dcdbdad8f713fa42b33f4 -> 
  custom:CustomObjectIndexerAttribute: bc11b3a6c3213fcdd17b65e7da85e133 -> 
  custom:audio-encoder-webm-vorbis: bf7c407c2cedff20999df2af8eb42d56 -> 
  custom:framework-win-MediaFoundation: 216162199b28c13a410421893ffa2e32 -> 
  custom:SearchIndexIgnoredProperties: e643bd26f0fe6173181afceb89e7c659 -> 
  custom:container-demuxer-ogg: 62fdf1f143b41e24485cea50d1cbac27 -> 
  custom:video-decoder-webm-vp8: 9c59270c3fd7afecdb556c50c9e8de78 -> 
  custom:audio-decoder-ogg-vorbis: bf7c407c2cedff20999df2af8eb42d56 -> 
========================================================================
Received Import Request.
  Time since last request: 1129.346434 seconds.
  path: Assets/Scenes/Niveau 2.unity
  artifactKey: Guid(4fb909241f55a664abbc9e16df02e384) Importer(815301076,1909f56bfc062723c751e8b465ee728b)
Number of updated assets reloaded before import = 0
Start importing Assets/Scenes/Niveau 2.unity using Guid(4fb909241f55a664abbc9e16df02e384) Importer(815301076,1909f56bfc062723c751e8b465ee728b)  -> (artifact id: '30db681615cbc2add649b25efe7d8758') in 0.023100 seconds 
Number of asset objects unloaded after import = 0
========================================================================
Received Import Request.
  Time since last request: 924.036138 seconds.
  path: Assets/Treasure Hunters
  artifactKey: Guid(82ae499a00ff9394999176aca3a42649) Importer(815301076,1909f56bfc062723c751e8b465ee728b)
Number of updated assets reloaded before import = 0
Start importing Assets/Treasure Hunters using Guid(82ae499a00ff9394999176aca3a42649) Importer(815301076,1909f56bfc062723c751e8b465ee728b)  -> (artifact id: 'bb00e88995f8bdbcd0a937ef7051336a') in 0.010723 seconds 
Number of asset objects unloaded after import = 0
========================================================================
Received Import Request.
  Time since last request: 1.992060 seconds.
  path: Assets/Treasure Hunters/Wood and Paper UI
  artifactKey: Guid(255b63aa547a03547ba2df22702e8f88) Importer(815301076,1909f56bfc062723c751e8b465ee728b)
Number of updated assets reloaded before import = 0
Start importing Assets/Treasure Hunters/Wood and Paper UI using Guid(255b63aa547a03547ba2df22702e8f88) Importer(815301076,1909f56bfc062723c751e8b465ee728b)  -> (artifact id: '08761a14d65e4fb2a363f06734e71309') in 0.010082 seconds 
Number of asset objects unloaded after import = 0
========================================================================
Received Import Request.
  Time since last request: 1.225758 seconds.
  path: Assets/Treasure Hunters/Wood and Paper UI/Sprites
  artifactKey: Guid(e67574e046978ee4b9161d0425586342) Importer(815301076,1909f56bfc062723c751e8b465ee728b)
Number of updated assets reloaded before import = 0
Start importing Assets/Treasure Hunters/Wood and Paper UI/Sprites using Guid(e67574e046978ee4b9161d0425586342) Importer(815301076,1909f56bfc062723c751e8b465ee728b)  -> (artifact id: '6345b8573cf8aedb50d2b9d03d1f5c12') in 0.010974 seconds 
Number of asset objects unloaded after import = 0
========================================================================
Received Import Request.
  Time since last request: 5.266597 seconds.
  path: Assets/Treasure Hunters/Pirate Ship
  artifactKey: Guid(ca8f860a0e242cd4e924ebb35f1fec5f) Importer(815301076,1909f56bfc062723c751e8b465ee728b)
Number of updated assets reloaded before import = 0
Start importing Assets/Treasure Hunters/Pirate Ship using Guid(ca8f860a0e242cd4e924ebb35f1fec5f) Importer(815301076,1909f56bfc062723c751e8b465ee728b)  -> (artifact id: '4bc1e5db93836efcae4e8523e6e6cee5') in 0.010481 seconds 
Number of asset objects unloaded after import = 0
========================================================================
Received Import Request.
  Time since last request: 1.534209 seconds.
  path: Assets/Treasure Hunters/Pirate Ship/Aseprite/Decorations.aseprite
  artifactKey: Guid(3b813d9e42ba6ea4bbaee2fd537c44c0) Importer(815301076,1909f56bfc062723c751e8b465ee728b)
Number of updated assets reloaded before import = 0
Start importing Assets/Treasure Hunters/Pirate Ship/Aseprite/Decorations.aseprite using Guid(3b813d9e42ba6ea4bbaee2fd537c44c0) Importer(815301076,1909f56bfc062723c751e8b465ee728b)  -> (artifact id: '8c5355299bb37bed5b0d08960572ada7') in 0.586144 seconds 
Number of asset objects unloaded after import = 146
========================================================================
Received Import Request.
  Time since last request: 66.797320 seconds.
  path: Assets/Treasure Hunters/Captain Clown Nose
  artifactKey: Guid(1bb15fc2b1782614eb3c7abba30d1881) Importer(815301076,1909f56bfc062723c751e8b465ee728b)
Number of updated assets reloaded before import = 0
Start importing Assets/Treasure Hunters/Captain Clown Nose using Guid(1bb15fc2b1782614eb3c7abba30d1881) Importer(815301076,1909f56bfc062723c751e8b465ee728b)  -> (artifact id: '8b5f3e5d56259a2e10ed0560928a5d9b') in 0.018868 seconds 
Number of asset objects unloaded after import = 0
========================================================================
Received Import Request.
  Time since last request: 1.613333 seconds.
  path: Assets/Treasure Hunters/Captain Clown Nose/Aseprite/Captain Clown Nose.aseprite
  artifactKey: Guid(2c468386994c8714985c77f6e21b7a2b) Importer(815301076,1909f56bfc062723c751e8b465ee728b)
Number of updated assets reloaded before import = 0
Start importing Assets/Treasure Hunters/Captain Clown Nose/Aseprite/Captain Clown Nose.aseprite using Guid(2c468386994c8714985c77f6e21b7a2b) Importer(815301076,1909f56bfc062723c751e8b465ee728b)  -> (artifact id: '226347070f25b338be837d783a9b8460') in 0.332082 seconds 
Number of asset objects unloaded after import = 139
========================================================================
Received Import Request.
  Time since last request: 14.888080 seconds.
  path: Assets/Treasure Hunters/Wood and Paper UI/Aseprite/Button Cooldown.aseprite
  artifactKey: Guid(56a0eaca7b989b14089dd4e05a48bad9) Importer(815301076,1909f56bfc062723c751e8b465ee728b)
Number of updated assets reloaded before import = 0
Start importing Assets/Treasure Hunters/Wood and Paper UI/Aseprite/Button Cooldown.aseprite using Guid(56a0eaca7b989b14089dd4e05a48bad9) Importer(815301076,1909f56bfc062723c751e8b465ee728b)  -> (artifact id: '1b572fe0218d5f4e37186e40917aa4f2') in 0.088652 seconds 
Number of asset objects unloaded after import = 24
========================================================================
Received Import Request.
  Time since last request: 26.098143 seconds.
  path: Assets/Treasure Hunters/Merchant Ship
  artifactKey: Guid(ee7f966108c1f56488cd763d87d988d0) Importer(815301076,1909f56bfc062723c751e8b465ee728b)
Number of updated assets reloaded before import = 0
Start importing Assets/Treasure Hunters/Merchant Ship using Guid(ee7f966108c1f56488cd763d87d988d0) Importer(815301076,1909f56bfc062723c751e8b465ee728b)  -> (artifact id: '934fc1b4ffa452c68a4dfad247a395d1') in 0.011022 seconds 
Number of asset objects unloaded after import = 0
========================================================================
Received Import Request.
  Time since last request: 1.414181 seconds.
  path: Assets/Treasure Hunters/Merchant Ship/Aseprite/Merchant Ship.aseprite
  artifactKey: Guid(f17092d9e080f8e4bb62ab09a7c5a168) Importer(815301076,1909f56bfc062723c751e8b465ee728b)
Number of updated assets reloaded before import = 0
Start importing Assets/Treasure Hunters/Merchant Ship/Aseprite/Merchant Ship.aseprite using Guid(f17092d9e080f8e4bb62ab09a7c5a168) Importer(815301076,1909f56bfc062723c751e8b465ee728b)  -> (artifact id: '5f689e43b339e8cd47bfbfb392bbc8da') in 0.356661 seconds 
Number of asset objects unloaded after import = 157
========================================================================
Received Import Request.
  Time since last request: 39.005785 seconds.
  path: Assets/Treasure Hunters/Merchant Ship/Sprites
  artifactKey: Guid(0993a3138bc06be40902c69b3d618516) Importer(815301076,1909f56bfc062723c751e8b465ee728b)
Number of updated assets reloaded before import = 0
Start importing Assets/Treasure Hunters/Merchant Ship/Sprites using Guid(0993a3138bc06be40902c69b3d618516) Importer(815301076,1909f56bfc062723c751e8b465ee728b)  -> (artifact id: 'ce13b035b169360338a7ba27fbdd0374') in 0.005761 seconds 
Number of asset objects unloaded after import = 0
========================================================================
Received Import Request.
  Time since last request: 1.623228 seconds.
  path: Assets/Treasure Hunters/Merchant Ship/Sprites/Ship
  artifactKey: Guid(59a70bd549518614ba2d89ab5c0142d5) Importer(815301076,1909f56bfc062723c751e8b465ee728b)
Number of updated assets reloaded before import = 0
Start importing Assets/Treasure Hunters/Merchant Ship/Sprites/Ship using Guid(59a70bd549518614ba2d89ab5c0142d5) Importer(815301076,1909f56bfc062723c751e8b465ee728b)  -> (artifact id: '018564e8674ae6df450249d1f5a477d1') in 0.013164 seconds 
Number of asset objects unloaded after import = 0
========================================================================
Received Import Request.
  Time since last request: 0.815570 seconds.
  path: Assets/Treasure Hunters/Merchant Ship/Sprites/Ship/Ship
  artifactKey: Guid(b4e2b67f970399441a12dd5f79b31e3b) Importer(815301076,1909f56bfc062723c751e8b465ee728b)
Number of updated assets reloaded before import = 0
Start importing Assets/Treasure Hunters/Merchant Ship/Sprites/Ship/Ship using Guid(b4e2b67f970399441a12dd5f79b31e3b) Importer(815301076,1909f56bfc062723c751e8b465ee728b)  -> (artifact id: 'fc820f864e77ac275894bb57c6b0fd40') in 0.002632 seconds 
Number of asset objects unloaded after import = 0
========================================================================
Received Import Request.
  Time since last request: 2.284303 seconds.
  path: Assets/Treasure Hunters/Merchant Ship/Sprites/Ship/Ship/Idle/1.png
  artifactKey: Guid(f697e13d7e200af4cb235d94c376fc94) Importer(815301076,1909f56bfc062723c751e8b465ee728b)
Number of updated assets reloaded before import = 0
Start importing Assets/Treasure Hunters/Merchant Ship/Sprites/Ship/Ship/Idle/1.png using Guid(f697e13d7e200af4cb235d94c376fc94) Importer(815301076,1909f56bfc062723c751e8b465ee728b)  -> (artifact id: 'c31350a0a381671d13448424fcd200a2') in 0.170196 seconds 
Number of asset objects unloaded after import = 3
========================================================================
Received Import Request.
  Time since last request: 0.000080 seconds.
  path: Assets/Treasure Hunters/Merchant Ship/Sprites/Ship/Ship/Idle/5.png
  artifactKey: Guid(60382cc1cf87ac64ebd96370393e9bea) Importer(815301076,1909f56bfc062723c751e8b465ee728b)
Number of updated assets reloaded before import = 0
Start importing Assets/Treasure Hunters/Merchant Ship/Sprites/Ship/Ship/Idle/5.png using Guid(60382cc1cf87ac64ebd96370393e9bea) Importer(815301076,1909f56bfc062723c751e8b465ee728b)  -> (artifact id: 'd3a1c1203e77020d93c98fdfc1887393') in 0.052849 seconds 
Number of asset objects unloaded after import = 3
========================================================================
Received Import Request.
  Time since last request: 0.000097 seconds.
  path: Assets/Treasure Hunters/Merchant Ship/Sprites/Ship/Ship/Idle
  artifactKey: Guid(4d3f97263213fe34b8c43970f5a9be68) Importer(815301076,1909f56bfc062723c751e8b465ee728b)
Number of updated assets reloaded before import = 0
Start importing Assets/Treasure Hunters/Merchant Ship/Sprites/Ship/Ship/Idle using Guid(4d3f97263213fe34b8c43970f5a9be68) Importer(815301076,1909f56bfc062723c751e8b465ee728b)  -> (artifact id: 'd26896a94ab2a36225f71daedae5d5db') in 0.011925 seconds 
Number of asset objects unloaded after import = 0
========================================================================
Received Import Request.
  Time since last request: 0.000092 seconds.
  path: Assets/Treasure Hunters/Merchant Ship/Sprites/Ship/Ship/Idle/3.png
  artifactKey: Guid(d15321c52e3eee1459859ebb56a30e52) Importer(815301076,1909f56bfc062723c751e8b465ee728b)
Number of updated assets reloaded before import = 0
Start importing Assets/Treasure Hunters/Merchant Ship/Sprites/Ship/Ship/Idle/3.png using Guid(d15321c52e3eee1459859ebb56a30e52) Importer(815301076,1909f56bfc062723c751e8b465ee728b)  -> (artifact id: '76639fdcab319569d73ef3b8f42ae066') in 0.054653 seconds 
Number of asset objects unloaded after import = 3
========================================================================
Received Import Request.
  Time since last request: 8.493839 seconds.
  path: Assets/Treasure Hunters/The Crusty Crew
  artifactKey: Guid(5e75b402ae62dcc4fa7b1fde57be23d9) Importer(815301076,1909f56bfc062723c751e8b465ee728b)
Number of updated assets reloaded before import = 0
Start importing Assets/Treasure Hunters/The Crusty Crew using Guid(5e75b402ae62dcc4fa7b1fde57be23d9) Importer(815301076,1909f56bfc062723c751e8b465ee728b)  -> (artifact id: 'a60e04bc946e3c0ba7f5feca344344eb') in 0.011134 seconds 
Number of asset objects unloaded after import = 0
========================================================================
Received Import Request.
  Time since last request: 43.313697 seconds.
  path: Assets/Treasure Hunters/Palm Tree Island/Aseprite/Flag.aseprite
  artifactKey: Guid(60b40901e59e3fd41844bb4f5e5ef026) Importer(815301076,1909f56bfc062723c751e8b465ee728b)
Number of updated assets reloaded before import = 0
Start importing Assets/Treasure Hunters/Palm Tree Island/Aseprite/Flag.aseprite using Guid(60b40901e59e3fd41844bb4f5e5ef026) Importer(815301076,1909f56bfc062723c751e8b465ee728b)  -> (artifact id: '8115101d45bf52e526af3339c481391c') in 0.098955 seconds 
Number of asset objects unloaded after import = 20
========================================================================
Received Import Request.
  Time since last request: 0.000092 seconds.
  path: Assets/Treasure Hunters/Palm Tree Island/Aseprite/Water Reflect.aseprite
  artifactKey: Guid(b33fcc76d3581f045b4a1ed1635f2f66) Importer(815301076,1909f56bfc062723c751e8b465ee728b)
Number of updated assets reloaded before import = 0
Start importing Assets/Treasure Hunters/Palm Tree Island/Aseprite/Water Reflect.aseprite using Guid(b33fcc76d3581f045b4a1ed1635f2f66) Importer(815301076,1909f56bfc062723c751e8b465ee728b)  -> (artifact id: 'bb34e968b26169fe1fa121c471d355d0') in 0.110090 seconds 
Number of asset objects unloaded after import = 27
========================================================================
Received Import Request.
  Time since last request: 0.000048 seconds.
  path: Assets/Treasure Hunters/Palm Tree Island/Aseprite
  artifactKey: Guid(263c28c613f6c2e4bafab2c957278573) Importer(815301076,1909f56bfc062723c751e8b465ee728b)
Number of updated assets reloaded before import = 0
Start importing Assets/Treasure Hunters/Palm Tree Island/Aseprite using Guid(263c28c613f6c2e4bafab2c957278573) Importer(815301076,1909f56bfc062723c751e8b465ee728b)  -> (artifact id: '385063ff9dddae0d8fbce52a4891bbda') in 0.010842 seconds 
Number of asset objects unloaded after import = 0
========================================================================
Received Import Request.
  Time since last request: 51.089773 seconds.
  path: Assets/Treasure Hunters/Shooter Traps/Aseprite
  artifactKey: Guid(ca6ba3d37ad40e049a22316bc09dbd4e) Importer(815301076,1909f56bfc062723c751e8b465ee728b)
Number of updated assets reloaded before import = 0
Start importing Assets/Treasure Hunters/Shooter Traps/Aseprite using Guid(ca6ba3d37ad40e049a22316bc09dbd4e) Importer(815301076,1909f56bfc062723c751e8b465ee728b)  -> (artifact id: 'b06ff931d365b11c1f7a80ccce00f2f3') in 0.004636 seconds 
Number of asset objects unloaded after import = 0
========================================================================
Received Import Request.
  Time since last request: 16.725433 seconds.
  path: Assets/Treasure Hunters/Pirate Treasure/Aseprite
  artifactKey: Guid(f49f5cd86892897498835e0adb4548cd) Importer(815301076,1909f56bfc062723c751e8b465ee728b)
Number of updated assets reloaded before import = 0
Start importing Assets/Treasure Hunters/Pirate Treasure/Aseprite using Guid(f49f5cd86892897498835e0adb4548cd) Importer(815301076,1909f56bfc062723c751e8b465ee728b)  -> (artifact id: '8dfa024dcd86ee7ce5ba8b20dab064ab') in 0.004319 seconds 
Number of asset objects unloaded after import = 0
========================================================================
Received Import Request.
  Time since last request: 322.358811 seconds.
  path: Assets/Treasure Hunters/The Crusty Crew/Aseprite/Dialogue.aseprite
  artifactKey: Guid(cecba8c95fff9094b8bcf71c2cd16e0d) Importer(815301076,1909f56bfc062723c751e8b465ee728b)
Number of updated assets reloaded before import = 0
Start importing Assets/Treasure Hunters/The Crusty Crew/Aseprite/Dialogue.aseprite using Guid(cecba8c95fff9094b8bcf71c2cd16e0d) Importer(815301076,1909f56bfc062723c751e8b465ee728b)  -> (artifact id: 'a1f37a016d4d2d65eb0814077a0b0173') in 0.116465 seconds 
Number of asset objects unloaded after import = 42
========================================================================
Received Import Request.
  Time since last request: 0.000081 seconds.
  path: Assets/Treasure Hunters/The Crusty Crew/Aseprite/Dust Particles.aseprite
  artifactKey: Guid(36d4d96b28658ca49b0bbfdfbd1ef90c) Importer(815301076,1909f56bfc062723c751e8b465ee728b)
Number of updated assets reloaded before import = 0
Start importing Assets/Treasure Hunters/The Crusty Crew/Aseprite/Dust Particles.aseprite using Guid(36d4d96b28658ca49b0bbfdfbd1ef90c) Importer(815301076,1909f56bfc062723c751e8b465ee728b)  -> (artifact id: 'f1e3041f8a24fb81cf0652944e9bb70c') in 0.088106 seconds 
Number of asset objects unloaded after import = 31
========================================================================
Received Import Request.
  Time since last request: 0.000067 seconds.
  path: Assets/Treasure Hunters/The Crusty Crew/Aseprite/Fierce Tooth.aseprite
  artifactKey: Guid(f3cd83bdbbb18454e9cd925c9f389aa3) Importer(815301076,1909f56bfc062723c751e8b465ee728b)
Number of updated assets reloaded before import = 0
Start importing Assets/Treasure Hunters/The Crusty Crew/Aseprite/Fierce Tooth.aseprite using Guid(f3cd83bdbbb18454e9cd925c9f389aa3) Importer(815301076,1909f56bfc062723c751e8b465ee728b)  -> (artifact id: '710d52faee61b9f34610e8ced84a8a97') in 0.185588 seconds 
Number of asset objects unloaded after import = 69
========================================================================
Received Import Request.
  Time since last request: 0.000092 seconds.
  path: Assets/Treasure Hunters/The Crusty Crew/Aseprite
  artifactKey: Guid(13574719639693d4eb462f0fdf976d05) Importer(815301076,1909f56bfc062723c751e8b465ee728b)
Number of updated assets reloaded before import = 0
Start importing Assets/Treasure Hunters/The Crusty Crew/Aseprite using Guid(13574719639693d4eb462f0fdf976d05) Importer(815301076,1909f56bfc062723c751e8b465ee728b)  -> (artifact id: 'ef72a9a11c10964d7d8d58c2c22c6082') in 0.004900 seconds 
Number of asset objects unloaded after import = 0
Editor requested this worker to shutdown with reason: Scaling down because of idle timeout
AssetImportWorker is now disconnected from the server
Process exiting
Exiting without the bug reporter. Application will terminate with return code 0