Using pre-set license
Built from '2021.3/staging' branch; Version is '2021.3.30f1 (b4360d7cdac4) revision 11810317'; Using compiler version '192829333'; Build Type 'Release'
OS: 'Windows 10  (10.0.19045) 64bit Core' Language: 'fr' Physical Memory: 15741 MB
BatchMode: 1, IsHumanControllingUs: 0, StartBugReporterOnCrash: 0, Is64bit: 1, IsPro: 1

COMMAND LINE ARGUMENTS:
C:\Program Files\2021.3.30f1\Editor\Unity.exe
-adb2
-batchMode
-noUpm
-name
AssetImportWorker9
-projectPath
C:/Users/Ahru/code/unity/Hackathon/Yarcade/My project
-logFile
Logs/AssetImportWorker9.log
-srvPort
55021
Successfully changed project path to: C:/Users/Ahru/code/unity/Hackathon/Yarcade/My project
C:/Users/Ahru/code/unity/Hackathon/Yarcade/My project
[UnityMemory] Configuration Parameters - Can be set up in boot.config
    "memorysetup-bucket-allocator-granularity=16"
    "memorysetup-bucket-allocator-bucket-count=8"
    "memorysetup-bucket-allocator-block-size=33554432"
    "memorysetup-bucket-allocator-block-count=8"
    "memorysetup-main-allocator-block-size=16777216"
    "memorysetup-thread-allocator-block-size=16777216"
    "memorysetup-gfx-main-allocator-block-size=16777216"
    "memorysetup-gfx-thread-allocator-block-size=16777216"
    "memorysetup-cache-allocator-block-size=4194304"
    "memorysetup-typetree-allocator-block-size=2097152"
    "memorysetup-profiler-bucket-allocator-granularity=16"
    "memorysetup-profiler-bucket-allocator-bucket-count=8"
    "memorysetup-profiler-bucket-allocator-block-size=33554432"
    "memorysetup-profiler-bucket-allocator-block-count=8"
    "memorysetup-profiler-allocator-block-size=16777216"
    "memorysetup-profiler-editor-allocator-block-size=1048576"
    "memorysetup-temp-allocator-size-main=16777216"
    "memorysetup-job-temp-allocator-block-size=2097152"
    "memorysetup-job-temp-allocator-block-size-background=1048576"
    "memorysetup-job-temp-allocator-reduction-small-platforms=262144"
    "memorysetup-temp-allocator-size-background-worker=32768"
    "memorysetup-temp-allocator-size-job-worker=262144"
    "memorysetup-temp-allocator-size-preload-manager=33554432"
    "memorysetup-temp-allocator-size-nav-mesh-worker=65536"
    "memorysetup-temp-allocator-size-audio-worker=65536"
    "memorysetup-temp-allocator-size-cloud-worker=32768"
    "memorysetup-temp-allocator-size-gi-baking-worker=262144"
    "memorysetup-temp-allocator-size-gfx=262144"
Player connection [15708] Host "[IP] 192.168.64.1 [Port] 0 [Flags] 2 [Guid] 408260565 [EditorId] 408260565 [Version] 1048832 [Id] WindowsEditor(7,LAPTOP-SSRN2OKM) [Debug] 1 [PackageName] WindowsEditor [ProjectName] Editor" joined multi-casting on [225.0.0.222:54997]...

Player connection [15708] Host "[IP] 192.168.64.1 [Port] 0 [Flags] 2 [Guid] 408260565 [EditorId] 408260565 [Version] 1048832 [Id] WindowsEditor(7,LAPTOP-SSRN2OKM) [Debug] 1 [PackageName] WindowsEditor [ProjectName] Editor" joined alternative multi-casting on [225.0.0.222:34997]...

[Physics::Module] Initialized MultithreadedJobDispatcher with {0} workers.
Refreshing native plugins compatible for Editor in 138.02 ms, found 4 plugins.
Preloading 0 native plugins for Editor in 0.00 ms.
Initialize engine version: 2021.3.30f1 (b4360d7cdac4)
[Subsystems] Discovering subsystems at path C:/Program Files/2021.3.30f1/Editor/Data/Resources/UnitySubsystems
[Subsystems] Discovering subsystems at path C:/Users/Ahru/code/unity/Hackathon/Yarcade/My project/Assets
GfxDevice: creating device client; threaded=0; jobified=0
Direct3D:
    Version:  Direct3D 11.0 [level 11.1]
    Renderer: NVIDIA GeForce GTX 1650 Ti (ID=0x1f95)
    Vendor:   NVIDIA
    VRAM:     3962 MB
    Driver:   30.0.15.1215
Initialize mono
Mono path[0] = 'C:/Program Files/2021.3.30f1/Editor/Data/Managed'
Mono path[1] = 'C:/Program Files/2021.3.30f1/Editor/Data/MonoBleedingEdge/lib/mono/unityjit-win32'
Mono config path = 'C:/Program Files/2021.3.30f1/Editor/Data/MonoBleedingEdge/etc'
Using monoOptions --debugger-agent=transport=dt_socket,embedding=1,server=y,suspend=n,address=127.0.0.1:56928
Begin MonoManager ReloadAssembly
Registering precompiled unity dll's ...
Register platform support module: C:/Program Files/2021.3.30f1/Editor/Data/PlaybackEngines/WebGLSupport/UnityEditor.WebGL.Extensions.dll
Register platform support module: C:/Program Files/2021.3.30f1/Editor/Data/PlaybackEngines/MacStandaloneSupport/UnityEditor.OSXStandalone.Extensions.dll
Register platform support module: C:/Program Files/2021.3.30f1/Editor/Data/PlaybackEngines/AndroidPlayer/UnityEditor.Android.Extensions.dll
Register platform support module: C:/Program Files/2021.3.30f1/Editor/Data/PlaybackEngines/iOSSupport/UnityEditor.iOS.Extensions.dll
Register platform support module: C:/Program Files/2021.3.30f1/Editor/Data/PlaybackEngines/WindowsStandaloneSupport/UnityEditor.WindowsStandalone.Extensions.dll
Registered in 0.013937 seconds.
Native extension for WindowsStandalone target not found
[usbmuxd] Start listen thread
[usbmuxd] Listen thread started
Native extension for iOS target not found
Native extension for Android target not found
Android Extension - Scanning For ADB Devices 503 ms
Native extension for OSXStandalone target not found
Native extension for WebGL target not found
Refreshing native plugins compatible for Editor in 119.79 ms, found 4 plugins.
Preloading 0 native plugins for Editor in 0.00 ms.
Mono: successfully reloaded assembly
- Completed reload, in  1.996 seconds
Domain Reload Profiling:
	ReloadAssembly (1997ms)
		BeginReloadAssembly (146ms)
			ExecutionOrderSort (0ms)
			DisableScriptedObjects (0ms)
			BackupInstance (0ms)
			ReleaseScriptingObjects (0ms)
			CreateAndSetChildDomain (1ms)
		EndReloadAssembly (1525ms)
			LoadAssemblies (144ms)
			RebuildTransferFunctionScriptingTraits (0ms)
			SetupTypeCache (369ms)
			ReleaseScriptCaches (0ms)
			RebuildScriptCaches (43ms)
			SetupLoadedEditorAssemblies (1056ms)
				LogAssemblyErrors (0ms)
				InitializePlatformSupportModulesInManaged (701ms)
				SetLoadedEditorAssemblies (0ms)
				RefreshPlugins (120ms)
				BeforeProcessingInitializeOnLoad (2ms)
				ProcessInitializeOnLoadAttributes (153ms)
				ProcessInitializeOnLoadMethodAttributes (79ms)
				AfterProcessingInitializeOnLoad (0ms)
				EditorAssembliesLoaded (0ms)
			ExecutionOrderSort2 (0ms)
			AwakeInstancesAfterBackupRestoration (0ms)
Platform modules already initialized, skipping
Registering precompiled user dll's ...
Registered in 0.010129 seconds.
Begin MonoManager ReloadAssembly
Native extension for WindowsStandalone target not found
Native extension for iOS target not found
Native extension for Android target not found
Native extension for OSXStandalone target not found
Native extension for WebGL target not found
Refreshing native plugins compatible for Editor in 120.78 ms, found 4 plugins.
Preloading 0 native plugins for Editor in 0.00 ms.
Package Manager log level set to [2]
[Package Manager] Server::EnsureServerProcessIsRunning -- launch failed, reason: Unity was launched with the -noUpm command-line argument
[Package Manager] Cannot connect to Unity Package Manager local server
Mono: successfully reloaded assembly
- Completed reload, in  2.329 seconds
Domain Reload Profiling:
	ReloadAssembly (2330ms)
		BeginReloadAssembly (190ms)
			ExecutionOrderSort (0ms)
			DisableScriptedObjects (8ms)
			BackupInstance (0ms)
			ReleaseScriptingObjects (0ms)
			CreateAndSetChildDomain (27ms)
		EndReloadAssembly (1999ms)
			LoadAssemblies (164ms)
			RebuildTransferFunctionScriptingTraits (0ms)
			SetupTypeCache (378ms)
			ReleaseScriptCaches (1ms)
			RebuildScriptCaches (125ms)
			SetupLoadedEditorAssemblies (1288ms)
				LogAssemblyErrors (0ms)
				InitializePlatformSupportModulesInManaged (50ms)
				SetLoadedEditorAssemblies (0ms)
				RefreshPlugins (121ms)
				BeforeProcessingInitializeOnLoad (136ms)
				ProcessInitializeOnLoadAttributes (911ms)
				ProcessInitializeOnLoadMethodAttributes (59ms)
				AfterProcessingInitializeOnLoad (11ms)
				EditorAssembliesLoaded (0ms)
			ExecutionOrderSort2 (0ms)
			AwakeInstancesAfterBackupRestoration (6ms)
Platform modules already initialized, skipping
========================================================================
Worker process is ready to serve import requests
Launched and connected shader compiler UnityShaderCompiler.exe after 0.12 seconds
Refreshing native plugins compatible for Editor in 0.92 ms, found 4 plugins.
Preloading 0 native plugins for Editor in 0.00 ms.
Unloading 4351 Unused Serialized files (Serialized files now loaded: 0)
Unloading 52 unused Assets / (119.7 KB). Loaded Objects now: 4819.
Memory consumption went from 171.5 MB to 171.3 MB.
Total: 4.331600 ms (FindLiveObjects: 0.549900 ms CreateObjectMapping: 0.526000 ms MarkObjects: 3.122400 ms  DeleteObjects: 0.131900 ms)

AssetImportParameters requested are different than current active one (requested -> active):
  custom:video-decoder-ogg-theora: a1e56fd34408186e4bbccfd4996cb3dc -> 
  custom:container-muxer-webm: aa71ff27fc2769a1b78a27578f13a17b -> 
  custom:container-demuxer-webm: 4f35f7cbe854078d1ac9338744f61a02 -> 
  custom:video-encoder-webm-vp8: eb34c28f22e8b96e1ab97ce403110664 -> 
  custom:CustomObjectIndexerAttribute: bc11b3a6c3213fcdd17b65e7da85e133 -> 
  custom:audio-encoder-webm-vorbis: bf7c407c2cedff20999df2af8eb42d56 -> 
  custom:framework-win-MediaFoundation: 216162199b28c13a410421893ffa2e32 -> 
  custom:SearchIndexIgnoredProperties: e643bd26f0fe6173181afceb89e7c659 -> 
  custom:container-demuxer-ogg: 62fdf1f143b41e24485cea50d1cbac27 -> 
  custom:video-decoder-webm-vp8: 9c59270c3fd7afecdb556c50c9e8de78 -> 
  custom:audio-decoder-ogg-vorbis: bf7c407c2cedff20999df2af8eb42d56 -> 
========================================================================
Received Import Request.
  Time since last request: 222028.648550 seconds.
  path: Assets/Sprites/asset map/tilemap/Temple Asset Pack_Test_43.asset
  artifactKey: Guid(193b60e54340dc3408b07c665b384d3e) Importer(815301076,1909f56bfc062723c751e8b465ee728b)
Number of updated assets reloaded before import = 0
Start importing Assets/Sprites/asset map/tilemap/Temple Asset Pack_Test_43.asset using Guid(193b60e54340dc3408b07c665b384d3e) Importer(815301076,1909f56bfc062723c751e8b465ee728b)  -> (artifact id: 'bf3898c18b693913dda3cc5eadd90468') in 0.123400 seconds 
Number of asset objects unloaded after import = 3
========================================================================
Received Import Request.
  Time since last request: 0.000044 seconds.
  path: Assets/Sprites/asset map/tilemap/Temple Asset Pack_Test_64.asset
  artifactKey: Guid(95b223e409314b94381249d87e88e9c8) Importer(815301076,1909f56bfc062723c751e8b465ee728b)
Number of updated assets reloaded before import = 0
Start importing Assets/Sprites/asset map/tilemap/Temple Asset Pack_Test_64.asset using Guid(95b223e409314b94381249d87e88e9c8) Importer(815301076,1909f56bfc062723c751e8b465ee728b)  -> (artifact id: '32206545e448fe7894ab0c012da41c30') in 0.026072 seconds 
Number of asset objects unloaded after import = 3
========================================================================
Received Import Request.
  Time since last request: 0.000055 seconds.
  path: Assets/Sprites/asset map/tilemap/Temple Asset Pack_Test_57.asset
  artifactKey: Guid(4d073791500ef894eaa19aa0536dc4a1) Importer(815301076,1909f56bfc062723c751e8b465ee728b)
Number of updated assets reloaded before import = 0
Start importing Assets/Sprites/asset map/tilemap/Temple Asset Pack_Test_57.asset using Guid(4d073791500ef894eaa19aa0536dc4a1) Importer(815301076,1909f56bfc062723c751e8b465ee728b)  -> (artifact id: 'b7a00a10dce1f447f209b1cd737f8f38') in 0.030160 seconds 
Number of asset objects unloaded after import = 3
========================================================================
Received Import Request.
  Time since last request: 0.000041 seconds.
  path: Assets/Sprites/asset map/tilemap/Temple Asset Pack_Test_61.asset
  artifactKey: Guid(168b7218c7085294d94f41f25f7790f9) Importer(815301076,1909f56bfc062723c751e8b465ee728b)
Number of updated assets reloaded before import = 0
Start importing Assets/Sprites/asset map/tilemap/Temple Asset Pack_Test_61.asset using Guid(168b7218c7085294d94f41f25f7790f9) Importer(815301076,1909f56bfc062723c751e8b465ee728b)  -> (artifact id: '23d23aded3cf47da5517a699e2c4237c') in 0.034255 seconds 
Number of asset objects unloaded after import = 3
========================================================================
Received Import Request.
  Time since last request: 0.000028 seconds.
  path: Assets/Sprites/asset map/tilemap/Temple Asset Pack_Test_55.asset
  artifactKey: Guid(832ba29ae04dd6b419d5675eb02cda61) Importer(815301076,1909f56bfc062723c751e8b465ee728b)
Number of updated assets reloaded before import = 0
Start importing Assets/Sprites/asset map/tilemap/Temple Asset Pack_Test_55.asset using Guid(832ba29ae04dd6b419d5675eb02cda61) Importer(815301076,1909f56bfc062723c751e8b465ee728b)  -> (artifact id: '88a1ef5e202215d4677c7e46bac86bb0') in 0.025782 seconds 
Number of asset objects unloaded after import = 3
========================================================================
Received Import Request.
  Time since last request: 0.032684 seconds.
  path: Assets/Sprites/asset map/tilemap/Temple Asset Pack_Test_69.asset
  artifactKey: Guid(386e373b5fbb1f34babfb306a86aad22) Importer(815301076,1909f56bfc062723c751e8b465ee728b)
Number of updated assets reloaded before import = 0
Start importing Assets/Sprites/asset map/tilemap/Temple Asset Pack_Test_69.asset using Guid(386e373b5fbb1f34babfb306a86aad22) Importer(815301076,1909f56bfc062723c751e8b465ee728b)  -> (artifact id: '8c9c0b9c3e099732030f52770b1a6bce') in 0.033654 seconds 
Number of asset objects unloaded after import = 3
========================================================================
Received Import Request.
  Time since last request: 0.000029 seconds.
  path: Assets/Sprites/asset map/tilemap/Temple Asset Pack_Test_70.asset
  artifactKey: Guid(b1047559e1db67c44baaa6ec7a54471d) Importer(815301076,1909f56bfc062723c751e8b465ee728b)
Number of updated assets reloaded before import = 0
Start importing Assets/Sprites/asset map/tilemap/Temple Asset Pack_Test_70.asset using Guid(b1047559e1db67c44baaa6ec7a54471d) Importer(815301076,1909f56bfc062723c751e8b465ee728b)  -> (artifact id: '1bb333a1db5497ff4f654e10b20ab7ca') in 0.023869 seconds 
Number of asset objects unloaded after import = 3
========================================================================
Received Import Request.
  Time since last request: 0.000028 seconds.
  path: Assets/Sprites/asset map/tilemap/Temple Asset Pack_Test_78.asset
  artifactKey: Guid(be15d1e7a79e9b343984e0581c8bf235) Importer(815301076,1909f56bfc062723c751e8b465ee728b)
Number of updated assets reloaded before import = 0
Start importing Assets/Sprites/asset map/tilemap/Temple Asset Pack_Test_78.asset using Guid(be15d1e7a79e9b343984e0581c8bf235) Importer(815301076,1909f56bfc062723c751e8b465ee728b)  -> (artifact id: '6e3e5dea7eff5aefc94607b930b0b455') in 0.025071 seconds 
Number of asset objects unloaded after import = 3
========================================================================
Received Import Request.
  Time since last request: 0.060209 seconds.
  path: Assets/Sprites/asset map/tilemap/Temple Asset Pack_Test_82.asset
  artifactKey: Guid(1da452317e6b86849a89ca10fb9c0260) Importer(815301076,1909f56bfc062723c751e8b465ee728b)
Number of updated assets reloaded before import = 0
Start importing Assets/Sprites/asset map/tilemap/Temple Asset Pack_Test_82.asset using Guid(1da452317e6b86849a89ca10fb9c0260) Importer(815301076,1909f56bfc062723c751e8b465ee728b)  -> (artifact id: '03443803b9cba00d1e3496c385d65ca3') in 0.030721 seconds 
Number of asset objects unloaded after import = 3
========================================================================
Received Import Request.
  Time since last request: 0.000041 seconds.
  path: Assets/Sprites/asset map/tilemap/Temple Asset Pack_Test_86.asset
  artifactKey: Guid(4f07b522b57e12f469b3f5dd22e58f32) Importer(815301076,1909f56bfc062723c751e8b465ee728b)
Number of updated assets reloaded before import = 0
Start importing Assets/Sprites/asset map/tilemap/Temple Asset Pack_Test_86.asset using Guid(4f07b522b57e12f469b3f5dd22e58f32) Importer(815301076,1909f56bfc062723c751e8b465ee728b)  -> (artifact id: '38dafbe55e7f75630e6913f69c7c4cee') in 0.027729 seconds 
Number of asset objects unloaded after import = 3
========================================================================
Received Import Request.
  Time since last request: 0.000039 seconds.
  path: Assets/Sprites/asset map/tilemap/Temple Asset Pack_Test_90.asset
  artifactKey: Guid(fcfc191d2ee750d498a801975fb5564a) Importer(815301076,1909f56bfc062723c751e8b465ee728b)
Number of updated assets reloaded before import = 0
Start importing Assets/Sprites/asset map/tilemap/Temple Asset Pack_Test_90.asset using Guid(fcfc191d2ee750d498a801975fb5564a) Importer(815301076,1909f56bfc062723c751e8b465ee728b)  -> (artifact id: 'f6907af1d80260f8451f19f1473d3989') in 0.030386 seconds 
Number of asset objects unloaded after import = 3
========================================================================
Received Import Request.
  Time since last request: 0.333263 seconds.
  path: Assets/Sprites/asset map/tilemap/Temple Asset Pack_Test_95.asset
  artifactKey: Guid(ddef057344fc92647bd04f35dae36546) Importer(815301076,1909f56bfc062723c751e8b465ee728b)
Number of updated assets reloaded before import = 0
Start importing Assets/Sprites/asset map/tilemap/Temple Asset Pack_Test_95.asset using Guid(ddef057344fc92647bd04f35dae36546) Importer(815301076,1909f56bfc062723c751e8b465ee728b)  -> (artifact id: 'af4a435b9679f10688d661ca256668cf') in 0.031207 seconds 
Number of asset objects unloaded after import = 3
========================================================================
Received Import Request.
  Time since last request: 0.000029 seconds.
  path: Assets/Sprites/asset map/tilemap/Temple Asset Pack_Test_98.asset
  artifactKey: Guid(e8fbd2967c96fb04e877bb1cb4e30f30) Importer(815301076,1909f56bfc062723c751e8b465ee728b)
Number of updated assets reloaded before import = 0
Start importing Assets/Sprites/asset map/tilemap/Temple Asset Pack_Test_98.asset using Guid(e8fbd2967c96fb04e877bb1cb4e30f30) Importer(815301076,1909f56bfc062723c751e8b465ee728b)  -> (artifact id: '5d26de10756ecf680d23ac395f5c3c12') in 0.030246 seconds 
Number of asset objects unloaded after import = 3
========================================================================
Received Import Request.
  Time since last request: 0.000024 seconds.
  path: Assets/Sprites/asset map/tilemap/Temple Asset Pack_Test_101.asset
  artifactKey: Guid(085ce05c6575ec740b48becc7095c7bc) Importer(815301076,1909f56bfc062723c751e8b465ee728b)
Number of updated assets reloaded before import = 0
Start importing Assets/Sprites/asset map/tilemap/Temple Asset Pack_Test_101.asset using Guid(085ce05c6575ec740b48becc7095c7bc) Importer(815301076,1909f56bfc062723c751e8b465ee728b)  -> (artifact id: '79a456f0f7d35786e5d1a79762fabd56') in 0.023410 seconds 
Number of asset objects unloaded after import = 3
========================================================================
Received Import Request.
  Time since last request: 0.048678 seconds.
  path: Assets/Sprites/asset map/tilemap/Temple Asset Pack_Test_108.asset
  artifactKey: Guid(eb8c8c8ab9bbc364baf485ca72bb6f88) Importer(815301076,1909f56bfc062723c751e8b465ee728b)
Number of updated assets reloaded before import = 0
Start importing Assets/Sprites/asset map/tilemap/Temple Asset Pack_Test_108.asset using Guid(eb8c8c8ab9bbc364baf485ca72bb6f88) Importer(815301076,1909f56bfc062723c751e8b465ee728b)  -> (artifact id: 'e4484e861706301f0d896138b690cc8c') in 0.022541 seconds 
Number of asset objects unloaded after import = 3
========================================================================
Received Import Request.
  Time since last request: 0.000022 seconds.
  path: Assets/Sprites/asset map/tilemap/Temple Asset Pack_Test_121.asset
  artifactKey: Guid(87180402fbd740e45bcda94e2a048fcd) Importer(815301076,1909f56bfc062723c751e8b465ee728b)
Number of updated assets reloaded before import = 0
Start importing Assets/Sprites/asset map/tilemap/Temple Asset Pack_Test_121.asset using Guid(87180402fbd740e45bcda94e2a048fcd) Importer(815301076,1909f56bfc062723c751e8b465ee728b)  -> (artifact id: '32e1271ca900b475dc89aa9bc5d782bc') in 0.024867 seconds 
Number of asset objects unloaded after import = 3
========================================================================
Received Import Request.
  Time since last request: 0.000022 seconds.
  path: Assets/Sprites/asset map/tilemap/Temple Asset Pack_Test_129.asset
  artifactKey: Guid(773754ccd8531c44da3837965c4db86f) Importer(815301076,1909f56bfc062723c751e8b465ee728b)
Number of updated assets reloaded before import = 0
Start importing Assets/Sprites/asset map/tilemap/Temple Asset Pack_Test_129.asset using Guid(773754ccd8531c44da3837965c4db86f) Importer(815301076,1909f56bfc062723c751e8b465ee728b)  -> (artifact id: '0bbd1c8bdc31fb581e6f260312952f91') in 0.022996 seconds 
Number of asset objects unloaded after import = 3
========================================================================
Received Import Request.
  Time since last request: 0.000029 seconds.
  path: Assets/Sprites/asset map/tilemap/Temple Asset Pack_Test_124.asset
  artifactKey: Guid(a686e45dbf8ed384ba22d681f413bc58) Importer(815301076,1909f56bfc062723c751e8b465ee728b)
Number of updated assets reloaded before import = 0
Start importing Assets/Sprites/asset map/tilemap/Temple Asset Pack_Test_124.asset using Guid(a686e45dbf8ed384ba22d681f413bc58) Importer(815301076,1909f56bfc062723c751e8b465ee728b)  -> (artifact id: 'a3ed997ef45a17479849ea6d7f58c257') in 0.029399 seconds 
Number of asset objects unloaded after import = 3
========================================================================
Received Import Request.
  Time since last request: 0.000032 seconds.
  path: Assets/Sprites/asset map/tilemap/Temple Asset Pack_Test_128.asset
  artifactKey: Guid(8c1bd56c982498f4b9b2630ab7739185) Importer(815301076,1909f56bfc062723c751e8b465ee728b)
Number of updated assets reloaded before import = 0
Start importing Assets/Sprites/asset map/tilemap/Temple Asset Pack_Test_128.asset using Guid(8c1bd56c982498f4b9b2630ab7739185) Importer(815301076,1909f56bfc062723c751e8b465ee728b)  -> (artifact id: 'c27feb37fddcf53826cdacedffe47238') in 0.023488 seconds 
Number of asset objects unloaded after import = 3
========================================================================
Received Import Request.
  Time since last request: 0.000034 seconds.
  path: Assets/Sprites/asset map/tilemap/Temple Asset Pack_Test_127.asset
  artifactKey: Guid(19588d53b2d317442887a18caa23e954) Importer(815301076,1909f56bfc062723c751e8b465ee728b)
Number of updated assets reloaded before import = 0
Start importing Assets/Sprites/asset map/tilemap/Temple Asset Pack_Test_127.asset using Guid(19588d53b2d317442887a18caa23e954) Importer(815301076,1909f56bfc062723c751e8b465ee728b)  -> (artifact id: '1e6a523a6127f2419e8e1fadb58c31c3') in 0.026362 seconds 
Number of asset objects unloaded after import = 3
========================================================================
Received Import Request.
  Time since last request: 0.000030 seconds.
  path: Assets/Sprites/asset map/tilemap/Temple Asset Pack_Test_143.asset
  artifactKey: Guid(cdc50a64823832244bb8720190d3d6a7) Importer(815301076,1909f56bfc062723c751e8b465ee728b)
Number of updated assets reloaded before import = 0
Start importing Assets/Sprites/asset map/tilemap/Temple Asset Pack_Test_143.asset using Guid(cdc50a64823832244bb8720190d3d6a7) Importer(815301076,1909f56bfc062723c751e8b465ee728b)  -> (artifact id: '39693838df79a540d1e3948ec2765395') in 0.024044 seconds 
Number of asset objects unloaded after import = 3
========================================================================
Received Import Request.
  Time since last request: 0.000025 seconds.
  path: Assets/Sprites/asset map/tilemap/Temple Asset Pack_Test_136.asset
  artifactKey: Guid(f80d7dbbd76590f49ab499e9ba85a872) Importer(815301076,1909f56bfc062723c751e8b465ee728b)
Number of updated assets reloaded before import = 0
Start importing Assets/Sprites/asset map/tilemap/Temple Asset Pack_Test_136.asset using Guid(f80d7dbbd76590f49ab499e9ba85a872) Importer(815301076,1909f56bfc062723c751e8b465ee728b)  -> (artifact id: 'e771b7334f8b3d5814cac3e9b23b3c80') in 0.028002 seconds 
Number of asset objects unloaded after import = 3
========================================================================
Received Import Request.
  Time since last request: 0.000036 seconds.
  path: Assets/Sprites/asset map/tilemap/Temple Asset Pack_Test_141.asset
  artifactKey: Guid(f71d74d6aa635574f8bfaa5ae6ee4825) Importer(815301076,1909f56bfc062723c751e8b465ee728b)
Number of updated assets reloaded before import = 0
Start importing Assets/Sprites/asset map/tilemap/Temple Asset Pack_Test_141.asset using Guid(f71d74d6aa635574f8bfaa5ae6ee4825) Importer(815301076,1909f56bfc062723c751e8b465ee728b)  -> (artifact id: 'fd37ae7b8c68f2af3a274d1aa3bd22fc') in 0.023224 seconds 
Number of asset objects unloaded after import = 3
Editor requested this worker to shutdown with reason: Scaling down because of idle timeout
AssetImportWorkerClient::OnTransportError - code=2 error=End of file
AssetImportWorker is now disconnected from the server
Process exiting
Exiting without the bug reporter. Application will terminate with return code 0