Using pre-set license
Built from '2021.3/staging' branch; Version is '2021.3.30f1 (b4360d7cdac4) revision 11810317'; Using compiler version '192829333'; Build Type 'Release'
OS: 'Windows 10  (10.0.19045) 64bit Professional' Language: 'fr' Physical Memory: 15741 MB
BatchMode: 1, IsHumanControllingUs: 0, StartBugReporterOnCrash: 0, Is64bit: 1, IsPro: 1

COMMAND LINE ARGUMENTS:
C:\Program Files\Unity\Hub\Editor\2021.3.30f1\Editor\Unity.exe
-adb2
-batchMode
-noUpm
-name
AssetImportWorker0
-projectPath
C:/Users/PROPRIETAIRE/Desktop/code/Yarcade/My project
-logFile
Logs/AssetImportWorker0.log
-srvPort
62700
Successfully changed project path to: C:/Users/PROPRIETAIRE/Desktop/code/Yarcade/My project
C:/Users/PROPRIETAIRE/Desktop/code/Yarcade/My project
[UnityMemory] Configuration Parameters - Can be set up in boot.config
    "memorysetup-bucket-allocator-granularity=16"
    "memorysetup-bucket-allocator-bucket-count=8"
    "memorysetup-bucket-allocator-block-size=33554432"
    "memorysetup-bucket-allocator-block-count=8"
    "memorysetup-main-allocator-block-size=16777216"
    "memorysetup-thread-allocator-block-size=16777216"
    "memorysetup-gfx-main-allocator-block-size=16777216"
    "memorysetup-gfx-thread-allocator-block-size=16777216"
    "memorysetup-cache-allocator-block-size=4194304"
    "memorysetup-typetree-allocator-block-size=2097152"
    "memorysetup-profiler-bucket-allocator-granularity=16"
    "memorysetup-profiler-bucket-allocator-bucket-count=8"
    "memorysetup-profiler-bucket-allocator-block-size=33554432"
    "memorysetup-profiler-bucket-allocator-block-count=8"
    "memorysetup-profiler-allocator-block-size=16777216"
    "memorysetup-profiler-editor-allocator-block-size=1048576"
    "memorysetup-temp-allocator-size-main=16777216"
    "memorysetup-job-temp-allocator-block-size=2097152"
    "memorysetup-job-temp-allocator-block-size-background=1048576"
    "memorysetup-job-temp-allocator-reduction-small-platforms=262144"
    "memorysetup-temp-allocator-size-background-worker=32768"
    "memorysetup-temp-allocator-size-job-worker=262144"
    "memorysetup-temp-allocator-size-preload-manager=33554432"
    "memorysetup-temp-allocator-size-nav-mesh-worker=65536"
    "memorysetup-temp-allocator-size-audio-worker=65536"
    "memorysetup-temp-allocator-size-cloud-worker=32768"
    "memorysetup-temp-allocator-size-gi-baking-worker=262144"
    "memorysetup-temp-allocator-size-gfx=262144"
Player connection [10216] Host "[IP] 192.168.65.1 [Port] 0 [Flags] 2 [Guid] 2115075652 [EditorId] 2115075652 [Version] 1048832 [Id] WindowsEditor(7,DESKTOP-MQL358U) [Debug] 1 [PackageName] WindowsEditor [ProjectName] Editor" joined multi-casting on [225.0.0.222:54997]...

Player connection [10216] Host "[IP] 192.168.65.1 [Port] 0 [Flags] 2 [Guid] 2115075652 [EditorId] 2115075652 [Version] 1048832 [Id] WindowsEditor(7,DESKTOP-MQL358U) [Debug] 1 [PackageName] WindowsEditor [ProjectName] Editor" joined alternative multi-casting on [225.0.0.222:34997]...

[Physics::Module] Initialized MultithreadedJobDispatcher with {0} workers.
Refreshing native plugins compatible for Editor in 76.75 ms, found 4 plugins.
Preloading 0 native plugins for Editor in 0.00 ms.
Initialize engine version: 2021.3.30f1 (b4360d7cdac4)
[Subsystems] Discovering subsystems at path C:/Program Files/Unity/Hub/Editor/2021.3.30f1/Editor/Data/Resources/UnitySubsystems
[Subsystems] Discovering subsystems at path C:/Users/PROPRIETAIRE/Desktop/code/Yarcade/My project/Assets
GfxDevice: creating device client; threaded=0; jobified=0
Direct3D:
    Version:  Direct3D 11.0 [level 11.1]
    Renderer: NVIDIA GeForce GTX 1650 Ti (ID=0x1f95)
    Vendor:   NVIDIA
    VRAM:     3949 MB
    Driver:   31.0.15.3742
Initialize mono
Mono path[0] = 'C:/Program Files/Unity/Hub/Editor/2021.3.30f1/Editor/Data/Managed'
Mono path[1] = 'C:/Program Files/Unity/Hub/Editor/2021.3.30f1/Editor/Data/MonoBleedingEdge/lib/mono/unityjit-win32'
Mono config path = 'C:/Program Files/Unity/Hub/Editor/2021.3.30f1/Editor/Data/MonoBleedingEdge/etc'
Using monoOptions --debugger-agent=transport=dt_socket,embedding=1,server=y,suspend=n,address=127.0.0.1:56048
Begin MonoManager ReloadAssembly
Registering precompiled unity dll's ...
Register platform support module: C:/Program Files/Unity/Hub/Editor/2021.3.30f1/Editor/Data/PlaybackEngines/WindowsStandaloneSupport/UnityEditor.WindowsStandalone.Extensions.dll
Registered in 0.006268 seconds.
Native extension for WindowsStandalone target not found
Refreshing native plugins compatible for Editor in 76.41 ms, found 4 plugins.
Preloading 0 native plugins for Editor in 0.00 ms.
Mono: successfully reloaded assembly
- Completed reload, in  0.613 seconds
Domain Reload Profiling:
	ReloadAssembly (614ms)
		BeginReloadAssembly (87ms)
			ExecutionOrderSort (0ms)
			DisableScriptedObjects (0ms)
			BackupInstance (0ms)
			ReleaseScriptingObjects (0ms)
			CreateAndSetChildDomain (1ms)
		EndReloadAssembly (434ms)
			LoadAssemblies (85ms)
			RebuildTransferFunctionScriptingTraits (0ms)
			SetupTypeCache (102ms)
			ReleaseScriptCaches (0ms)
			RebuildScriptCaches (29ms)
			SetupLoadedEditorAssemblies (264ms)
				LogAssemblyErrors (0ms)
				InitializePlatformSupportModulesInManaged (7ms)
				SetLoadedEditorAssemblies (0ms)
				RefreshPlugins (77ms)
				BeforeProcessingInitializeOnLoad (1ms)
				ProcessInitializeOnLoadAttributes (134ms)
				ProcessInitializeOnLoadMethodAttributes (45ms)
				AfterProcessingInitializeOnLoad (0ms)
				EditorAssembliesLoaded (0ms)
			ExecutionOrderSort2 (0ms)
			AwakeInstancesAfterBackupRestoration (0ms)
Platform modules already initialized, skipping
Registering precompiled user dll's ...
Registered in 0.005719 seconds.
Begin MonoManager ReloadAssembly
Native extension for WindowsStandalone target not found
Refreshing native plugins compatible for Editor in 76.71 ms, found 4 plugins.
Preloading 0 native plugins for Editor in 0.00 ms.
Package Manager log level set to [2]
[Package Manager] Server::EnsureServerProcessIsRunning -- launch failed, reason: Unity was launched with the -noUpm command-line argument
[Package Manager] Cannot connect to Unity Package Manager local server
Mono: successfully reloaded assembly
- Completed reload, in  1.581 seconds
Domain Reload Profiling:
	ReloadAssembly (1582ms)
		BeginReloadAssembly (121ms)
			ExecutionOrderSort (0ms)
			DisableScriptedObjects (6ms)
			BackupInstance (0ms)
			ReleaseScriptingObjects (0ms)
			CreateAndSetChildDomain (19ms)
		EndReloadAssembly (1362ms)
			LoadAssemblies (92ms)
			RebuildTransferFunctionScriptingTraits (0ms)
			SetupTypeCache (217ms)
			ReleaseScriptCaches (1ms)
			RebuildScriptCaches (54ms)
			SetupLoadedEditorAssemblies (977ms)
				LogAssemblyErrors (0ms)
				InitializePlatformSupportModulesInManaged (5ms)
				SetLoadedEditorAssemblies (0ms)
				RefreshPlugins (77ms)
				BeforeProcessingInitializeOnLoad (89ms)
				ProcessInitializeOnLoadAttributes (758ms)
				ProcessInitializeOnLoadMethodAttributes (41ms)
				AfterProcessingInitializeOnLoad (7ms)
				EditorAssembliesLoaded (0ms)
			ExecutionOrderSort2 (0ms)
			AwakeInstancesAfterBackupRestoration (5ms)
Platform modules already initialized, skipping
========================================================================
Worker process is ready to serve import requests
Launched and connected shader compiler UnityShaderCompiler.exe after 0.07 seconds
Refreshing native plugins compatible for Editor in 0.64 ms, found 4 plugins.
Preloading 0 native plugins for Editor in 0.00 ms.
Unloading 3809 Unused Serialized files (Serialized files now loaded: 0)
Unloading 35 unused Assets / (46.6 KB). Loaded Objects now: 4267.
Memory consumption went from 146.6 MB to 146.6 MB.
Total: 3.987200 ms (FindLiveObjects: 0.320800 ms CreateObjectMapping: 0.117500 ms MarkObjects: 3.451300 ms  DeleteObjects: 0.095900 ms)

AssetImportParameters requested are different than current active one (requested -> active):
  custom:video-decoder-ogg-theora: a1e56fd34408186e4bbccfd4996cb3dc -> 
  custom:container-muxer-webm: aa71ff27fc2769a1b78a27578f13a17b -> 
  custom:container-demuxer-webm: 4f35f7cbe854078d1ac9338744f61a02 -> 
  custom:video-encoder-webm-vp8: eb34c28f22e8b96e1ab97ce403110664 -> 
  custom:CustomObjectIndexerAttribute: bc11b3a6c3213fcdd17b65e7da85e133 -> 
  custom:audio-encoder-webm-vorbis: bf7c407c2cedff20999df2af8eb42d56 -> 
  custom:framework-win-MediaFoundation: 216162199b28c13a410421893ffa2e32 -> 
  custom:SearchIndexIgnoredProperties: e643bd26f0fe6173181afceb89e7c659 -> 
  custom:container-demuxer-ogg: 62fdf1f143b41e24485cea50d1cbac27 -> 
  custom:video-decoder-webm-vp8: 9c59270c3fd7afecdb556c50c9e8de78 -> 
  custom:audio-decoder-ogg-vorbis: bf7c407c2cedff20999df2af8eb42d56 -> 
========================================================================
Received Import Request.
  Time since last request: 1898325.761113 seconds.
  path: Assets/Lifty's Pixel Art Pack/Demo Scene
  artifactKey: Guid(3751c4790a7fe7944aecbb4d7d260510) Importer(815301076,1909f56bfc062723c751e8b465ee728b)
Number of updated assets reloaded before import = 0
Start importing Assets/Lifty's Pixel Art Pack/Demo Scene using Guid(3751c4790a7fe7944aecbb4d7d260510) Importer(815301076,1909f56bfc062723c751e8b465ee728b)  -> (artifact id: 'ab37cefa3bb7d2bba2059382c5c5cdd5') in 0.015478 seconds 
Number of asset objects unloaded after import = 0
========================================================================
Received Import Request.
  Time since last request: 6.030577 seconds.
  path: Assets/Lifty's Pixel Art Pack/Demo Scene/Demo.unity
  artifactKey: Guid(6350f84cddf4201448e26de4aba4d504) Importer(815301076,1909f56bfc062723c751e8b465ee728b)
Number of updated assets reloaded before import = 0
Start importing Assets/Lifty's Pixel Art Pack/Demo Scene/Demo.unity using Guid(6350f84cddf4201448e26de4aba4d504) Importer(815301076,1909f56bfc062723c751e8b465ee728b)  -> (artifact id: '04629adba5aca34bd6d59f8c1e9e8732') in 0.008978 seconds 
Number of asset objects unloaded after import = 0
========================================================================
Received Import Request.
  Time since last request: 32.516626 seconds.
  path: Assets/Lifty's Pixel Art Pack/Pixel Art Pack/Decorations
  artifactKey: Guid(2fd647366faac2048b4871bbb5870d7b) Importer(815301076,1909f56bfc062723c751e8b465ee728b)
Number of updated assets reloaded before import = 0
Start importing Assets/Lifty's Pixel Art Pack/Pixel Art Pack/Decorations using Guid(2fd647366faac2048b4871bbb5870d7b) Importer(815301076,1909f56bfc062723c751e8b465ee728b)  -> (artifact id: 'd317e29283972772b1bf5e23ff8d85e3') in 0.007182 seconds 
Number of asset objects unloaded after import = 0
========================================================================
Received Import Request.
  Time since last request: 0.006618 seconds.
  path: Assets/Lifty's Pixel Art Pack/Pixel Art Pack/Decorations/Stal.png
  artifactKey: Guid(4fab046e777af994f8c4dd799e128b4e) Importer(815301076,1909f56bfc062723c751e8b465ee728b)
Number of updated assets reloaded before import = 0
Start importing Assets/Lifty's Pixel Art Pack/Pixel Art Pack/Decorations/Stal.png using Guid(4fab046e777af994f8c4dd799e128b4e) Importer(815301076,1909f56bfc062723c751e8b465ee728b)  -> (artifact id: 'da5a86245f71b7537f15713da3f4820c') in 0.145247 seconds 
Number of asset objects unloaded after import = 3
========================================================================
Received Import Request.
  Time since last request: 0.000028 seconds.
  path: Assets/Lifty's Pixel Art Pack/Pixel Art Pack/Decorations/Stal3.png
  artifactKey: Guid(335f1d5b390858145aece052fbab01d2) Importer(815301076,1909f56bfc062723c751e8b465ee728b)
Number of updated assets reloaded before import = 0
Start importing Assets/Lifty's Pixel Art Pack/Pixel Art Pack/Decorations/Stal3.png using Guid(335f1d5b390858145aece052fbab01d2) Importer(815301076,1909f56bfc062723c751e8b465ee728b)  -> (artifact id: 'a277cafacd4957cfdc7c07bbd32e4121') in 0.028994 seconds 
Number of asset objects unloaded after import = 3
========================================================================
Received Import Request.
  Time since last request: 0.000029 seconds.
  path: Assets/Lifty's Pixel Art Pack/Pixel Art Pack/Decorations/Stal4.png
  artifactKey: Guid(830dc384c48ce3f44935dc350bc2059c) Importer(815301076,1909f56bfc062723c751e8b465ee728b)
Number of updated assets reloaded before import = 0
Start importing Assets/Lifty's Pixel Art Pack/Pixel Art Pack/Decorations/Stal4.png using Guid(830dc384c48ce3f44935dc350bc2059c) Importer(815301076,1909f56bfc062723c751e8b465ee728b)  -> (artifact id: '4bf2f3eda2d9e8f5c6253eeed9739dbb') in 0.026111 seconds 
Number of asset objects unloaded after import = 3
========================================================================
Received Import Request.
  Time since last request: 1.162003 seconds.
  path: Assets/Lifty's Pixel Art Pack/Pixel Art Pack/Decorations/Campfire
  artifactKey: Guid(54ae8ab2a0f5c6b4ca33e37b2f571e0e) Importer(815301076,1909f56bfc062723c751e8b465ee728b)
Number of updated assets reloaded before import = 0
Start importing Assets/Lifty's Pixel Art Pack/Pixel Art Pack/Decorations/Campfire using Guid(54ae8ab2a0f5c6b4ca33e37b2f571e0e) Importer(815301076,1909f56bfc062723c751e8b465ee728b)  -> (artifact id: 'e17013ae59dfbf5f0842ff512e548528') in 0.009121 seconds 
Number of asset objects unloaded after import = 0
========================================================================
Received Import Request.
  Time since last request: 0.000025 seconds.
  path: Assets/Lifty's Pixel Art Pack/Pixel Art Pack/Decorations/Campfire/Campfire_Burn.png
  artifactKey: Guid(b49b536c53f550242819bce2438e9916) Importer(815301076,1909f56bfc062723c751e8b465ee728b)
Number of updated assets reloaded before import = 0
Start importing Assets/Lifty's Pixel Art Pack/Pixel Art Pack/Decorations/Campfire/Campfire_Burn.png using Guid(b49b536c53f550242819bce2438e9916) Importer(815301076,1909f56bfc062723c751e8b465ee728b)  -> (artifact id: '4ae589d8b229a5692c0d719abfed6b44') in 0.029219 seconds 
Number of asset objects unloaded after import = 3
========================================================================
Received Import Request.
  Time since last request: 2.619407 seconds.
  path: Assets/Lifty's Pixel Art Pack/Pixel Art Pack/Misc/Button2.png
  artifactKey: Guid(1d13b945d215bca40bac5da1ffe7ef8a) Importer(815301076,1909f56bfc062723c751e8b465ee728b)
Number of updated assets reloaded before import = 0
Start importing Assets/Lifty's Pixel Art Pack/Pixel Art Pack/Misc/Button2.png using Guid(1d13b945d215bca40bac5da1ffe7ef8a) Importer(815301076,1909f56bfc062723c751e8b465ee728b)  -> (artifact id: '12265d4b10a5f78f61727b1b63b64a08') in 0.024552 seconds 
Number of asset objects unloaded after import = 3
========================================================================
Received Import Request.
  Time since last request: 0.000026 seconds.
  path: Assets/Lifty's Pixel Art Pack/Pixel Art Pack/Misc/JumpPad9.png
  artifactKey: Guid(69c47168109348c4487713fa95ec06fa) Importer(815301076,1909f56bfc062723c751e8b465ee728b)
Number of updated assets reloaded before import = 0
Start importing Assets/Lifty's Pixel Art Pack/Pixel Art Pack/Misc/JumpPad9.png using Guid(69c47168109348c4487713fa95ec06fa) Importer(815301076,1909f56bfc062723c751e8b465ee728b)  -> (artifact id: '63b53b77d9b5db7543ef727c3ab59bf0') in 0.023890 seconds 
Number of asset objects unloaded after import = 3
========================================================================
Received Import Request.
  Time since last request: 0.000028 seconds.
  path: Assets/Lifty's Pixel Art Pack/Pixel Art Pack/Misc/JumpPad7.png
  artifactKey: Guid(869614968bd202146b449c2fd62736ee) Importer(815301076,1909f56bfc062723c751e8b465ee728b)
Number of updated assets reloaded before import = 0
Start importing Assets/Lifty's Pixel Art Pack/Pixel Art Pack/Misc/JumpPad7.png using Guid(869614968bd202146b449c2fd62736ee) Importer(815301076,1909f56bfc062723c751e8b465ee728b)  -> (artifact id: '2156252a016496de83f99db982b77ae5') in 0.025253 seconds 
Number of asset objects unloaded after import = 3
========================================================================
Received Import Request.
  Time since last request: 0.000031 seconds.
  path: Assets/Lifty's Pixel Art Pack/Pixel Art Pack/Misc/JumpPad3.png
  artifactKey: Guid(207b41503583d904aa1f6ae8f0368ab7) Importer(815301076,1909f56bfc062723c751e8b465ee728b)
Number of updated assets reloaded before import = 0
Start importing Assets/Lifty's Pixel Art Pack/Pixel Art Pack/Misc/JumpPad3.png using Guid(207b41503583d904aa1f6ae8f0368ab7) Importer(815301076,1909f56bfc062723c751e8b465ee728b)  -> (artifact id: 'd768572aecbdc0a15e06c1c1237b277b') in 0.024714 seconds 
Number of asset objects unloaded after import = 3
========================================================================
Received Import Request.
  Time since last request: 0.000021 seconds.
  path: Assets/Lifty's Pixel Art Pack/Pixel Art Pack/Misc/JumpPad8.png
  artifactKey: Guid(08cc2f5d47aaec74f84a2bac739eb916) Importer(815301076,1909f56bfc062723c751e8b465ee728b)
Number of updated assets reloaded before import = 0
Start importing Assets/Lifty's Pixel Art Pack/Pixel Art Pack/Misc/JumpPad8.png using Guid(08cc2f5d47aaec74f84a2bac739eb916) Importer(815301076,1909f56bfc062723c751e8b465ee728b)  -> (artifact id: '4e90bb7fd5ef3a9c7bdc1e7e3f2576df') in 0.031072 seconds 
Number of asset objects unloaded after import = 3
========================================================================
Received Import Request.
  Time since last request: 0.000024 seconds.
  path: Assets/Lifty's Pixel Art Pack/Pixel Art Pack/Misc/CheckPoint2.png
  artifactKey: Guid(d9e0e448f26cd324a9b2386d74d3b00c) Importer(815301076,1909f56bfc062723c751e8b465ee728b)
Number of updated assets reloaded before import = 0
Start importing Assets/Lifty's Pixel Art Pack/Pixel Art Pack/Misc/CheckPoint2.png using Guid(d9e0e448f26cd324a9b2386d74d3b00c) Importer(815301076,1909f56bfc062723c751e8b465ee728b)  -> (artifact id: 'a26aca26b8022362ac26b2f6bb1250c8') in 0.027817 seconds 
Number of asset objects unloaded after import = 3
========================================================================
Received Import Request.
  Time since last request: 0.000023 seconds.
  path: Assets/Lifty's Pixel Art Pack/Pixel Art Pack/Misc/CheckPoint1.png
  artifactKey: Guid(8ee81b40015a8ee4c96eb5bef6aa2d15) Importer(815301076,1909f56bfc062723c751e8b465ee728b)
Number of updated assets reloaded before import = 0
Start importing Assets/Lifty's Pixel Art Pack/Pixel Art Pack/Misc/CheckPoint1.png using Guid(8ee81b40015a8ee4c96eb5bef6aa2d15) Importer(815301076,1909f56bfc062723c751e8b465ee728b)  -> (artifact id: '3db22f4c38960cdf1bdb8ec1bbc6a3ab') in 0.033042 seconds 
Number of asset objects unloaded after import = 3
========================================================================
Received Import Request.
  Time since last request: 0.898305 seconds.
  path: Assets/Lifty's Pixel Art Pack/Pixel Art Pack/TileMaps/DesBg_Forward.png
  artifactKey: Guid(545c84f8584145a489c2c889305f682e) Importer(815301076,1909f56bfc062723c751e8b465ee728b)
Number of updated assets reloaded before import = 0
Start importing Assets/Lifty's Pixel Art Pack/Pixel Art Pack/TileMaps/DesBg_Forward.png using Guid(545c84f8584145a489c2c889305f682e) Importer(815301076,1909f56bfc062723c751e8b465ee728b)  -> (artifact id: '3b6326294b932d04a0435f48fe3f0e90') in 0.287013 seconds 
Number of asset objects unloaded after import = 3
========================================================================
Received Import Request.
  Time since last request: 0.000041 seconds.
  path: Assets/Lifty's Pixel Art Pack/Pixel Art Pack/TileMaps/TileMap-1.png
  artifactKey: Guid(6ef6f837792cd834aa11f0163ed98632) Importer(815301076,1909f56bfc062723c751e8b465ee728b)
Number of updated assets reloaded before import = 0
Start importing Assets/Lifty's Pixel Art Pack/Pixel Art Pack/TileMaps/TileMap-1.png using Guid(6ef6f837792cd834aa11f0163ed98632) Importer(815301076,1909f56bfc062723c751e8b465ee728b)  -> (artifact id: '0d3114d383c7d792fe2c2383da5ce1d3') in 0.048065 seconds 
Number of asset objects unloaded after import = 3
Editor requested this worker to shutdown with reason: Scaling down because of idle timeout
AssetImportWorker is now disconnected from the server
Process exiting
Exiting without the bug reporter. Application will terminate with return code 0