Using pre-set license
Built from '2021.3/staging' branch; Version is '2021.3.30f1 (b4360d7cdac4) revision 11810317'; Using compiler version '192829333'; Build Type 'Release'
OS: 'Windows 10  (10.0.19045) 64bit Core' Language: 'fr' Physical Memory: 15741 MB
BatchMode: 1, IsHumanControllingUs: 0, StartBugReporterOnCrash: 0, Is64bit: 1, IsPro: 1

COMMAND LINE ARGUMENTS:
C:\Program Files\2021.3.30f1\Editor\Unity.exe
-adb2
-batchMode
-noUpm
-name
AssetImportWorker8
-projectPath
C:/Users/Ahru/code/unity/Hackathon/Yarcade/My project
-logFile
Logs/AssetImportWorker8.log
-srvPort
55021
Successfully changed project path to: C:/Users/Ahru/code/unity/Hackathon/Yarcade/My project
C:/Users/Ahru/code/unity/Hackathon/Yarcade/My project
[UnityMemory] Configuration Parameters - Can be set up in boot.config
    "memorysetup-bucket-allocator-granularity=16"
    "memorysetup-bucket-allocator-bucket-count=8"
    "memorysetup-bucket-allocator-block-size=33554432"
    "memorysetup-bucket-allocator-block-count=8"
    "memorysetup-main-allocator-block-size=16777216"
    "memorysetup-thread-allocator-block-size=16777216"
    "memorysetup-gfx-main-allocator-block-size=16777216"
    "memorysetup-gfx-thread-allocator-block-size=16777216"
    "memorysetup-cache-allocator-block-size=4194304"
    "memorysetup-typetree-allocator-block-size=2097152"
    "memorysetup-profiler-bucket-allocator-granularity=16"
    "memorysetup-profiler-bucket-allocator-bucket-count=8"
    "memorysetup-profiler-bucket-allocator-block-size=33554432"
    "memorysetup-profiler-bucket-allocator-block-count=8"
    "memorysetup-profiler-allocator-block-size=16777216"
    "memorysetup-profiler-editor-allocator-block-size=1048576"
    "memorysetup-temp-allocator-size-main=16777216"
    "memorysetup-job-temp-allocator-block-size=2097152"
    "memorysetup-job-temp-allocator-block-size-background=1048576"
    "memorysetup-job-temp-allocator-reduction-small-platforms=262144"
    "memorysetup-temp-allocator-size-background-worker=32768"
    "memorysetup-temp-allocator-size-job-worker=262144"
    "memorysetup-temp-allocator-size-preload-manager=33554432"
    "memorysetup-temp-allocator-size-nav-mesh-worker=65536"
    "memorysetup-temp-allocator-size-audio-worker=65536"
    "memorysetup-temp-allocator-size-cloud-worker=32768"
    "memorysetup-temp-allocator-size-gi-baking-worker=262144"
    "memorysetup-temp-allocator-size-gfx=262144"
Player connection [12272] Host "[IP] 192.168.64.1 [Port] 0 [Flags] 2 [Guid] 3504931415 [EditorId] 3504931415 [Version] 1048832 [Id] WindowsEditor(7,LAPTOP-SSRN2OKM) [Debug] 1 [PackageName] WindowsEditor [ProjectName] Editor" joined multi-casting on [225.0.0.222:54997]...

Player connection [12272] Host "[IP] 192.168.64.1 [Port] 0 [Flags] 2 [Guid] 3504931415 [EditorId] 3504931415 [Version] 1048832 [Id] WindowsEditor(7,LAPTOP-SSRN2OKM) [Debug] 1 [PackageName] WindowsEditor [ProjectName] Editor" joined alternative multi-casting on [225.0.0.222:34997]...

[Physics::Module] Initialized MultithreadedJobDispatcher with {0} workers.
Refreshing native plugins compatible for Editor in 134.27 ms, found 4 plugins.
Preloading 0 native plugins for Editor in 0.00 ms.
Initialize engine version: 2021.3.30f1 (b4360d7cdac4)
[Subsystems] Discovering subsystems at path C:/Program Files/2021.3.30f1/Editor/Data/Resources/UnitySubsystems
[Subsystems] Discovering subsystems at path C:/Users/Ahru/code/unity/Hackathon/Yarcade/My project/Assets
GfxDevice: creating device client; threaded=0; jobified=0
Direct3D:
    Version:  Direct3D 11.0 [level 11.1]
    Renderer: NVIDIA GeForce GTX 1650 Ti (ID=0x1f95)
    Vendor:   NVIDIA
    VRAM:     3962 MB
    Driver:   30.0.15.1215
Initialize mono
Mono path[0] = 'C:/Program Files/2021.3.30f1/Editor/Data/Managed'
Mono path[1] = 'C:/Program Files/2021.3.30f1/Editor/Data/MonoBleedingEdge/lib/mono/unityjit-win32'
Mono config path = 'C:/Program Files/2021.3.30f1/Editor/Data/MonoBleedingEdge/etc'
Using monoOptions --debugger-agent=transport=dt_socket,embedding=1,server=y,suspend=n,address=127.0.0.1:56876
Begin MonoManager ReloadAssembly
Registering precompiled unity dll's ...
Register platform support module: C:/Program Files/2021.3.30f1/Editor/Data/PlaybackEngines/WebGLSupport/UnityEditor.WebGL.Extensions.dll
Register platform support module: C:/Program Files/2021.3.30f1/Editor/Data/PlaybackEngines/MacStandaloneSupport/UnityEditor.OSXStandalone.Extensions.dll
Register platform support module: C:/Program Files/2021.3.30f1/Editor/Data/PlaybackEngines/AndroidPlayer/UnityEditor.Android.Extensions.dll
Register platform support module: C:/Program Files/2021.3.30f1/Editor/Data/PlaybackEngines/iOSSupport/UnityEditor.iOS.Extensions.dll
Register platform support module: C:/Program Files/2021.3.30f1/Editor/Data/PlaybackEngines/WindowsStandaloneSupport/UnityEditor.WindowsStandalone.Extensions.dll
Registered in 0.014457 seconds.
Native extension for WindowsStandalone target not found
[usbmuxd] Start listen thread
[usbmuxd] Listen thread started
Native extension for iOS target not found
Native extension for Android target not found
Android Extension - Scanning For ADB Devices 509 ms
Native extension for OSXStandalone target not found
Native extension for WebGL target not found
Refreshing native plugins compatible for Editor in 111.60 ms, found 4 plugins.
Preloading 0 native plugins for Editor in 0.00 ms.
Mono: successfully reloaded assembly
- Completed reload, in  1.969 seconds
Domain Reload Profiling:
	ReloadAssembly (1970ms)
		BeginReloadAssembly (149ms)
			ExecutionOrderSort (0ms)
			DisableScriptedObjects (0ms)
			BackupInstance (0ms)
			ReleaseScriptingObjects (0ms)
			CreateAndSetChildDomain (1ms)
		EndReloadAssembly (1497ms)
			LoadAssemblies (146ms)
			RebuildTransferFunctionScriptingTraits (0ms)
			SetupTypeCache (367ms)
			ReleaseScriptCaches (0ms)
			RebuildScriptCaches (47ms)
			SetupLoadedEditorAssemblies (1024ms)
				LogAssemblyErrors (0ms)
				InitializePlatformSupportModulesInManaged (696ms)
				SetLoadedEditorAssemblies (0ms)
				RefreshPlugins (112ms)
				BeforeProcessingInitializeOnLoad (1ms)
				ProcessInitializeOnLoadAttributes (139ms)
				ProcessInitializeOnLoadMethodAttributes (74ms)
				AfterProcessingInitializeOnLoad (0ms)
				EditorAssembliesLoaded (0ms)
			ExecutionOrderSort2 (0ms)
			AwakeInstancesAfterBackupRestoration (0ms)
Platform modules already initialized, skipping
Registering precompiled user dll's ...
Registered in 0.014610 seconds.
Begin MonoManager ReloadAssembly
Native extension for WindowsStandalone target not found
Native extension for iOS target not found
Native extension for Android target not found
Native extension for OSXStandalone target not found
Native extension for WebGL target not found
Refreshing native plugins compatible for Editor in 122.80 ms, found 4 plugins.
Preloading 0 native plugins for Editor in 0.00 ms.
Package Manager log level set to [2]
[Package Manager] Server::EnsureServerProcessIsRunning -- launch failed, reason: Unity was launched with the -noUpm command-line argument
[Package Manager] Cannot connect to Unity Package Manager local server
Mono: successfully reloaded assembly
- Completed reload, in  2.334 seconds
Domain Reload Profiling:
	ReloadAssembly (2335ms)
		BeginReloadAssembly (192ms)
			ExecutionOrderSort (0ms)
			DisableScriptedObjects (6ms)
			BackupInstance (0ms)
			ReleaseScriptingObjects (0ms)
			CreateAndSetChildDomain (30ms)
		EndReloadAssembly (2000ms)
			LoadAssemblies (166ms)
			RebuildTransferFunctionScriptingTraits (0ms)
			SetupTypeCache (381ms)
			ReleaseScriptCaches (1ms)
			RebuildScriptCaches (113ms)
			SetupLoadedEditorAssemblies (1300ms)
				LogAssemblyErrors (0ms)
				InitializePlatformSupportModulesInManaged (48ms)
				SetLoadedEditorAssemblies (0ms)
				RefreshPlugins (123ms)
				BeforeProcessingInitializeOnLoad (137ms)
				ProcessInitializeOnLoadAttributes (916ms)
				ProcessInitializeOnLoadMethodAttributes (66ms)
				AfterProcessingInitializeOnLoad (11ms)
				EditorAssembliesLoaded (0ms)
			ExecutionOrderSort2 (0ms)
			AwakeInstancesAfterBackupRestoration (6ms)
Platform modules already initialized, skipping
========================================================================
Worker process is ready to serve import requests
Launched and connected shader compiler UnityShaderCompiler.exe after 0.13 seconds
Refreshing native plugins compatible for Editor in 0.97 ms, found 4 plugins.
Preloading 0 native plugins for Editor in 0.00 ms.
Unloading 4351 Unused Serialized files (Serialized files now loaded: 0)
Unloading 52 unused Assets / (119.7 KB). Loaded Objects now: 4819.
Memory consumption went from 171.5 MB to 171.4 MB.
Total: 4.607800 ms (FindLiveObjects: 0.414700 ms CreateObjectMapping: 0.295100 ms MarkObjects: 3.744200 ms  DeleteObjects: 0.152100 ms)

AssetImportParameters requested are different than current active one (requested -> active):
  custom:video-decoder-ogg-theora: a1e56fd34408186e4bbccfd4996cb3dc -> 
  custom:container-muxer-webm: aa71ff27fc2769a1b78a27578f13a17b -> 
  custom:container-demuxer-webm: 4f35f7cbe854078d1ac9338744f61a02 -> 
  custom:video-encoder-webm-vp8: eb34c28f22e8b96e1ab97ce403110664 -> 
  custom:CustomObjectIndexerAttribute: bc11b3a6c3213fcdd17b65e7da85e133 -> 
  custom:audio-encoder-webm-vorbis: bf7c407c2cedff20999df2af8eb42d56 -> 
  custom:framework-win-MediaFoundation: 216162199b28c13a410421893ffa2e32 -> 
  custom:SearchIndexIgnoredProperties: e643bd26f0fe6173181afceb89e7c659 -> 
  custom:container-demuxer-ogg: 62fdf1f143b41e24485cea50d1cbac27 -> 
  custom:video-decoder-webm-vp8: 9c59270c3fd7afecdb556c50c9e8de78 -> 
  custom:audio-decoder-ogg-vorbis: bf7c407c2cedff20999df2af8eb42d56 -> 
========================================================================
Received Import Request.
  Time since last request: 222028.646881 seconds.
  path: Assets/Sprites/asset map/tilemap/Temple Asset Pack_Test_41.asset
  artifactKey: Guid(b637481670b04c442b53ed311ef95388) Importer(815301076,1909f56bfc062723c751e8b465ee728b)
Number of updated assets reloaded before import = 0
Start importing Assets/Sprites/asset map/tilemap/Temple Asset Pack_Test_41.asset using Guid(b637481670b04c442b53ed311ef95388) Importer(815301076,1909f56bfc062723c751e8b465ee728b)  -> (artifact id: 'ed89a188ef3bb30d6512e6e279378bc5') in 0.124439 seconds 
Number of asset objects unloaded after import = 3
========================================================================
Received Import Request.
  Time since last request: 0.000052 seconds.
  path: Assets/Sprites/asset map/tilemap/Temple Asset Pack_Test_63.asset
  artifactKey: Guid(c0e4ee45fc098f14a84343da62692481) Importer(815301076,1909f56bfc062723c751e8b465ee728b)
Number of updated assets reloaded before import = 0
Start importing Assets/Sprites/asset map/tilemap/Temple Asset Pack_Test_63.asset using Guid(c0e4ee45fc098f14a84343da62692481) Importer(815301076,1909f56bfc062723c751e8b465ee728b)  -> (artifact id: '89d83be461d80b98f38a12c366222469') in 0.029848 seconds 
Number of asset objects unloaded after import = 3
========================================================================
Received Import Request.
  Time since last request: 0.000052 seconds.
  path: Assets/Sprites/asset map/tilemap/Temple Asset Pack_Test_56.asset
  artifactKey: Guid(0ea0baa981ac48a438633241cec2c2a8) Importer(815301076,1909f56bfc062723c751e8b465ee728b)
Number of updated assets reloaded before import = 0
Start importing Assets/Sprites/asset map/tilemap/Temple Asset Pack_Test_56.asset using Guid(0ea0baa981ac48a438633241cec2c2a8) Importer(815301076,1909f56bfc062723c751e8b465ee728b)  -> (artifact id: 'f7a2b53bfe764b2d093c34ce7119d5cc') in 0.031366 seconds 
Number of asset objects unloaded after import = 3
========================================================================
Received Import Request.
  Time since last request: 0.000041 seconds.
  path: Assets/Sprites/asset map/tilemap/Temple Asset Pack_Test_65.asset
  artifactKey: Guid(6cb8df537fb8441498636c0d63c07274) Importer(815301076,1909f56bfc062723c751e8b465ee728b)
Number of updated assets reloaded before import = 0
Start importing Assets/Sprites/asset map/tilemap/Temple Asset Pack_Test_65.asset using Guid(6cb8df537fb8441498636c0d63c07274) Importer(815301076,1909f56bfc062723c751e8b465ee728b)  -> (artifact id: 'd333b419e683a54e715a4f3a943ffed1') in 0.033222 seconds 
Number of asset objects unloaded after import = 3
========================================================================
Received Import Request.
  Time since last request: 0.000029 seconds.
  path: Assets/Sprites/asset map/tilemap/Temple Asset Pack_Test_59.asset
  artifactKey: Guid(fb4a13aa95e7fbc48970ff071c2c6207) Importer(815301076,1909f56bfc062723c751e8b465ee728b)
Number of updated assets reloaded before import = 0
Start importing Assets/Sprites/asset map/tilemap/Temple Asset Pack_Test_59.asset using Guid(fb4a13aa95e7fbc48970ff071c2c6207) Importer(815301076,1909f56bfc062723c751e8b465ee728b)  -> (artifact id: 'aa6221869b82f5415be6ed002076a35d') in 0.025515 seconds 
Number of asset objects unloaded after import = 3
========================================================================
Received Import Request.
  Time since last request: 0.028609 seconds.
  path: Assets/Sprites/asset map/tilemap/Temple Asset Pack_Test_67.asset
  artifactKey: Guid(6f7637d0cbed74141a553b51bacd29f5) Importer(815301076,1909f56bfc062723c751e8b465ee728b)
Number of updated assets reloaded before import = 0
Start importing Assets/Sprites/asset map/tilemap/Temple Asset Pack_Test_67.asset using Guid(6f7637d0cbed74141a553b51bacd29f5) Importer(815301076,1909f56bfc062723c751e8b465ee728b)  -> (artifact id: '94a70137ebc6c4ddf2b3183809870604') in 0.031476 seconds 
Number of asset objects unloaded after import = 3
========================================================================
Received Import Request.
  Time since last request: 0.000038 seconds.
  path: Assets/Sprites/asset map/tilemap/Temple Asset Pack_Test_74.asset
  artifactKey: Guid(5755c66d76500b64bb8b9f0fc0d8a29a) Importer(815301076,1909f56bfc062723c751e8b465ee728b)
Number of updated assets reloaded before import = 0
Start importing Assets/Sprites/asset map/tilemap/Temple Asset Pack_Test_74.asset using Guid(5755c66d76500b64bb8b9f0fc0d8a29a) Importer(815301076,1909f56bfc062723c751e8b465ee728b)  -> (artifact id: '4e596f3759911ebc873487413ec6034a') in 0.022995 seconds 
Number of asset objects unloaded after import = 3
========================================================================
Received Import Request.
  Time since last request: 0.000039 seconds.
  path: Assets/Sprites/asset map/tilemap/Temple Asset Pack_Test_71.asset
  artifactKey: Guid(0ed0bfc429f3ccd4fb2a87185e08cd6d) Importer(815301076,1909f56bfc062723c751e8b465ee728b)
Number of updated assets reloaded before import = 0
Start importing Assets/Sprites/asset map/tilemap/Temple Asset Pack_Test_71.asset using Guid(0ed0bfc429f3ccd4fb2a87185e08cd6d) Importer(815301076,1909f56bfc062723c751e8b465ee728b)  -> (artifact id: '9259dbc1abfb88f5fdd85808b82c591a') in 0.025033 seconds 
Number of asset objects unloaded after import = 3
========================================================================
Received Import Request.
  Time since last request: 0.000033 seconds.
  path: Assets/Sprites/asset map/tilemap/Temple Asset Pack_Test_75.asset
  artifactKey: Guid(420dfa3d3be27474e93c7a3ae97da2fe) Importer(815301076,1909f56bfc062723c751e8b465ee728b)
Number of updated assets reloaded before import = 0
Start importing Assets/Sprites/asset map/tilemap/Temple Asset Pack_Test_75.asset using Guid(420dfa3d3be27474e93c7a3ae97da2fe) Importer(815301076,1909f56bfc062723c751e8b465ee728b)  -> (artifact id: 'a30f23281371b6e484eda104fcfa8b58') in 0.022172 seconds 
Number of asset objects unloaded after import = 3
========================================================================
Received Import Request.
  Time since last request: 0.038115 seconds.
  path: Assets/Sprites/asset map/tilemap/Temple Asset Pack_Test_80.asset
  artifactKey: Guid(76bb506b85635dc4ca1b125f9ab1043b) Importer(815301076,1909f56bfc062723c751e8b465ee728b)
Number of updated assets reloaded before import = 0
Start importing Assets/Sprites/asset map/tilemap/Temple Asset Pack_Test_80.asset using Guid(76bb506b85635dc4ca1b125f9ab1043b) Importer(815301076,1909f56bfc062723c751e8b465ee728b)  -> (artifact id: 'b26c1bc17d0dd4a8abbe0754274dae3b') in 0.028239 seconds 
Number of asset objects unloaded after import = 3
========================================================================
Received Import Request.
  Time since last request: 0.000022 seconds.
  path: Assets/Sprites/asset map/tilemap/Temple Asset Pack_Test_89.asset
  artifactKey: Guid(a871aeb32dc6f06498603d2ac8284652) Importer(815301076,1909f56bfc062723c751e8b465ee728b)
Number of updated assets reloaded before import = 0
Start importing Assets/Sprites/asset map/tilemap/Temple Asset Pack_Test_89.asset using Guid(a871aeb32dc6f06498603d2ac8284652) Importer(815301076,1909f56bfc062723c751e8b465ee728b)  -> (artifact id: 'a0a9fb9f98077db31e6a7c63e9ab872d') in 0.026760 seconds 
Number of asset objects unloaded after import = 3
========================================================================
Received Import Request.
  Time since last request: 0.000040 seconds.
  path: Assets/Sprites/asset map/tilemap/Temple Asset Pack_Test_84.asset
  artifactKey: Guid(71da9a1a73913d24792fae20013e1c79) Importer(815301076,1909f56bfc062723c751e8b465ee728b)
Number of updated assets reloaded before import = 0
Start importing Assets/Sprites/asset map/tilemap/Temple Asset Pack_Test_84.asset using Guid(71da9a1a73913d24792fae20013e1c79) Importer(815301076,1909f56bfc062723c751e8b465ee728b)  -> (artifact id: '6a9ebe180507690183ca1ab4ac88337e') in 0.032153 seconds 
Number of asset objects unloaded after import = 3
========================================================================
Received Import Request.
  Time since last request: 0.000028 seconds.
  path: Assets/Sprites/asset map/tilemap/Temple Asset Pack_Test_87.asset
  artifactKey: Guid(f05726c083ad69c449aa5d4e0a0221f1) Importer(815301076,1909f56bfc062723c751e8b465ee728b)
Number of updated assets reloaded before import = 0
Start importing Assets/Sprites/asset map/tilemap/Temple Asset Pack_Test_87.asset using Guid(f05726c083ad69c449aa5d4e0a0221f1) Importer(815301076,1909f56bfc062723c751e8b465ee728b)  -> (artifact id: '1350d3e9a95ccb1addd3d9b683704adb') in 0.022593 seconds 
Number of asset objects unloaded after import = 3
========================================================================
Received Import Request.
  Time since last request: 0.310786 seconds.
  path: Assets/Sprites/asset map/tilemap/Temple Asset Pack_Test_93.asset
  artifactKey: Guid(11392c162c9859e4aafb6a79d357d562) Importer(815301076,1909f56bfc062723c751e8b465ee728b)
Number of updated assets reloaded before import = 0
Start importing Assets/Sprites/asset map/tilemap/Temple Asset Pack_Test_93.asset using Guid(11392c162c9859e4aafb6a79d357d562) Importer(815301076,1909f56bfc062723c751e8b465ee728b)  -> (artifact id: '90750cfb22669464647c67c8bf217c30') in 0.032840 seconds 
Number of asset objects unloaded after import = 3
========================================================================
Received Import Request.
  Time since last request: 0.000025 seconds.
  path: Assets/Sprites/asset map/tilemap/Temple Asset Pack_Test_96.asset
  artifactKey: Guid(c5e630a787dc7cd4c9ba30ca0945b12e) Importer(815301076,1909f56bfc062723c751e8b465ee728b)
Number of updated assets reloaded before import = 0
Start importing Assets/Sprites/asset map/tilemap/Temple Asset Pack_Test_96.asset using Guid(c5e630a787dc7cd4c9ba30ca0945b12e) Importer(815301076,1909f56bfc062723c751e8b465ee728b)  -> (artifact id: '29f03fc417d56e16c84fe575fd36d1a1') in 0.028192 seconds 
Number of asset objects unloaded after import = 3
========================================================================
Received Import Request.
  Time since last request: 0.000033 seconds.
  path: Assets/Sprites/asset map/tilemap/Temple Asset Pack_Test_102.asset
  artifactKey: Guid(d34b393a8b7dfca4d9f18bb277477a30) Importer(815301076,1909f56bfc062723c751e8b465ee728b)
Number of updated assets reloaded before import = 0
Start importing Assets/Sprites/asset map/tilemap/Temple Asset Pack_Test_102.asset using Guid(d34b393a8b7dfca4d9f18bb277477a30) Importer(815301076,1909f56bfc062723c751e8b465ee728b)  -> (artifact id: '71e41338abe5ad2cb45ba68cac026adb') in 0.029511 seconds 
Number of asset objects unloaded after import = 3
========================================================================
Received Import Request.
  Time since last request: 0.043830 seconds.
  path: Assets/Sprites/asset map/tilemap/Temple Asset Pack_Test_106.asset
  artifactKey: Guid(bb9b0de95fab54b418666de9418bfe41) Importer(815301076,1909f56bfc062723c751e8b465ee728b)
Number of updated assets reloaded before import = 0
Start importing Assets/Sprites/asset map/tilemap/Temple Asset Pack_Test_106.asset using Guid(bb9b0de95fab54b418666de9418bfe41) Importer(815301076,1909f56bfc062723c751e8b465ee728b)  -> (artifact id: '29bc3f0a5488acfd4385fe2b334c7642') in 0.021789 seconds 
Number of asset objects unloaded after import = 3
========================================================================
Received Import Request.
  Time since last request: 0.000041 seconds.
  path: Assets/Sprites/asset map/tilemap/Temple Asset Pack_Test_111.asset
  artifactKey: Guid(d967414cdbcbb124a893fb011a8ebaea) Importer(815301076,1909f56bfc062723c751e8b465ee728b)
Number of updated assets reloaded before import = 0
Start importing Assets/Sprites/asset map/tilemap/Temple Asset Pack_Test_111.asset using Guid(d967414cdbcbb124a893fb011a8ebaea) Importer(815301076,1909f56bfc062723c751e8b465ee728b)  -> (artifact id: '903abdfbe9ebad1240343e1c59a3bf7f') in 0.023864 seconds 
Number of asset objects unloaded after import = 3
========================================================================
Received Import Request.
  Time since last request: 0.000050 seconds.
  path: Assets/Sprites/asset map/tilemap/Temple Asset Pack_Test_112.asset
  artifactKey: Guid(7cf21d4facf2c8a4bb5f9d9815703c5b) Importer(815301076,1909f56bfc062723c751e8b465ee728b)
Number of updated assets reloaded before import = 0
Start importing Assets/Sprites/asset map/tilemap/Temple Asset Pack_Test_112.asset using Guid(7cf21d4facf2c8a4bb5f9d9815703c5b) Importer(815301076,1909f56bfc062723c751e8b465ee728b)  -> (artifact id: '05224d1b8f320f13df261fa76d1999a4') in 0.022666 seconds 
Number of asset objects unloaded after import = 3
========================================================================
Received Import Request.
  Time since last request: 0.000034 seconds.
  path: Assets/Sprites/asset map/tilemap/Temple Asset Pack_Test_120.asset
  artifactKey: Guid(21b7ecb3b1c925641b5d6389c5a12dfa) Importer(815301076,1909f56bfc062723c751e8b465ee728b)
Number of updated assets reloaded before import = 0
Start importing Assets/Sprites/asset map/tilemap/Temple Asset Pack_Test_120.asset using Guid(21b7ecb3b1c925641b5d6389c5a12dfa) Importer(815301076,1909f56bfc062723c751e8b465ee728b)  -> (artifact id: '49865f387983e5d917af1acd8a0c31b1') in 0.027287 seconds 
Number of asset objects unloaded after import = 3
========================================================================
Received Import Request.
  Time since last request: 0.000027 seconds.
  path: Assets/Sprites/asset map/tilemap/Temple Asset Pack_Test_125.asset
  artifactKey: Guid(f54791137ccad994b81ffaf9160acb0e) Importer(815301076,1909f56bfc062723c751e8b465ee728b)
Number of updated assets reloaded before import = 0
Start importing Assets/Sprites/asset map/tilemap/Temple Asset Pack_Test_125.asset using Guid(f54791137ccad994b81ffaf9160acb0e) Importer(815301076,1909f56bfc062723c751e8b465ee728b)  -> (artifact id: '442e4365fbd30761f8045579a44fb4c1') in 0.025049 seconds 
Number of asset objects unloaded after import = 3
========================================================================
Received Import Request.
  Time since last request: 0.000030 seconds.
  path: Assets/Sprites/asset map/tilemap/Temple Asset Pack_Test_109.asset
  artifactKey: Guid(076beb65a9cd4804290bc3bc9f4353a4) Importer(815301076,1909f56bfc062723c751e8b465ee728b)
Number of updated assets reloaded before import = 0
Start importing Assets/Sprites/asset map/tilemap/Temple Asset Pack_Test_109.asset using Guid(076beb65a9cd4804290bc3bc9f4353a4) Importer(815301076,1909f56bfc062723c751e8b465ee728b)  -> (artifact id: 'a44f570a390f5d66fcf8d9fc04b441ae') in 0.027810 seconds 
Number of asset objects unloaded after import = 3
========================================================================
Received Import Request.
  Time since last request: 0.000027 seconds.
  path: Assets/Sprites/asset map/tilemap/Temple Asset Pack_Test_140.asset
  artifactKey: Guid(bcd506d454f94cd4e8c61f470c7e77d5) Importer(815301076,1909f56bfc062723c751e8b465ee728b)
Number of updated assets reloaded before import = 0
Start importing Assets/Sprites/asset map/tilemap/Temple Asset Pack_Test_140.asset using Guid(bcd506d454f94cd4e8c61f470c7e77d5) Importer(815301076,1909f56bfc062723c751e8b465ee728b)  -> (artifact id: '0b001204228ad5a852ef879fe4222af4') in 0.023271 seconds 
Number of asset objects unloaded after import = 3
========================================================================
Received Import Request.
  Time since last request: 0.000024 seconds.
  path: Assets/Sprites/asset map/tilemap/Temple Asset Pack_Test_139.asset
  artifactKey: Guid(c6f70dd7180e031478e970852518847f) Importer(815301076,1909f56bfc062723c751e8b465ee728b)
Number of updated assets reloaded before import = 0
Start importing Assets/Sprites/asset map/tilemap/Temple Asset Pack_Test_139.asset using Guid(c6f70dd7180e031478e970852518847f) Importer(815301076,1909f56bfc062723c751e8b465ee728b)  -> (artifact id: 'd7870e2e72356b97945fca6f85e9ad01') in 0.023802 seconds 
Number of asset objects unloaded after import = 3
========================================================================
Received Import Request.
  Time since last request: 0.000024 seconds.
  path: Assets/Sprites/asset map/tilemap/Temple Asset Pack_Test_131.asset
  artifactKey: Guid(6553e6f5e55175742859812b3e12962d) Importer(815301076,1909f56bfc062723c751e8b465ee728b)
Number of updated assets reloaded before import = 0
Start importing Assets/Sprites/asset map/tilemap/Temple Asset Pack_Test_131.asset using Guid(6553e6f5e55175742859812b3e12962d) Importer(815301076,1909f56bfc062723c751e8b465ee728b)  -> (artifact id: '6c1fa5a69be8be699133c2a2d7dbdd46') in 0.023560 seconds 
Number of asset objects unloaded after import = 3
========================================================================
Received Import Request.
  Time since last request: 0.000034 seconds.
  path: Assets/Sprites/asset map/tilemap/Temple Asset Pack_Test_110.asset
  artifactKey: Guid(3341eab2db184074e920172d7cb0c30d) Importer(815301076,1909f56bfc062723c751e8b465ee728b)
Number of updated assets reloaded before import = 0
Start importing Assets/Sprites/asset map/tilemap/Temple Asset Pack_Test_110.asset using Guid(3341eab2db184074e920172d7cb0c30d) Importer(815301076,1909f56bfc062723c751e8b465ee728b)  -> (artifact id: 'cec29080c16a7217f2b9507744860db4') in 0.019900 seconds 
Number of asset objects unloaded after import = 3
Editor requested this worker to shutdown with reason: Scaling down because of idle timeout
AssetImportWorkerClient::OnTransportError - code=2 error=End of file
AssetImportWorker is now disconnected from the server
Process exiting
Exiting without the bug reporter. Application will terminate with return code 0