Using pre-set license
Built from '2021.3/staging' branch; Version is '2021.3.30f1 (b4360d7cdac4) revision 11810317'; Using compiler version '192829333'; Build Type 'Release'
OS: 'Windows 10  (10.0.19045) 64bit Core' Language: 'fr' Physical Memory: 16306 MB
BatchMode: 1, IsHumanControllingUs: 0, StartBugReporterOnCrash: 0, Is64bit: 1, IsPro: 1

COMMAND LINE ARGUMENTS:
C:\Program Files\Unity\Hub\Editor\2021.3.30f1\Editor\Unity.exe
-adb2
-batchMode
-noUpm
-name
AssetImportWorker5
-projectPath
C:/Users/auger/OneDrive/Bureau/projet/Yarcade/My project
-logFile
Logs/AssetImportWorker5.log
-srvPort
60171
Successfully changed project path to: C:/Users/auger/OneDrive/Bureau/projet/Yarcade/My project
C:/Users/auger/OneDrive/Bureau/projet/Yarcade/My project
[UnityMemory] Configuration Parameters - Can be set up in boot.config
    "memorysetup-bucket-allocator-granularity=16"
    "memorysetup-bucket-allocator-bucket-count=8"
    "memorysetup-bucket-allocator-block-size=33554432"
    "memorysetup-bucket-allocator-block-count=8"
    "memorysetup-main-allocator-block-size=16777216"
    "memorysetup-thread-allocator-block-size=16777216"
    "memorysetup-gfx-main-allocator-block-size=16777216"
    "memorysetup-gfx-thread-allocator-block-size=16777216"
    "memorysetup-cache-allocator-block-size=4194304"
    "memorysetup-typetree-allocator-block-size=2097152"
    "memorysetup-profiler-bucket-allocator-granularity=16"
    "memorysetup-profiler-bucket-allocator-bucket-count=8"
    "memorysetup-profiler-bucket-allocator-block-size=33554432"
    "memorysetup-profiler-bucket-allocator-block-count=8"
    "memorysetup-profiler-allocator-block-size=16777216"
    "memorysetup-profiler-editor-allocator-block-size=1048576"
    "memorysetup-temp-allocator-size-main=16777216"
    "memorysetup-job-temp-allocator-block-size=2097152"
    "memorysetup-job-temp-allocator-block-size-background=1048576"
    "memorysetup-job-temp-allocator-reduction-small-platforms=262144"
    "memorysetup-temp-allocator-size-background-worker=32768"
    "memorysetup-temp-allocator-size-job-worker=262144"
    "memorysetup-temp-allocator-size-preload-manager=33554432"
    "memorysetup-temp-allocator-size-nav-mesh-worker=65536"
    "memorysetup-temp-allocator-size-audio-worker=65536"
    "memorysetup-temp-allocator-size-cloud-worker=32768"
    "memorysetup-temp-allocator-size-gi-baking-worker=262144"
    "memorysetup-temp-allocator-size-gfx=262144"
Player connection [18248] Host "[IP] 192.168.1.27 [Port] 0 [Flags] 2 [Guid] 3743942386 [EditorId] 3743942386 [Version] 1048832 [Id] WindowsEditor(7,DESKTOP-DFBRO8G) [Debug] 1 [PackageName] WindowsEditor [ProjectName] Editor" joined multi-casting on [225.0.0.222:54997]...

Player connection [18248] Host "[IP] 192.168.1.27 [Port] 0 [Flags] 2 [Guid] 3743942386 [EditorId] 3743942386 [Version] 1048832 [Id] WindowsEditor(7,DESKTOP-DFBRO8G) [Debug] 1 [PackageName] WindowsEditor [ProjectName] Editor" joined alternative multi-casting on [225.0.0.222:34997]...

[Physics::Module] Initialized MultithreadedJobDispatcher with {0} workers.
Refreshing native plugins compatible for Editor in 142.94 ms, found 4 plugins.
Preloading 0 native plugins for Editor in 0.00 ms.
Initialize engine version: 2021.3.30f1 (b4360d7cdac4)
[Subsystems] Discovering subsystems at path C:/Program Files/Unity/Hub/Editor/2021.3.30f1/Editor/Data/Resources/UnitySubsystems
[Subsystems] Discovering subsystems at path C:/Users/auger/OneDrive/Bureau/projet/Yarcade/My project/Assets
GfxDevice: creating device client; threaded=0; jobified=0
Direct3D:
    Version:  Direct3D 11.0 [level 11.1]
    Renderer: NVIDIA GeForce RTX 2060 (ID=0x1f08)
    Vendor:   NVIDIA
    VRAM:     5968 MB
    Driver:   31.0.15.3742
Initialize mono
Mono path[0] = 'C:/Program Files/Unity/Hub/Editor/2021.3.30f1/Editor/Data/Managed'
Mono path[1] = 'C:/Program Files/Unity/Hub/Editor/2021.3.30f1/Editor/Data/MonoBleedingEdge/lib/mono/unityjit-win32'
Mono config path = 'C:/Program Files/Unity/Hub/Editor/2021.3.30f1/Editor/Data/MonoBleedingEdge/etc'
Using monoOptions --debugger-agent=transport=dt_socket,embedding=1,server=y,suspend=n,address=127.0.0.1:56344
Begin MonoManager ReloadAssembly
Registering precompiled unity dll's ...
Register platform support module: C:/Program Files/Unity/Hub/Editor/2021.3.30f1/Editor/Data/PlaybackEngines/WindowsStandaloneSupport/UnityEditor.WindowsStandalone.Extensions.dll
Registered in 0.009977 seconds.
Native extension for WindowsStandalone target not found
Refreshing native plugins compatible for Editor in 130.21 ms, found 4 plugins.
Preloading 0 native plugins for Editor in 0.00 ms.
Mono: successfully reloaded assembly
- Completed reload, in  0.867 seconds
Domain Reload Profiling:
	ReloadAssembly (868ms)
		BeginReloadAssembly (128ms)
			ExecutionOrderSort (0ms)
			DisableScriptedObjects (0ms)
			BackupInstance (0ms)
			ReleaseScriptingObjects (0ms)
			CreateAndSetChildDomain (1ms)
		EndReloadAssembly (610ms)
			LoadAssemblies (123ms)
			RebuildTransferFunctionScriptingTraits (0ms)
			SetupTypeCache (138ms)
			ReleaseScriptCaches (0ms)
			RebuildScriptCaches (33ms)
			SetupLoadedEditorAssemblies (381ms)
				LogAssemblyErrors (0ms)
				InitializePlatformSupportModulesInManaged (10ms)
				SetLoadedEditorAssemblies (0ms)
				RefreshPlugins (130ms)
				BeforeProcessingInitializeOnLoad (2ms)
				ProcessInitializeOnLoadAttributes (176ms)
				ProcessInitializeOnLoadMethodAttributes (63ms)
				AfterProcessingInitializeOnLoad (0ms)
				EditorAssembliesLoaded (0ms)
			ExecutionOrderSort2 (0ms)
			AwakeInstancesAfterBackupRestoration (0ms)
Platform modules already initialized, skipping
Registering precompiled user dll's ...
Registered in 0.012272 seconds.
Begin MonoManager ReloadAssembly
Native extension for WindowsStandalone target not found
Refreshing native plugins compatible for Editor in 133.70 ms, found 4 plugins.
Preloading 0 native plugins for Editor in 0.00 ms.
Package Manager log level set to [2]
[Package Manager] Server::EnsureServerProcessIsRunning -- launch failed, reason: Unity was launched with the -noUpm command-line argument
[Package Manager] Cannot connect to Unity Package Manager local server
Mono: successfully reloaded assembly
- Completed reload, in  2.106 seconds
Domain Reload Profiling:
	ReloadAssembly (2107ms)
		BeginReloadAssembly (210ms)
			ExecutionOrderSort (0ms)
			DisableScriptedObjects (11ms)
			BackupInstance (0ms)
			ReleaseScriptingObjects (0ms)
			CreateAndSetChildDomain (34ms)
		EndReloadAssembly (1736ms)
			LoadAssemblies (153ms)
			RebuildTransferFunctionScriptingTraits (0ms)
			SetupTypeCache (317ms)
			ReleaseScriptCaches (1ms)
			RebuildScriptCaches (80ms)
			SetupLoadedEditorAssemblies (1157ms)
				LogAssemblyErrors (0ms)
				InitializePlatformSupportModulesInManaged (9ms)
				SetLoadedEditorAssemblies (0ms)
				RefreshPlugins (134ms)
				BeforeProcessingInitializeOnLoad (146ms)
				ProcessInitializeOnLoadAttributes (793ms)
				ProcessInitializeOnLoadMethodAttributes (57ms)
				AfterProcessingInitializeOnLoad (18ms)
				EditorAssembliesLoaded (0ms)
			ExecutionOrderSort2 (0ms)
			AwakeInstancesAfterBackupRestoration (12ms)
Platform modules already initialized, skipping
========================================================================
Worker process is ready to serve import requests
Launched and connected shader compiler UnityShaderCompiler.exe after 0.06 seconds
Refreshing native plugins compatible for Editor in 1.35 ms, found 4 plugins.
Preloading 0 native plugins for Editor in 0.00 ms.
Unloading 4199 Unused Serialized files (Serialized files now loaded: 0)
Unloading 39 unused Assets / (46.8 KB). Loaded Objects now: 4665.
Memory consumption went from 161.4 MB to 161.3 MB.
Total: 4.134300 ms (FindLiveObjects: 0.423700 ms CreateObjectMapping: 0.109600 ms MarkObjects: 3.465400 ms  DeleteObjects: 0.134400 ms)

AssetImportParameters requested are different than current active one (requested -> active):
  custom:video-decoder-ogg-theora: a1e56fd34408186e4bbccfd4996cb3dc -> 
  custom:container-muxer-webm: aa71ff27fc2769a1b78a27578f13a17b -> 
  custom:container-demuxer-webm: 4f35f7cbe854078d1ac9338744f61a02 -> 
  custom:video-encoder-webm-vp8: eb34c28f22e8b96e1ab97ce403110664 -> 
  custom:CustomObjectIndexerAttribute: bc11b3a6c3213fcdd17b65e7da85e133 -> 
  custom:audio-encoder-webm-vorbis: bf7c407c2cedff20999df2af8eb42d56 -> 
  custom:framework-win-MediaFoundation: 216162199b28c13a410421893ffa2e32 -> 
  custom:SearchIndexIgnoredProperties: e643bd26f0fe6173181afceb89e7c659 -> 
  custom:container-demuxer-ogg: 62fdf1f143b41e24485cea50d1cbac27 -> 
  custom:video-decoder-webm-vp8: 9c59270c3fd7afecdb556c50c9e8de78 -> 
  custom:audio-decoder-ogg-vorbis: bf7c407c2cedff20999df2af8eb42d56 -> 
========================================================================
Received Prepare
Registering precompiled user dll's ...
Registered in 0.009327 seconds.
Begin MonoManager ReloadAssembly
Native extension for WindowsStandalone target not found
Refreshing native plugins compatible for Editor in 1.15 ms, found 4 plugins.
Preloading 0 native plugins for Editor in 0.00 ms.
[Package Manager] Server::EnsureServerProcessIsRunning -- launch failed, reason: Unity was launched with the -noUpm command-line argument
[Package Manager] Cannot connect to Unity Package Manager local server
Mono: successfully reloaded assembly
- Completed reload, in  1.611 seconds
Domain Reload Profiling:
	ReloadAssembly (1612ms)
		BeginReloadAssembly (178ms)
			ExecutionOrderSort (0ms)
			DisableScriptedObjects (7ms)
			BackupInstance (0ms)
			ReleaseScriptingObjects (0ms)
			CreateAndSetChildDomain (46ms)
		EndReloadAssembly (1311ms)
			LoadAssemblies (126ms)
			RebuildTransferFunctionScriptingTraits (0ms)
			SetupTypeCache (290ms)
			ReleaseScriptCaches (2ms)
			RebuildScriptCaches (55ms)
			SetupLoadedEditorAssemblies (810ms)
				LogAssemblyErrors (0ms)
				InitializePlatformSupportModulesInManaged (7ms)
				SetLoadedEditorAssemblies (0ms)
				RefreshPlugins (1ms)
				BeforeProcessingInitializeOnLoad (93ms)
				ProcessInitializeOnLoadAttributes (643ms)
				ProcessInitializeOnLoadMethodAttributes (49ms)
				AfterProcessingInitializeOnLoad (15ms)
				EditorAssembliesLoaded (0ms)
			ExecutionOrderSort2 (0ms)
			AwakeInstancesAfterBackupRestoration (9ms)
Platform modules already initialized, skipping
Refreshing native plugins compatible for Editor in 1.36 ms, found 4 plugins.
Preloading 0 native plugins for Editor in 0.00 ms.
Unloading 4175 Unused Serialized files (Serialized files now loaded: 0)
Unloading 26 unused Assets / (21.9 KB). Loaded Objects now: 4668.
Memory consumption went from 159.1 MB to 159.0 MB.
Total: 3.282000 ms (FindLiveObjects: 0.423200 ms CreateObjectMapping: 0.109400 ms MarkObjects: 2.722500 ms  DeleteObjects: 0.026000 ms)

AssetImportParameters requested are different than current active one (requested -> active):
  custom:video-decoder-ogg-theora: a1e56fd34408186e4bbccfd4996cb3dc -> 
  custom:container-muxer-webm: aa71ff27fc2769a1b78a27578f13a17b -> 
  custom:container-demuxer-webm: 4f35f7cbe854078d1ac9338744f61a02 -> 
  custom:video-encoder-webm-vp8: eb34c28f22e8b96e1ab97ce403110664 -> 
  custom:CustomObjectIndexerAttribute: bc11b3a6c3213fcdd17b65e7da85e133 -> 
  custom:audio-encoder-webm-vorbis: bf7c407c2cedff20999df2af8eb42d56 -> 
  custom:framework-win-MediaFoundation: 216162199b28c13a410421893ffa2e32 -> 
  custom:SearchIndexIgnoredProperties: e643bd26f0fe6173181afceb89e7c659 -> 
  custom:container-demuxer-ogg: 62fdf1f143b41e24485cea50d1cbac27 -> 
  custom:video-decoder-webm-vp8: 9c59270c3fd7afecdb556c50c9e8de78 -> 
  custom:audio-decoder-ogg-vorbis: bf7c407c2cedff20999df2af8eb42d56 -> 
========================================================================
Received Import Request.
  Time since last request: 738522.044995 seconds.
  path: Assets/Sprites/asset map/tilemap/Temple Asset Pack_Test_1.asset
  artifactKey: Guid(e6c588811e35cf44c93609379a8c911a) Importer(815301076,1909f56bfc062723c751e8b465ee728b)
Number of updated assets reloaded before import = 0
Start importing Assets/Sprites/asset map/tilemap/Temple Asset Pack_Test_1.asset using Guid(e6c588811e35cf44c93609379a8c911a) Importer(815301076,1909f56bfc062723c751e8b465ee728b)  -> (artifact id: 'cd3ae0a927cc248989333a8802a2116c') in 0.159090 seconds 
Number of asset objects unloaded after import = 3
========================================================================
Received Import Request.
  Time since last request: 0.000034 seconds.
  path: Assets/Sprites/asset map/tilemap/Temple Asset Pack_Test_101.asset
  artifactKey: Guid(dd61c69d0c2bb6949824f2e6bdc1e840) Importer(815301076,1909f56bfc062723c751e8b465ee728b)
Number of updated assets reloaded before import = 0
Start importing Assets/Sprites/asset map/tilemap/Temple Asset Pack_Test_101.asset using Guid(dd61c69d0c2bb6949824f2e6bdc1e840) Importer(815301076,1909f56bfc062723c751e8b465ee728b)  -> (artifact id: '0bf1bf15e348203cd11781272180f4b1') in 0.021763 seconds 
Number of asset objects unloaded after import = 3
========================================================================
Received Import Request.
  Time since last request: 0.000059 seconds.
  path: Assets/Sprites/asset map/tilemap/Temple Asset Pack_Test_81.asset
  artifactKey: Guid(5235eaa0e80d43a4eaaa11ad1d68dc5a) Importer(815301076,1909f56bfc062723c751e8b465ee728b)
Number of updated assets reloaded before import = 0
Start importing Assets/Sprites/asset map/tilemap/Temple Asset Pack_Test_81.asset using Guid(5235eaa0e80d43a4eaaa11ad1d68dc5a) Importer(815301076,1909f56bfc062723c751e8b465ee728b)  -> (artifact id: '60e507891cbcfa38b155029892c38704') in 0.020285 seconds 
Number of asset objects unloaded after import = 3
========================================================================
Received Import Request.
  Time since last request: 0.000026 seconds.
  path: Assets/Sprites/asset map/tilemap/Temple Asset Pack_Test_27.asset
  artifactKey: Guid(0eb9acdca38cdda40a63b8a9492eb554) Importer(815301076,1909f56bfc062723c751e8b465ee728b)
Number of updated assets reloaded before import = 0
Start importing Assets/Sprites/asset map/tilemap/Temple Asset Pack_Test_27.asset using Guid(0eb9acdca38cdda40a63b8a9492eb554) Importer(815301076,1909f56bfc062723c751e8b465ee728b)  -> (artifact id: 'adb3a8d00546f19db75d7761f3281760') in 0.022871 seconds 
Number of asset objects unloaded after import = 3
========================================================================
Received Import Request.
  Time since last request: 0.000024 seconds.
  path: Assets/Sprites/asset map/tilemap/Temple Asset Pack_Test_41.asset
  artifactKey: Guid(bae12ce203a848e4c83322b440400cb7) Importer(815301076,1909f56bfc062723c751e8b465ee728b)
Number of updated assets reloaded before import = 0
Start importing Assets/Sprites/asset map/tilemap/Temple Asset Pack_Test_41.asset using Guid(bae12ce203a848e4c83322b440400cb7) Importer(815301076,1909f56bfc062723c751e8b465ee728b)  -> (artifact id: 'a65bdb2d04282a2e9788e521ea6384ec') in 0.022356 seconds 
Number of asset objects unloaded after import = 3
========================================================================
Received Import Request.
  Time since last request: 0.000023 seconds.
  path: Assets/Sprites/asset map/tilemap/Temple Asset Pack_Test_92.asset
  artifactKey: Guid(2bde66f4501c1cd4b9da0cde36f876c4) Importer(815301076,1909f56bfc062723c751e8b465ee728b)
Number of updated assets reloaded before import = 0
Start importing Assets/Sprites/asset map/tilemap/Temple Asset Pack_Test_92.asset using Guid(2bde66f4501c1cd4b9da0cde36f876c4) Importer(815301076,1909f56bfc062723c751e8b465ee728b)  -> (artifact id: 'fbeae2b5bf2abd1edcb79863d3d95173') in 0.019423 seconds 
Number of asset objects unloaded after import = 3
========================================================================
Received Import Request.
  Time since last request: 0.000021 seconds.
  path: Assets/Sprites/asset map/tilemap/Temple Asset Pack_Test_55.asset
  artifactKey: Guid(786be3a527a86774da7df71f66c13892) Importer(815301076,1909f56bfc062723c751e8b465ee728b)
Number of updated assets reloaded before import = 0
Start importing Assets/Sprites/asset map/tilemap/Temple Asset Pack_Test_55.asset using Guid(786be3a527a86774da7df71f66c13892) Importer(815301076,1909f56bfc062723c751e8b465ee728b)  -> (artifact id: 'ef18952886beccbb6bceaced810bec56') in 0.017777 seconds 
Number of asset objects unloaded after import = 3
========================================================================
Received Import Request.
  Time since last request: 0.000022 seconds.
  path: Assets/Sprites/asset map/tilemap/Temple Asset Pack_Test_61.asset
  artifactKey: Guid(4ba1c077299ce1543931ebd36d19caea) Importer(815301076,1909f56bfc062723c751e8b465ee728b)
Number of updated assets reloaded before import = 0
Start importing Assets/Sprites/asset map/tilemap/Temple Asset Pack_Test_61.asset using Guid(4ba1c077299ce1543931ebd36d19caea) Importer(815301076,1909f56bfc062723c751e8b465ee728b)  -> (artifact id: '9634142b06634b29c9e0bacb8e0006be') in 0.019750 seconds 
Number of asset objects unloaded after import = 3
========================================================================
Received Import Request.
  Time since last request: 0.000019 seconds.
  path: Assets/Sprites/asset map/tilemap/Temple Asset Pack_Test_99.asset
  artifactKey: Guid(c36d6181cc287fb4187dbfc5734e34fc) Importer(815301076,1909f56bfc062723c751e8b465ee728b)
Number of updated assets reloaded before import = 0
Start importing Assets/Sprites/asset map/tilemap/Temple Asset Pack_Test_99.asset using Guid(c36d6181cc287fb4187dbfc5734e34fc) Importer(815301076,1909f56bfc062723c751e8b465ee728b)  -> (artifact id: '5b2b0677f7f64cc205a419f5aef10cb3') in 0.019308 seconds 
Number of asset objects unloaded after import = 3
========================================================================
Received Import Request.
  Time since last request: 0.000022 seconds.
  path: Assets/Sprites/asset map/tilemap/Temple Asset Pack_Test_73.asset
  artifactKey: Guid(8a5ec211acb11b24a927fa191e539c35) Importer(815301076,1909f56bfc062723c751e8b465ee728b)
Number of updated assets reloaded before import = 0
Start importing Assets/Sprites/asset map/tilemap/Temple Asset Pack_Test_73.asset using Guid(8a5ec211acb11b24a927fa191e539c35) Importer(815301076,1909f56bfc062723c751e8b465ee728b)  -> (artifact id: '24c986e3fdcf8ffd915826809564691b') in 0.019503 seconds 
Number of asset objects unloaded after import = 3
========================================================================
Received Import Request.
  Time since last request: 0.000022 seconds.
  path: Assets/Sprites/asset map/tilemap/Temple Asset Pack_Test_75.asset
  artifactKey: Guid(e4c4ab8b06ab40d4ebede45d61ab3d7a) Importer(815301076,1909f56bfc062723c751e8b465ee728b)
Number of updated assets reloaded before import = 0
Start importing Assets/Sprites/asset map/tilemap/Temple Asset Pack_Test_75.asset using Guid(e4c4ab8b06ab40d4ebede45d61ab3d7a) Importer(815301076,1909f56bfc062723c751e8b465ee728b)  -> (artifact id: '6ee33eb2f25aff0413b57179066b5e10') in 0.019475 seconds 
Number of asset objects unloaded after import = 3
========================================================================
Received Import Request.
  Time since last request: 0.000022 seconds.
  path: Assets/Sprites/asset map/tilemap/Temple Asset Pack_Test_132.asset
  artifactKey: Guid(e708b1a544fc7924a8737a303d3b225c) Importer(815301076,1909f56bfc062723c751e8b465ee728b)
Number of updated assets reloaded before import = 0
Start importing Assets/Sprites/asset map/tilemap/Temple Asset Pack_Test_132.asset using Guid(e708b1a544fc7924a8737a303d3b225c) Importer(815301076,1909f56bfc062723c751e8b465ee728b)  -> (artifact id: '3ecbbb07b902c6d21a236eb79be028d5') in 0.019290 seconds 
Number of asset objects unloaded after import = 3
========================================================================
Received Import Request.
  Time since last request: 0.000022 seconds.
  path: Assets/Sprites/asset map/tilemap/Temple Asset Pack_Test_67.asset
  artifactKey: Guid(caf7fd97213878548b6ce32fd18c0867) Importer(815301076,1909f56bfc062723c751e8b465ee728b)
Number of updated assets reloaded before import = 0
Start importing Assets/Sprites/asset map/tilemap/Temple Asset Pack_Test_67.asset using Guid(caf7fd97213878548b6ce32fd18c0867) Importer(815301076,1909f56bfc062723c751e8b465ee728b)  -> (artifact id: '1e1a3d47943dc72eb0d6700ffc0fa171') in 0.017760 seconds 
Number of asset objects unloaded after import = 3
========================================================================
Received Import Request.
  Time since last request: 0.000030 seconds.
  path: Assets/Sprites/asset map/tilemap/Temple Asset Pack_Test_108.asset
  artifactKey: Guid(937a61fc9d22ce743b8a7d14727608a2) Importer(815301076,1909f56bfc062723c751e8b465ee728b)
Number of updated assets reloaded before import = 0
Start importing Assets/Sprites/asset map/tilemap/Temple Asset Pack_Test_108.asset using Guid(937a61fc9d22ce743b8a7d14727608a2) Importer(815301076,1909f56bfc062723c751e8b465ee728b)  -> (artifact id: 'eeaa8b280ba1502ce73c2a37d6952163') in 0.018640 seconds 
Number of asset objects unloaded after import = 3
========================================================================
Received Import Request.
  Time since last request: 0.000023 seconds.
  path: Assets/Sprites/asset map/tilemap/Temple Asset Pack_Test_117.asset
  artifactKey: Guid(057ee35ec4fcf3c40ae4825fd3149832) Importer(815301076,1909f56bfc062723c751e8b465ee728b)
Number of updated assets reloaded before import = 0
Start importing Assets/Sprites/asset map/tilemap/Temple Asset Pack_Test_117.asset using Guid(057ee35ec4fcf3c40ae4825fd3149832) Importer(815301076,1909f56bfc062723c751e8b465ee728b)  -> (artifact id: '3a243d3c0bb13a58a4c55e1c8b14350f') in 0.018411 seconds 
Number of asset objects unloaded after import = 3
========================================================================
Received Import Request.
  Time since last request: 0.000019 seconds.
  path: Assets/Sprites/asset map/tilemap/Temple Asset Pack_Test_15.asset
  artifactKey: Guid(cf3d4eaaa08c881408bd8f8093de481a) Importer(815301076,1909f56bfc062723c751e8b465ee728b)
Number of updated assets reloaded before import = 0
Start importing Assets/Sprites/asset map/tilemap/Temple Asset Pack_Test_15.asset using Guid(cf3d4eaaa08c881408bd8f8093de481a) Importer(815301076,1909f56bfc062723c751e8b465ee728b)  -> (artifact id: '96e49da92f5f5862c5c2ba9c760d7113') in 0.020266 seconds 
Number of asset objects unloaded after import = 3
========================================================================
Received Import Request.
  Time since last request: 0.000020 seconds.
  path: Assets/Sprites/asset map/tilemap/Temple Asset Pack_Test_83.asset
  artifactKey: Guid(7dd318ba6200e924987d1c10dde1ac3d) Importer(815301076,1909f56bfc062723c751e8b465ee728b)
Number of updated assets reloaded before import = 0
Start importing Assets/Sprites/asset map/tilemap/Temple Asset Pack_Test_83.asset using Guid(7dd318ba6200e924987d1c10dde1ac3d) Importer(815301076,1909f56bfc062723c751e8b465ee728b)  -> (artifact id: '8a584d50ca088cf93e8f58620f3be5ea') in 0.019891 seconds 
Number of asset objects unloaded after import = 3
========================================================================
Received Import Request.
  Time since last request: 0.000022 seconds.
  path: Assets/Sprites/asset map/tilemap/Temple Asset Pack_Test_37.asset
  artifactKey: Guid(9a9dd6e0b368ed74ab0ba00cfe159cdb) Importer(815301076,1909f56bfc062723c751e8b465ee728b)
Number of updated assets reloaded before import = 0
Start importing Assets/Sprites/asset map/tilemap/Temple Asset Pack_Test_37.asset using Guid(9a9dd6e0b368ed74ab0ba00cfe159cdb) Importer(815301076,1909f56bfc062723c751e8b465ee728b)  -> (artifact id: '455e8ed2188cac1c15ebcf3742c0196e') in 0.017404 seconds 
Number of asset objects unloaded after import = 3
========================================================================
Received Import Request.
  Time since last request: 0.000023 seconds.
  path: Assets/Sprites/asset map/tilemap/Temple Asset Pack_Test_125.asset
  artifactKey: Guid(0a702cb2864d37d4897e1d0cd3c9b226) Importer(815301076,1909f56bfc062723c751e8b465ee728b)
Number of updated assets reloaded before import = 0
Start importing Assets/Sprites/asset map/tilemap/Temple Asset Pack_Test_125.asset using Guid(0a702cb2864d37d4897e1d0cd3c9b226) Importer(815301076,1909f56bfc062723c751e8b465ee728b)  -> (artifact id: '3b82845c9e7ef1edceabcc12de012d84') in 0.018858 seconds 
Number of asset objects unloaded after import = 3
========================================================================
Received Import Request.
  Time since last request: 0.000017 seconds.
  path: Assets/Sprites/asset map/tilemap/Temple Asset Pack_Test_29.asset
  artifactKey: Guid(e9178b43e7e583441be54d38f8e6afef) Importer(815301076,1909f56bfc062723c751e8b465ee728b)
Number of updated assets reloaded before import = 0
Start importing Assets/Sprites/asset map/tilemap/Temple Asset Pack_Test_29.asset using Guid(e9178b43e7e583441be54d38f8e6afef) Importer(815301076,1909f56bfc062723c751e8b465ee728b)  -> (artifact id: 'f77fcdbe2128e4928b144209ce07683f') in 0.018798 seconds 
Number of asset objects unloaded after import = 3
========================================================================
Received Import Request.
  Time since last request: 0.000027 seconds.
  path: Assets/Sprites/asset map/tilemap/Temple Asset Pack_Test_89.asset
  artifactKey: Guid(07d4627d26fe6b44e87df31d998eeda4) Importer(815301076,1909f56bfc062723c751e8b465ee728b)
Number of updated assets reloaded before import = 0
Start importing Assets/Sprites/asset map/tilemap/Temple Asset Pack_Test_89.asset using Guid(07d4627d26fe6b44e87df31d998eeda4) Importer(815301076,1909f56bfc062723c751e8b465ee728b)  -> (artifact id: 'baec3310865f40105cc5be1350334834') in 0.019899 seconds 
Number of asset objects unloaded after import = 3
========================================================================
Received Import Request.
  Time since last request: 0.000019 seconds.
  path: Assets/Sprites/asset map/tilemap/Temple Asset Pack_Test_47.asset
  artifactKey: Guid(f748d1350e82b764fbc5e7a94838a7ed) Importer(815301076,1909f56bfc062723c751e8b465ee728b)
Number of updated assets reloaded before import = 0
Start importing Assets/Sprites/asset map/tilemap/Temple Asset Pack_Test_47.asset using Guid(f748d1350e82b764fbc5e7a94838a7ed) Importer(815301076,1909f56bfc062723c751e8b465ee728b)  -> (artifact id: 'd80b2fb492e5635ee4cdcc68000b25fb') in 0.021665 seconds 
Number of asset objects unloaded after import = 3
========================================================================
Received Import Request.
  Time since last request: 0.000025 seconds.
  path: Assets/Sprites/asset map/tilemap/Temple Asset Pack_Test_84.asset
  artifactKey: Guid(c2673e01e5d06ed45a8cb4ff4a3e54e5) Importer(815301076,1909f56bfc062723c751e8b465ee728b)
Number of updated assets reloaded before import = 0
Start importing Assets/Sprites/asset map/tilemap/Temple Asset Pack_Test_84.asset using Guid(c2673e01e5d06ed45a8cb4ff4a3e54e5) Importer(815301076,1909f56bfc062723c751e8b465ee728b)  -> (artifact id: 'ff7798d0fffd48906535f9b0ee38aa34') in 0.019800 seconds 
Number of asset objects unloaded after import = 3
========================================================================
Received Import Request.
  Time since last request: 0.000029 seconds.
  path: Assets/Sprites/asset map/tilemap/Temple Asset Pack_Test_57.asset
  artifactKey: Guid(a5e0e5b128c3f454389fddaa557dcbd2) Importer(815301076,1909f56bfc062723c751e8b465ee728b)
Number of updated assets reloaded before import = 0
Start importing Assets/Sprites/asset map/tilemap/Temple Asset Pack_Test_57.asset using Guid(a5e0e5b128c3f454389fddaa557dcbd2) Importer(815301076,1909f56bfc062723c751e8b465ee728b)  -> (artifact id: 'b30cc96d626304c7e1cda7c2478eb3ab') in 0.018994 seconds 
Number of asset objects unloaded after import = 3
========================================================================
Received Import Request.
  Time since last request: 0.000037 seconds.
  path: Assets/Sprites/asset map/tilemap/Temple Asset Pack_Test_54.asset
  artifactKey: Guid(9f9a942ef2df09548bb8540c79208999) Importer(815301076,1909f56bfc062723c751e8b465ee728b)
Number of updated assets reloaded before import = 0
Start importing Assets/Sprites/asset map/tilemap/Temple Asset Pack_Test_54.asset using Guid(9f9a942ef2df09548bb8540c79208999) Importer(815301076,1909f56bfc062723c751e8b465ee728b)  -> (artifact id: 'c111f1082096106ba78b46e3b0bc2314') in 0.020540 seconds 
Number of asset objects unloaded after import = 3
========================================================================
Received Import Request.
  Time since last request: 0.000023 seconds.
  path: Assets/Sprites/asset map/tilemap/Temple Asset Pack_Test_28.asset
  artifactKey: Guid(095f35cf55d03a34886e341953c82723) Importer(815301076,1909f56bfc062723c751e8b465ee728b)
Number of updated assets reloaded before import = 0
Start importing Assets/Sprites/asset map/tilemap/Temple Asset Pack_Test_28.asset using Guid(095f35cf55d03a34886e341953c82723) Importer(815301076,1909f56bfc062723c751e8b465ee728b)  -> (artifact id: '77be0689bffbebb68d4016effd27f48b') in 0.021361 seconds 
Number of asset objects unloaded after import = 3
========================================================================
Received Import Request.
  Time since last request: 0.000025 seconds.
  path: Assets/Sprites/asset map/tilemap/Temple Asset Pack_Test_76.asset
  artifactKey: Guid(b5ca43057d980e34b99757c7e4420e4f) Importer(815301076,1909f56bfc062723c751e8b465ee728b)
Number of updated assets reloaded before import = 0
Start importing Assets/Sprites/asset map/tilemap/Temple Asset Pack_Test_76.asset using Guid(b5ca43057d980e34b99757c7e4420e4f) Importer(815301076,1909f56bfc062723c751e8b465ee728b)  -> (artifact id: 'f5291771fc6f8c1619bba864a5e52fd3') in 0.022078 seconds 
Number of asset objects unloaded after import = 3
========================================================================
Received Import Request.
  Time since last request: 0.000020 seconds.
  path: Assets/Sprites/asset map/tilemap/Temple Asset Pack_Test_39.asset
  artifactKey: Guid(13f22343947340542a161a3625297e84) Importer(815301076,1909f56bfc062723c751e8b465ee728b)
Number of updated assets reloaded before import = 0
Start importing Assets/Sprites/asset map/tilemap/Temple Asset Pack_Test_39.asset using Guid(13f22343947340542a161a3625297e84) Importer(815301076,1909f56bfc062723c751e8b465ee728b)  -> (artifact id: '51cf6eebb54c8b1ab119cb9b3d1dd14e') in 0.020728 seconds 
Number of asset objects unloaded after import = 3
========================================================================
Received Import Request.
  Time since last request: 0.000026 seconds.
  path: Assets/Sprites/asset map/tilemap/Temple Asset Pack_Test_93.asset
  artifactKey: Guid(5cf4985e4cd91ed46a71c1b95a825fb5) Importer(815301076,1909f56bfc062723c751e8b465ee728b)
Number of updated assets reloaded before import = 0
Start importing Assets/Sprites/asset map/tilemap/Temple Asset Pack_Test_93.asset using Guid(5cf4985e4cd91ed46a71c1b95a825fb5) Importer(815301076,1909f56bfc062723c751e8b465ee728b)  -> (artifact id: '6cbd0eeaa14239b5319b4034259949ef') in 0.020412 seconds 
Number of asset objects unloaded after import = 3
========================================================================
Received Import Request.
  Time since last request: 0.000021 seconds.
  path: Assets/Sprites/asset map/tilemap/Temple Asset Pack_Test_116.asset
  artifactKey: Guid(d2691869376d8764293439d8adfe97a9) Importer(815301076,1909f56bfc062723c751e8b465ee728b)
Number of updated assets reloaded before import = 0
Start importing Assets/Sprites/asset map/tilemap/Temple Asset Pack_Test_116.asset using Guid(d2691869376d8764293439d8adfe97a9) Importer(815301076,1909f56bfc062723c751e8b465ee728b)  -> (artifact id: '5bf83a836656ddd743540d9a1840d6af') in 0.023692 seconds 
Number of asset objects unloaded after import = 3
========================================================================
Received Import Request.
  Time since last request: 0.000029 seconds.
  path: Assets/Sprites/asset map/tilemap/Temple Asset Pack_Test_38.asset
  artifactKey: Guid(7156968005e013449b3660cc3ebfe7dc) Importer(815301076,1909f56bfc062723c751e8b465ee728b)
Number of updated assets reloaded before import = 0
Start importing Assets/Sprites/asset map/tilemap/Temple Asset Pack_Test_38.asset using Guid(7156968005e013449b3660cc3ebfe7dc) Importer(815301076,1909f56bfc062723c751e8b465ee728b)  -> (artifact id: '4fcab3058d7655bd0ccd3dcb28390ebc') in 0.019355 seconds 
Number of asset objects unloaded after import = 3
========================================================================
Received Import Request.
  Time since last request: 0.000024 seconds.
  path: Assets/Sprites/asset map/tilemap/Temple Asset Pack_Test_122.asset
  artifactKey: Guid(ac6b01d8ef651a04c98e5af4607fb32d) Importer(815301076,1909f56bfc062723c751e8b465ee728b)
Number of updated assets reloaded before import = 0
Start importing Assets/Sprites/asset map/tilemap/Temple Asset Pack_Test_122.asset using Guid(ac6b01d8ef651a04c98e5af4607fb32d) Importer(815301076,1909f56bfc062723c751e8b465ee728b)  -> (artifact id: '8a1d061bf93c45b2fa7eada0af5a6a57') in 0.018776 seconds 
Number of asset objects unloaded after import = 3
========================================================================
Received Import Request.
  Time since last request: 0.000025 seconds.
  path: Assets/Sprites/asset map/tilemap/Temple Asset Pack_Test_96.asset
  artifactKey: Guid(ff45adb39638a864a8f7cf9af4622119) Importer(815301076,1909f56bfc062723c751e8b465ee728b)
Number of updated assets reloaded before import = 0
Start importing Assets/Sprites/asset map/tilemap/Temple Asset Pack_Test_96.asset using Guid(ff45adb39638a864a8f7cf9af4622119) Importer(815301076,1909f56bfc062723c751e8b465ee728b)  -> (artifact id: '8814dc6703c635e14dc38e22a013ebd0') in 0.021136 seconds 
Number of asset objects unloaded after import = 3
========================================================================
Received Import Request.
  Time since last request: 0.000025 seconds.
  path: Assets/Sprites/asset map/tilemap/Temple Asset Pack_Test_13.asset
  artifactKey: Guid(882afcaf8beb2e342852374380c5a5f4) Importer(815301076,1909f56bfc062723c751e8b465ee728b)
Number of updated assets reloaded before import = 0
Start importing Assets/Sprites/asset map/tilemap/Temple Asset Pack_Test_13.asset using Guid(882afcaf8beb2e342852374380c5a5f4) Importer(815301076,1909f56bfc062723c751e8b465ee728b)  -> (artifact id: '5407cd20249d243438dc647cd1ac9269') in 0.018894 seconds 
Number of asset objects unloaded after import = 3
========================================================================
Received Import Request.
  Time since last request: 0.000036 seconds.
  path: Assets/Sprites/asset map/tilemap/Temple Asset Pack_Test_34.asset
  artifactKey: Guid(65dbb6856be5f6241a476055d8b64d66) Importer(815301076,1909f56bfc062723c751e8b465ee728b)
Number of updated assets reloaded before import = 0
Start importing Assets/Sprites/asset map/tilemap/Temple Asset Pack_Test_34.asset using Guid(65dbb6856be5f6241a476055d8b64d66) Importer(815301076,1909f56bfc062723c751e8b465ee728b)  -> (artifact id: 'e18265fcffd20c29e71aac741862acfe') in 0.017871 seconds 
Number of asset objects unloaded after import = 3
========================================================================
Received Import Request.
  Time since last request: 0.000024 seconds.
  path: Assets/Sprites/asset map/tilemap/Temple Asset Pack_Test_87.asset
  artifactKey: Guid(4e65857072a31684fa4cb965fad2cecf) Importer(815301076,1909f56bfc062723c751e8b465ee728b)
Number of updated assets reloaded before import = 0
Start importing Assets/Sprites/asset map/tilemap/Temple Asset Pack_Test_87.asset using Guid(4e65857072a31684fa4cb965fad2cecf) Importer(815301076,1909f56bfc062723c751e8b465ee728b)  -> (artifact id: 'f0cf0802fe4df4bcb40ab42b717e89bd') in 0.018414 seconds 
Number of asset objects unloaded after import = 3
========================================================================
Received Import Request.
  Time since last request: 0.000020 seconds.
  path: Assets/Sprites/asset map/tilemap/Temple Asset Pack_Test_112.asset
  artifactKey: Guid(52de807dbd024ce409fdd59dd7204482) Importer(815301076,1909f56bfc062723c751e8b465ee728b)
Number of updated assets reloaded before import = 0
Start importing Assets/Sprites/asset map/tilemap/Temple Asset Pack_Test_112.asset using Guid(52de807dbd024ce409fdd59dd7204482) Importer(815301076,1909f56bfc062723c751e8b465ee728b)  -> (artifact id: 'c6898e5cd2f4d043568de4d44b4be5f2') in 0.018098 seconds 
Number of asset objects unloaded after import = 3
========================================================================
Received Import Request.
  Time since last request: 0.000023 seconds.
  path: Assets/Sprites/asset map/tilemap/Temple Asset Pack_Test_79.asset
  artifactKey: Guid(f75121422144aab438330cb30e2e230b) Importer(815301076,1909f56bfc062723c751e8b465ee728b)
Number of updated assets reloaded before import = 0
Start importing Assets/Sprites/asset map/tilemap/Temple Asset Pack_Test_79.asset using Guid(f75121422144aab438330cb30e2e230b) Importer(815301076,1909f56bfc062723c751e8b465ee728b)  -> (artifact id: 'b9723c88a3b87d86f84d7f753a34a4ff') in 0.019829 seconds 
Number of asset objects unloaded after import = 3
========================================================================
Received Import Request.
  Time since last request: 0.000026 seconds.
  path: Assets/Sprites/asset map/tilemap/Temple Asset Pack_Test_137.asset
  artifactKey: Guid(3f6d18d904045e14aa4d7b0fbfaeb76f) Importer(815301076,1909f56bfc062723c751e8b465ee728b)
Number of updated assets reloaded before import = 0
Start importing Assets/Sprites/asset map/tilemap/Temple Asset Pack_Test_137.asset using Guid(3f6d18d904045e14aa4d7b0fbfaeb76f) Importer(815301076,1909f56bfc062723c751e8b465ee728b)  -> (artifact id: '5e6e379a36502df9d56e18ed9aefa17e') in 0.017046 seconds 
Number of asset objects unloaded after import = 3
========================================================================
Received Import Request.
  Time since last request: 0.000017 seconds.
  path: Assets/Sprites/asset map/tilemap/Temple Asset Pack_Test_121.asset
  artifactKey: Guid(0ace78bd5f65ef74ea9ce133d22811cc) Importer(815301076,1909f56bfc062723c751e8b465ee728b)
Number of updated assets reloaded before import = 0
Start importing Assets/Sprites/asset map/tilemap/Temple Asset Pack_Test_121.asset using Guid(0ace78bd5f65ef74ea9ce133d22811cc) Importer(815301076,1909f56bfc062723c751e8b465ee728b)  -> (artifact id: '1c7a60ddbb5a1188193a970eb2092e36') in 0.020334 seconds 
Number of asset objects unloaded after import = 3
========================================================================
Received Import Request.
  Time since last request: 0.000016 seconds.
  path: Assets/Sprites/asset map/tilemap/Temple Asset Pack_Test_19.asset
  artifactKey: Guid(b0e62e8c42dad184684ec49dbec264e8) Importer(815301076,1909f56bfc062723c751e8b465ee728b)
Number of updated assets reloaded before import = 0
Start importing Assets/Sprites/asset map/tilemap/Temple Asset Pack_Test_19.asset using Guid(b0e62e8c42dad184684ec49dbec264e8) Importer(815301076,1909f56bfc062723c751e8b465ee728b)  -> (artifact id: '3a6590ad9e4749f1bb9d89b221137d9d') in 0.017688 seconds 
Number of asset objects unloaded after import = 3
========================================================================
Received Import Request.
  Time since last request: 0.000027 seconds.
  path: Assets/Sprites/asset map/tilemap/Temple Asset Pack_Test_31.asset
  artifactKey: Guid(b9616cebf0720fc4296d3047d6347299) Importer(815301076,1909f56bfc062723c751e8b465ee728b)
Number of updated assets reloaded before import = 0
Start importing Assets/Sprites/asset map/tilemap/Temple Asset Pack_Test_31.asset using Guid(b9616cebf0720fc4296d3047d6347299) Importer(815301076,1909f56bfc062723c751e8b465ee728b)  -> (artifact id: '756c7b81110f7a5eee21dda7fabffc58') in 0.018489 seconds 
Number of asset objects unloaded after import = 3
========================================================================
Received Import Request.
  Time since last request: 0.000018 seconds.
  path: Assets/Sprites/asset map/tilemap/Temple Asset Pack_Test_72.asset
  artifactKey: Guid(4fa4df8aa33702b4a9ccd3250773c960) Importer(815301076,1909f56bfc062723c751e8b465ee728b)
Number of updated assets reloaded before import = 0
Start importing Assets/Sprites/asset map/tilemap/Temple Asset Pack_Test_72.asset using Guid(4fa4df8aa33702b4a9ccd3250773c960) Importer(815301076,1909f56bfc062723c751e8b465ee728b)  -> (artifact id: '4bb2d6d4d87ad33fbbc8de5cc7025378') in 0.023396 seconds 
Number of asset objects unloaded after import = 3
========================================================================
Received Import Request.
  Time since last request: 0.000020 seconds.
  path: Assets/Sprites/asset map/tilemap/Temple Asset Pack_Test_8.asset
  artifactKey: Guid(a7bbb93d09052a8439750d52f60082cd) Importer(815301076,1909f56bfc062723c751e8b465ee728b)
Number of updated assets reloaded before import = 0
Start importing Assets/Sprites/asset map/tilemap/Temple Asset Pack_Test_8.asset using Guid(a7bbb93d09052a8439750d52f60082cd) Importer(815301076,1909f56bfc062723c751e8b465ee728b)  -> (artifact id: 'dbb712da509f60de52fcc9566bf797c3') in 0.021680 seconds 
Number of asset objects unloaded after import = 3
========================================================================
Received Import Request.
  Time since last request: 0.000025 seconds.
  path: Assets/Sprites/asset map/tilemap/Temple Asset Pack_Test_48.asset
  artifactKey: Guid(49ad264384454284e9657748380891da) Importer(815301076,1909f56bfc062723c751e8b465ee728b)
Number of updated assets reloaded before import = 0
Start importing Assets/Sprites/asset map/tilemap/Temple Asset Pack_Test_48.asset using Guid(49ad264384454284e9657748380891da) Importer(815301076,1909f56bfc062723c751e8b465ee728b)  -> (artifact id: '96be48c5c1c8de50f49dd2f617d27555') in 0.021549 seconds 
Number of asset objects unloaded after import = 3
========================================================================
Received Import Request.
  Time since last request: 0.000033 seconds.
  path: Assets/Sprites/asset map/tilemap/Temple Asset Pack_Test_123.asset
  artifactKey: Guid(1b239ece421680041b4c8642fa8270de) Importer(815301076,1909f56bfc062723c751e8b465ee728b)
Number of updated assets reloaded before import = 0
Start importing Assets/Sprites/asset map/tilemap/Temple Asset Pack_Test_123.asset using Guid(1b239ece421680041b4c8642fa8270de) Importer(815301076,1909f56bfc062723c751e8b465ee728b)  -> (artifact id: '52298bec19404439272f627144da837a') in 0.020220 seconds 
Number of asset objects unloaded after import = 3
========================================================================
Received Import Request.
  Time since last request: 0.000019 seconds.
  path: Assets/Sprites/asset map/tilemap/Temple Asset Pack_Test_100.asset
  artifactKey: Guid(bc6d6c2f6e95f9d4d9fb7e2d783538ab) Importer(815301076,1909f56bfc062723c751e8b465ee728b)
Number of updated assets reloaded before import = 0
Start importing Assets/Sprites/asset map/tilemap/Temple Asset Pack_Test_100.asset using Guid(bc6d6c2f6e95f9d4d9fb7e2d783538ab) Importer(815301076,1909f56bfc062723c751e8b465ee728b)  -> (artifact id: '082eb6c1b7e9567df504e7e917cbc4da') in 0.020976 seconds 
Number of asset objects unloaded after import = 3
========================================================================
Received Import Request.
  Time since last request: 0.000022 seconds.
  path: Assets/Sprites/asset map/tilemap/Temple Asset Pack_Test_18.asset
  artifactKey: Guid(dc677d82090e17447888fd73218590c0) Importer(815301076,1909f56bfc062723c751e8b465ee728b)
Number of updated assets reloaded before import = 0
Start importing Assets/Sprites/asset map/tilemap/Temple Asset Pack_Test_18.asset using Guid(dc677d82090e17447888fd73218590c0) Importer(815301076,1909f56bfc062723c751e8b465ee728b)  -> (artifact id: '6fe6c0ef4225012d0ed8b215f10929be') in 0.019290 seconds 
Number of asset objects unloaded after import = 3
========================================================================
Received Import Request.
  Time since last request: 0.000029 seconds.
  path: Assets/Sprites/asset map/tilemap/Temple Asset Pack_Test_3.asset
  artifactKey: Guid(43c7fbd3412fc434794026384060564c) Importer(815301076,1909f56bfc062723c751e8b465ee728b)
Number of updated assets reloaded before import = 0
Start importing Assets/Sprites/asset map/tilemap/Temple Asset Pack_Test_3.asset using Guid(43c7fbd3412fc434794026384060564c) Importer(815301076,1909f56bfc062723c751e8b465ee728b)  -> (artifact id: '05376e135b8f7d0ce226794fe57397fb') in 0.020539 seconds 
Number of asset objects unloaded after import = 3
========================================================================
Received Import Request.
  Time since last request: 0.000025 seconds.
  path: Assets/Sprites/asset map/tilemap/Temple Asset Pack_Test_56.asset
  artifactKey: Guid(ab1f308588c2b454b9dfcef06f60573c) Importer(815301076,1909f56bfc062723c751e8b465ee728b)
Number of updated assets reloaded before import = 0
Start importing Assets/Sprites/asset map/tilemap/Temple Asset Pack_Test_56.asset using Guid(ab1f308588c2b454b9dfcef06f60573c) Importer(815301076,1909f56bfc062723c751e8b465ee728b)  -> (artifact id: '987c7c86da3ce184517b07b65da882af') in 0.020007 seconds 
Number of asset objects unloaded after import = 3
========================================================================
Received Import Request.
  Time since last request: 0.000026 seconds.
  path: Assets/Sprites/asset map/tilemap/Temple Asset Pack_Test_33.asset
  artifactKey: Guid(636ff3a5f40309d43b8f94c15fb60e02) Importer(815301076,1909f56bfc062723c751e8b465ee728b)
Number of updated assets reloaded before import = 0
Start importing Assets/Sprites/asset map/tilemap/Temple Asset Pack_Test_33.asset using Guid(636ff3a5f40309d43b8f94c15fb60e02) Importer(815301076,1909f56bfc062723c751e8b465ee728b)  -> (artifact id: '2781590d318b99400706b20d1ed3921d') in 0.020584 seconds 
Number of asset objects unloaded after import = 3
========================================================================
Received Import Request.
  Time since last request: 0.000026 seconds.
  path: Assets/Sprites/asset map/tilemap/Temple Asset Pack_Test_127.asset
  artifactKey: Guid(52ea0d958d485cb4497d2a47d3f280ab) Importer(815301076,1909f56bfc062723c751e8b465ee728b)
Number of updated assets reloaded before import = 0
Start importing Assets/Sprites/asset map/tilemap/Temple Asset Pack_Test_127.asset using Guid(52ea0d958d485cb4497d2a47d3f280ab) Importer(815301076,1909f56bfc062723c751e8b465ee728b)  -> (artifact id: 'f67add657a28eeaeadb366d189dfd249') in 0.030266 seconds 
Number of asset objects unloaded after import = 3
========================================================================
Received Import Request.
  Time since last request: 0.000025 seconds.
  path: Assets/Sprites/asset map/tilemap/Temple Asset Pack_Test_45.asset
  artifactKey: Guid(0fdcd4a2277919e4db4c0adafb032c25) Importer(815301076,1909f56bfc062723c751e8b465ee728b)
Number of updated assets reloaded before import = 0
Start importing Assets/Sprites/asset map/tilemap/Temple Asset Pack_Test_45.asset using Guid(0fdcd4a2277919e4db4c0adafb032c25) Importer(815301076,1909f56bfc062723c751e8b465ee728b)  -> (artifact id: '0ba2e35723898754e9efe3745590d864') in 0.023400 seconds 
Number of asset objects unloaded after import = 3
========================================================================
Received Import Request.
  Time since last request: 0.000022 seconds.
  path: Assets/Sprites/asset map/tilemap/Temple Asset Pack_Test_49.asset
  artifactKey: Guid(fa5fb687cc440ef488dd75a7d618495d) Importer(815301076,1909f56bfc062723c751e8b465ee728b)
Number of updated assets reloaded before import = 0
Start importing Assets/Sprites/asset map/tilemap/Temple Asset Pack_Test_49.asset using Guid(fa5fb687cc440ef488dd75a7d618495d) Importer(815301076,1909f56bfc062723c751e8b465ee728b)  -> (artifact id: '6b8d0f31eca1ab37fd6a3628ca441946') in 0.020660 seconds 
Number of asset objects unloaded after import = 3
========================================================================
Received Import Request.
  Time since last request: 0.000026 seconds.
  path: Assets/Sprites/asset map/tilemap/Temple Asset Pack_Test_14.asset
  artifactKey: Guid(d678d700790523746ba9096992a22dad) Importer(815301076,1909f56bfc062723c751e8b465ee728b)
Number of updated assets reloaded before import = 0
Start importing Assets/Sprites/asset map/tilemap/Temple Asset Pack_Test_14.asset using Guid(d678d700790523746ba9096992a22dad) Importer(815301076,1909f56bfc062723c751e8b465ee728b)  -> (artifact id: '0467f0f441d8d903bce09169362623d7') in 0.020344 seconds 
Number of asset objects unloaded after import = 3
========================================================================
Received Import Request.
  Time since last request: 0.000033 seconds.
  path: Assets/Sprites/asset map/tilemap/Temple Asset Pack_Test_44.asset
  artifactKey: Guid(43d8af9d5be860d459491bfd9d9e4e0b) Importer(815301076,1909f56bfc062723c751e8b465ee728b)
Number of updated assets reloaded before import = 0
Start importing Assets/Sprites/asset map/tilemap/Temple Asset Pack_Test_44.asset using Guid(43d8af9d5be860d459491bfd9d9e4e0b) Importer(815301076,1909f56bfc062723c751e8b465ee728b)  -> (artifact id: '17cbd7f673d6cfa4e54abceac1d28795') in 0.019646 seconds 
Number of asset objects unloaded after import = 3
========================================================================
Received Import Request.
  Time since last request: 0.000026 seconds.
  path: Assets/Sprites/asset map/tilemap/Temple Asset Pack_Test_136.asset
  artifactKey: Guid(ceef2220e1f16154a892d352d164d65e) Importer(815301076,1909f56bfc062723c751e8b465ee728b)
Number of updated assets reloaded before import = 0
Start importing Assets/Sprites/asset map/tilemap/Temple Asset Pack_Test_136.asset using Guid(ceef2220e1f16154a892d352d164d65e) Importer(815301076,1909f56bfc062723c751e8b465ee728b)  -> (artifact id: '4007b4547a7d7ed61130c93a3e2db91c') in 0.021602 seconds 
Number of asset objects unloaded after import = 3
========================================================================
Received Import Request.
  Time since last request: 0.000024 seconds.
  path: Assets/Sprites/asset map/tilemap/Temple Asset Pack_Test_60.asset
  artifactKey: Guid(42063ac02293e234284427e836b59a15) Importer(815301076,1909f56bfc062723c751e8b465ee728b)
Number of updated assets reloaded before import = 0
Start importing Assets/Sprites/asset map/tilemap/Temple Asset Pack_Test_60.asset using Guid(42063ac02293e234284427e836b59a15) Importer(815301076,1909f56bfc062723c751e8b465ee728b)  -> (artifact id: '5a534550c863701fac811ff6c5579750') in 0.021089 seconds 
Number of asset objects unloaded after import = 3
========================================================================
Received Import Request.
  Time since last request: 0.000028 seconds.
  path: Assets/Sprites/asset map/tilemap/Temple Asset Pack_Test_119.asset
  artifactKey: Guid(d51607513dc893540900e201f7b2275b) Importer(815301076,1909f56bfc062723c751e8b465ee728b)
Number of updated assets reloaded before import = 0
Start importing Assets/Sprites/asset map/tilemap/Temple Asset Pack_Test_119.asset using Guid(d51607513dc893540900e201f7b2275b) Importer(815301076,1909f56bfc062723c751e8b465ee728b)  -> (artifact id: '26dd59cf9befedd3fc864328dfab8a8d') in 0.022302 seconds 
Number of asset objects unloaded after import = 3
========================================================================
Received Import Request.
  Time since last request: 0.000026 seconds.
  path: Assets/Sprites/asset map/tilemap/Temple Asset Pack_Test_88.asset
  artifactKey: Guid(ca30317cc5adeee46bd8403a4ad18dba) Importer(815301076,1909f56bfc062723c751e8b465ee728b)
Number of updated assets reloaded before import = 0
Start importing Assets/Sprites/asset map/tilemap/Temple Asset Pack_Test_88.asset using Guid(ca30317cc5adeee46bd8403a4ad18dba) Importer(815301076,1909f56bfc062723c751e8b465ee728b)  -> (artifact id: '1f80bbf989fbc13b5301720aadb86f3e') in 0.022471 seconds 
Number of asset objects unloaded after import = 3
========================================================================
Received Import Request.
  Time since last request: 0.000028 seconds.
  path: Assets/Sprites/asset map/tilemap/Temple Asset Pack_Test_94.asset
  artifactKey: Guid(5f25565370a73d749940e82bf4d64f5e) Importer(815301076,1909f56bfc062723c751e8b465ee728b)
Number of updated assets reloaded before import = 0
Start importing Assets/Sprites/asset map/tilemap/Temple Asset Pack_Test_94.asset using Guid(5f25565370a73d749940e82bf4d64f5e) Importer(815301076,1909f56bfc062723c751e8b465ee728b)  -> (artifact id: 'e43c1e63edb2509351b8694dc997cef0') in 0.022189 seconds 
Number of asset objects unloaded after import = 3
========================================================================
Received Import Request.
  Time since last request: 0.000025 seconds.
  path: Assets/Sprites/asset map/tilemap/Temple Asset Pack_Test_4.asset
  artifactKey: Guid(564f59cfde1f4704db1dac8479820477) Importer(815301076,1909f56bfc062723c751e8b465ee728b)
Number of updated assets reloaded before import = 0
Start importing Assets/Sprites/asset map/tilemap/Temple Asset Pack_Test_4.asset using Guid(564f59cfde1f4704db1dac8479820477) Importer(815301076,1909f56bfc062723c751e8b465ee728b)  -> (artifact id: '24d5575b411f05c47452b9986fb5d8eb') in 0.020514 seconds 
Number of asset objects unloaded after import = 3
========================================================================
Received Import Request.
  Time since last request: 0.000040 seconds.
  path: Assets/Sprites/asset map/tilemap/Temple Asset Pack_Test_12.asset
  artifactKey: Guid(598dd71b126716a4a8d541922d7a80b4) Importer(815301076,1909f56bfc062723c751e8b465ee728b)
Number of updated assets reloaded before import = 0
Start importing Assets/Sprites/asset map/tilemap/Temple Asset Pack_Test_12.asset using Guid(598dd71b126716a4a8d541922d7a80b4) Importer(815301076,1909f56bfc062723c751e8b465ee728b)  -> (artifact id: '1004aee18704a74bf4dc3c374d6cea6a') in 0.021318 seconds 
Number of asset objects unloaded after import = 3
========================================================================
Received Import Request.
  Time since last request: 0.000022 seconds.
  path: Assets/Sprites/asset map/tilemap/Temple Asset Pack_Test_70.asset
  artifactKey: Guid(ddc7053df15635d4eb62a4c5bbb2634c) Importer(815301076,1909f56bfc062723c751e8b465ee728b)
Number of updated assets reloaded before import = 0
Start importing Assets/Sprites/asset map/tilemap/Temple Asset Pack_Test_70.asset using Guid(ddc7053df15635d4eb62a4c5bbb2634c) Importer(815301076,1909f56bfc062723c751e8b465ee728b)  -> (artifact id: '3fec9f6e24d15294e816345d2b8437ca') in 0.021497 seconds 
Number of asset objects unloaded after import = 3
========================================================================
Received Import Request.
  Time since last request: 0.000039 seconds.
  path: Assets/Sprites/asset map/tilemap/Temple Asset Pack_Test_24.asset
  artifactKey: Guid(85381ed86c46d944bbf6780c4f67a798) Importer(815301076,1909f56bfc062723c751e8b465ee728b)
Number of updated assets reloaded before import = 0
Start importing Assets/Sprites/asset map/tilemap/Temple Asset Pack_Test_24.asset using Guid(85381ed86c46d944bbf6780c4f67a798) Importer(815301076,1909f56bfc062723c751e8b465ee728b)  -> (artifact id: '4153fb7f61e1d581e92553d5ace0f434') in 0.020488 seconds 
Number of asset objects unloaded after import = 3
========================================================================
Received Import Request.
  Time since last request: 0.000038 seconds.
  path: Assets/Sprites/asset map/tilemap/Temple Asset Pack_Test_17.asset
  artifactKey: Guid(31a28aa13aef949428a90b66edf61bcc) Importer(815301076,1909f56bfc062723c751e8b465ee728b)
Number of updated assets reloaded before import = 0
Start importing Assets/Sprites/asset map/tilemap/Temple Asset Pack_Test_17.asset using Guid(31a28aa13aef949428a90b66edf61bcc) Importer(815301076,1909f56bfc062723c751e8b465ee728b)  -> (artifact id: '9bf54ea69da095ca37f6b82b330f4489') in 0.016890 seconds 
Number of asset objects unloaded after import = 3
========================================================================
Received Import Request.
  Time since last request: 0.000029 seconds.
  path: Assets/Sprites/asset map/tilemap/Temple Asset Pack_Test_90.asset
  artifactKey: Guid(8da38ee3c64a36b46a02914f73dce980) Importer(815301076,1909f56bfc062723c751e8b465ee728b)
Number of updated assets reloaded before import = 0
Start importing Assets/Sprites/asset map/tilemap/Temple Asset Pack_Test_90.asset using Guid(8da38ee3c64a36b46a02914f73dce980) Importer(815301076,1909f56bfc062723c751e8b465ee728b)  -> (artifact id: '0f98fd8f284a0016128fc0eee03c3935') in 0.019069 seconds 
Number of asset objects unloaded after import = 3
========================================================================
Received Import Request.
  Time since last request: 0.000025 seconds.
  path: Assets/Sprites/asset map/tilemap/Temple Asset Pack_Test_129.asset
  artifactKey: Guid(68b08f891a6cd0245b302f3ad1933d2e) Importer(815301076,1909f56bfc062723c751e8b465ee728b)
Number of updated assets reloaded before import = 0
Start importing Assets/Sprites/asset map/tilemap/Temple Asset Pack_Test_129.asset using Guid(68b08f891a6cd0245b302f3ad1933d2e) Importer(815301076,1909f56bfc062723c751e8b465ee728b)  -> (artifact id: 'e3403b8a85ed393802aa851383d0eb43') in 0.018823 seconds 
Number of asset objects unloaded after import = 3
========================================================================
Received Import Request.
  Time since last request: 0.000026 seconds.
  path: Assets/Sprites/asset map/tilemap/Temple Asset Pack_Test_32.asset
  artifactKey: Guid(a63709047d44b3a46b900079d0cd5438) Importer(815301076,1909f56bfc062723c751e8b465ee728b)
Number of updated assets reloaded before import = 0
Start importing Assets/Sprites/asset map/tilemap/Temple Asset Pack_Test_32.asset using Guid(a63709047d44b3a46b900079d0cd5438) Importer(815301076,1909f56bfc062723c751e8b465ee728b)  -> (artifact id: 'ec05edeadbc351b2e7beb2efc2ad2e63') in 0.017384 seconds 
Number of asset objects unloaded after import = 3
Editor requested this worker to shutdown with reason: Scaling down because of idle timeout
AssetImportWorker is now disconnected from the server
Process exiting
Exiting without the bug reporter. Application will terminate with return code 0