Using pre-set license
Built from '2021.3/staging' branch; Version is '2021.3.30f1 (b4360d7cdac4) revision 11810317'; Using compiler version '192829333'; Build Type 'Release'
OS: 'Windows 11  (10.0.22621) 64bit Core' Language: 'fr' Physical Memory: 10101 MB
BatchMode: 1, IsHumanControllingUs: 0, StartBugReporterOnCrash: 0, Is64bit: 1, IsPro: 1

COMMAND LINE ARGUMENTS:
C:\Program Files\Unity\Hub\Editor\2021.3.30f1\Editor\Unity.exe
-adb2
-batchMode
-noUpm
-name
AssetImportWorker4
-projectPath
C:/Users/lemou/OneDrive/Bureau/hackaton/Yarcade/My project
-logFile
Logs/AssetImportWorker4.log
-srvPort
54438
Successfully changed project path to: C:/Users/lemou/OneDrive/Bureau/hackaton/Yarcade/My project
C:/Users/lemou/OneDrive/Bureau/hackaton/Yarcade/My project
[UnityMemory] Configuration Parameters - Can be set up in boot.config
    "memorysetup-bucket-allocator-granularity=16"
    "memorysetup-bucket-allocator-bucket-count=8"
    "memorysetup-bucket-allocator-block-size=33554432"
    "memorysetup-bucket-allocator-block-count=8"
    "memorysetup-main-allocator-block-size=16777216"
    "memorysetup-thread-allocator-block-size=16777216"
    "memorysetup-gfx-main-allocator-block-size=16777216"
    "memorysetup-gfx-thread-allocator-block-size=16777216"
    "memorysetup-cache-allocator-block-size=4194304"
    "memorysetup-typetree-allocator-block-size=2097152"
    "memorysetup-profiler-bucket-allocator-granularity=16"
    "memorysetup-profiler-bucket-allocator-bucket-count=8"
    "memorysetup-profiler-bucket-allocator-block-size=33554432"
    "memorysetup-profiler-bucket-allocator-block-count=8"
    "memorysetup-profiler-allocator-block-size=16777216"
    "memorysetup-profiler-editor-allocator-block-size=1048576"
    "memorysetup-temp-allocator-size-main=16777216"
    "memorysetup-job-temp-allocator-block-size=2097152"
    "memorysetup-job-temp-allocator-block-size-background=1048576"
    "memorysetup-job-temp-allocator-reduction-small-platforms=262144"
    "memorysetup-temp-allocator-size-background-worker=32768"
    "memorysetup-temp-allocator-size-job-worker=262144"
    "memorysetup-temp-allocator-size-preload-manager=33554432"
    "memorysetup-temp-allocator-size-nav-mesh-worker=65536"
    "memorysetup-temp-allocator-size-audio-worker=65536"
    "memorysetup-temp-allocator-size-cloud-worker=32768"
    "memorysetup-temp-allocator-size-gi-baking-worker=262144"
    "memorysetup-temp-allocator-size-gfx=262144"
Player connection [21912] Host "[IP] 169.254.142.10 [Port] 0 [Flags] 2 [Guid] 1196472616 [EditorId] 1196472616 [Version] 1048832 [Id] WindowsEditor(7,LAPTOP-JMUSG57S) [Debug] 1 [PackageName] WindowsEditor [ProjectName] Editor" joined multi-casting on [225.0.0.222:54997]...

Player connection [21912] Host "[IP] 169.254.142.10 [Port] 0 [Flags] 2 [Guid] 1196472616 [EditorId] 1196472616 [Version] 1048832 [Id] WindowsEditor(7,LAPTOP-JMUSG57S) [Debug] 1 [PackageName] WindowsEditor [ProjectName] Editor" joined alternative multi-casting on [225.0.0.222:34997]...

[Physics::Module] Initialized MultithreadedJobDispatcher with {0} workers.
Refreshing native plugins compatible for Editor in 86.81 ms, found 4 plugins.
Preloading 0 native plugins for Editor in 0.00 ms.
Initialize engine version: 2021.3.30f1 (b4360d7cdac4)
[Subsystems] Discovering subsystems at path C:/Program Files/Unity/Hub/Editor/2021.3.30f1/Editor/Data/Resources/UnitySubsystems
[Subsystems] Discovering subsystems at path C:/Users/lemou/OneDrive/Bureau/hackaton/Yarcade/My project/Assets
GfxDevice: creating device client; threaded=0; jobified=0
Direct3D:
    Version:  Direct3D 11.0 [level 11.1]
    Renderer: AMD Radeon(TM) Graphics (ID=0x164c)
    Vendor:   ATI
    VRAM:     5050 MB
    Driver:   31.0.12044.56000
Initialize mono
Mono path[0] = 'C:/Program Files/Unity/Hub/Editor/2021.3.30f1/Editor/Data/Managed'
Mono path[1] = 'C:/Program Files/Unity/Hub/Editor/2021.3.30f1/Editor/Data/MonoBleedingEdge/lib/mono/unityjit-win32'
Mono config path = 'C:/Program Files/Unity/Hub/Editor/2021.3.30f1/Editor/Data/MonoBleedingEdge/etc'
Using monoOptions --debugger-agent=transport=dt_socket,embedding=1,server=y,suspend=n,address=127.0.0.1:56432
Begin MonoManager ReloadAssembly
Registering precompiled unity dll's ...
Register platform support module: C:/Program Files/Unity/Hub/Editor/2021.3.30f1/Editor/Data/PlaybackEngines/WebGLSupport/UnityEditor.WebGL.Extensions.dll
Register platform support module: C:/Program Files/Unity/Hub/Editor/2021.3.30f1/Editor/Data/PlaybackEngines/WindowsStandaloneSupport/UnityEditor.WindowsStandalone.Extensions.dll
Registered in 0.004408 seconds.
Native extension for WindowsStandalone target not found
Native extension for WebGL target not found
Refreshing native plugins compatible for Editor in 80.88 ms, found 4 plugins.
Preloading 0 native plugins for Editor in 0.00 ms.
Mono: successfully reloaded assembly
- Completed reload, in  0.691 seconds
Domain Reload Profiling:
	ReloadAssembly (692ms)
		BeginReloadAssembly (113ms)
			ExecutionOrderSort (0ms)
			DisableScriptedObjects (0ms)
			BackupInstance (0ms)
			ReleaseScriptingObjects (0ms)
			CreateAndSetChildDomain (1ms)
		EndReloadAssembly (484ms)
			LoadAssemblies (111ms)
			RebuildTransferFunctionScriptingTraits (0ms)
			SetupTypeCache (114ms)
			ReleaseScriptCaches (0ms)
			RebuildScriptCaches (39ms)
			SetupLoadedEditorAssemblies (288ms)
				LogAssemblyErrors (0ms)
				InitializePlatformSupportModulesInManaged (9ms)
				SetLoadedEditorAssemblies (0ms)
				RefreshPlugins (81ms)
				BeforeProcessingInitializeOnLoad (1ms)
				ProcessInitializeOnLoadAttributes (144ms)
				ProcessInitializeOnLoadMethodAttributes (52ms)
				AfterProcessingInitializeOnLoad (0ms)
				EditorAssembliesLoaded (0ms)
			ExecutionOrderSort2 (0ms)
			AwakeInstancesAfterBackupRestoration (0ms)
Platform modules already initialized, skipping
Registering precompiled user dll's ...
Registered in 0.005056 seconds.
Begin MonoManager ReloadAssembly
Native extension for WindowsStandalone target not found
Native extension for WebGL target not found
Refreshing native plugins compatible for Editor in 76.31 ms, found 4 plugins.
Preloading 0 native plugins for Editor in 0.00 ms.
Package Manager log level set to [2]
[Package Manager] Server::EnsureServerProcessIsRunning -- launch failed, reason: Unity was launched with the -noUpm command-line argument
[Package Manager] Cannot connect to Unity Package Manager local server
Mono: successfully reloaded assembly
- Completed reload, in  1.489 seconds
Domain Reload Profiling:
	ReloadAssembly (1490ms)
		BeginReloadAssembly (136ms)
			ExecutionOrderSort (0ms)
			DisableScriptedObjects (6ms)
			BackupInstance (0ms)
			ReleaseScriptingObjects (0ms)
			CreateAndSetChildDomain (24ms)
		EndReloadAssembly (1250ms)
			LoadAssemblies (104ms)
			RebuildTransferFunctionScriptingTraits (0ms)
			SetupTypeCache (254ms)
			ReleaseScriptCaches (1ms)
			RebuildScriptCaches (62ms)
			SetupLoadedEditorAssemblies (801ms)
				LogAssemblyErrors (0ms)
				InitializePlatformSupportModulesInManaged (5ms)
				SetLoadedEditorAssemblies (0ms)
				RefreshPlugins (76ms)
				BeforeProcessingInitializeOnLoad (87ms)
				ProcessInitializeOnLoadAttributes (579ms)
				ProcessInitializeOnLoadMethodAttributes (48ms)
				AfterProcessingInitializeOnLoad (5ms)
				EditorAssembliesLoaded (0ms)
			ExecutionOrderSort2 (0ms)
			AwakeInstancesAfterBackupRestoration (6ms)
Platform modules already initialized, skipping
========================================================================
Worker process is ready to serve import requests
Launched and connected shader compiler UnityShaderCompiler.exe after 0.13 seconds
Refreshing native plugins compatible for Editor in 0.76 ms, found 4 plugins.
Preloading 0 native plugins for Editor in 0.00 ms.
Unloading 3812 Unused Serialized files (Serialized files now loaded: 0)
Unloading 35 unused Assets / (46.5 KB). Loaded Objects now: 4271.
Memory consumption went from 146.8 MB to 146.7 MB.
Total: 4.010000 ms (FindLiveObjects: 0.454800 ms CreateObjectMapping: 0.219000 ms MarkObjects: 3.193800 ms  DeleteObjects: 0.140500 ms)

AssetImportParameters requested are different than current active one (requested -> active):
  custom:video-decoder-ogg-theora: a1e56fd34408186e4bbccfd4996cb3dc -> 
  custom:container-muxer-webm: aa71ff27fc2769a1b78a27578f13a17b -> 
  custom:container-demuxer-webm: 4f35f7cbe854078d1ac9338744f61a02 -> 
  custom:video-encoder-webm-vp8: eb34c28f22e8b96e1ab97ce403110664 -> 
  custom:video-codec-MediaFoundation-h265: 746d11721c4dcdbdad8f713fa42b33f4 -> 
  custom:CustomObjectIndexerAttribute: bc11b3a6c3213fcdd17b65e7da85e133 -> 
  custom:audio-encoder-webm-vorbis: bf7c407c2cedff20999df2af8eb42d56 -> 
  custom:framework-win-MediaFoundation: 216162199b28c13a410421893ffa2e32 -> 
  custom:SearchIndexIgnoredProperties: e643bd26f0fe6173181afceb89e7c659 -> 
  custom:container-demuxer-ogg: 62fdf1f143b41e24485cea50d1cbac27 -> 
  custom:video-decoder-webm-vp8: 9c59270c3fd7afecdb556c50c9e8de78 -> 
  custom:audio-decoder-ogg-vorbis: bf7c407c2cedff20999df2af8eb42d56 -> 
========================================================================
Received Import Request.
  Time since last request: 70987.755851 seconds.
  path: Assets/asset/UIPack/PNG/dropdownBottom.png
  artifactKey: Guid(ce8e23d36d2e764418f02c1a4f8a20e0) Importer(815301076,1909f56bfc062723c751e8b465ee728b)
Number of updated assets reloaded before import = 0
Start importing Assets/asset/UIPack/PNG/dropdownBottom.png using Guid(ce8e23d36d2e764418f02c1a4f8a20e0) Importer(815301076,1909f56bfc062723c751e8b465ee728b)  -> (artifact id: '803ee26b144ad3c334214fc4af4c1f66') in 0.158734 seconds 
Number of asset objects unloaded after import = 3
========================================================================
Received Import Request.
  Time since last request: 0.226019 seconds.
  path: Assets/asset/UIPack/PNG/green_button00.png
  artifactKey: Guid(c37938329f5424540a996c0a1e0c0784) Importer(815301076,1909f56bfc062723c751e8b465ee728b)
Number of updated assets reloaded before import = 0
Start importing Assets/asset/UIPack/PNG/green_button00.png using Guid(c37938329f5424540a996c0a1e0c0784) Importer(815301076,1909f56bfc062723c751e8b465ee728b)  -> (artifact id: 'c623bd33e69188fa5ef5a23c23026944') in 0.040141 seconds 
Number of asset objects unloaded after import = 3
========================================================================
Received Import Request.
  Time since last request: 0.000057 seconds.
  path: Assets/asset/UIPack/PNG/green_button06.png
  artifactKey: Guid(f86a3e2309bd22745975cc43ef11c784) Importer(815301076,1909f56bfc062723c751e8b465ee728b)
Number of updated assets reloaded before import = 0
Start importing Assets/asset/UIPack/PNG/green_button06.png using Guid(f86a3e2309bd22745975cc43ef11c784) Importer(815301076,1909f56bfc062723c751e8b465ee728b)  -> (artifact id: 'e0f313b1c24eeac83a7eb7201821f340') in 0.043477 seconds 
Number of asset objects unloaded after import = 3
========================================================================
Received Import Request.
  Time since last request: 0.000048 seconds.
  path: Assets/asset/UIPack/PNG/green_button11.png
  artifactKey: Guid(db6918d0445a1f24a84093da8751d425) Importer(815301076,1909f56bfc062723c751e8b465ee728b)
Number of updated assets reloaded before import = 0
Start importing Assets/asset/UIPack/PNG/green_button11.png using Guid(db6918d0445a1f24a84093da8751d425) Importer(815301076,1909f56bfc062723c751e8b465ee728b)  -> (artifact id: '197388ff57f75fc2d84d8f71c894edab') in 0.034145 seconds 
Number of asset objects unloaded after import = 3
========================================================================
Received Import Request.
  Time since last request: 0.000037 seconds.
  path: Assets/asset/UIPack/PNG/green_circle.png
  artifactKey: Guid(6ccf76a34899ca948acc64b8a5aa3e85) Importer(815301076,1909f56bfc062723c751e8b465ee728b)
Number of updated assets reloaded before import = 0
Start importing Assets/asset/UIPack/PNG/green_circle.png using Guid(6ccf76a34899ca948acc64b8a5aa3e85) Importer(815301076,1909f56bfc062723c751e8b465ee728b)  -> (artifact id: 'b87e5130d4c4fe12a0c08c7c6b080357') in 0.043456 seconds 
Number of asset objects unloaded after import = 3
========================================================================
Received Import Request.
  Time since last request: 0.000046 seconds.
  path: Assets/asset/UIPack/PNG/green_cross.png
  artifactKey: Guid(67ba8a9088c97cc4d99a23fb2994c7ee) Importer(815301076,1909f56bfc062723c751e8b465ee728b)
Number of updated assets reloaded before import = 0
Start importing Assets/asset/UIPack/PNG/green_cross.png using Guid(67ba8a9088c97cc4d99a23fb2994c7ee) Importer(815301076,1909f56bfc062723c751e8b465ee728b)  -> (artifact id: 'c7567f9ca2c23e83502664cdf2eee1e5') in 0.032578 seconds 
Number of asset objects unloaded after import = 3
========================================================================
Received Import Request.
  Time since last request: 0.000044 seconds.
  path: Assets/asset/UIPack/PNG/green_button09.png
  artifactKey: Guid(c8e05b441a29f3a4aa7e752db4c919c2) Importer(815301076,1909f56bfc062723c751e8b465ee728b)
Number of updated assets reloaded before import = 0
Start importing Assets/asset/UIPack/PNG/green_button09.png using Guid(c8e05b441a29f3a4aa7e752db4c919c2) Importer(815301076,1909f56bfc062723c751e8b465ee728b)  -> (artifact id: '8a9a184f65042455a00ba99a952620c1') in 0.032140 seconds 
Number of asset objects unloaded after import = 3
========================================================================
Received Import Request.
  Time since last request: 0.000065 seconds.
  path: Assets/asset/UIPack/PNG/green_button13.png
  artifactKey: Guid(1f2567ad9f166474b8c3d9313962a402) Importer(815301076,1909f56bfc062723c751e8b465ee728b)
Number of updated assets reloaded before import = 0
Start importing Assets/asset/UIPack/PNG/green_button13.png using Guid(1f2567ad9f166474b8c3d9313962a402) Importer(815301076,1909f56bfc062723c751e8b465ee728b)  -> (artifact id: 'ae3813514527fd93f497a1946a130c07') in 0.032078 seconds 
Number of asset objects unloaded after import = 3
========================================================================
Received Import Request.
  Time since last request: 0.000047 seconds.
  path: Assets/asset/UIPack/PNG/green_button03.png
  artifactKey: Guid(f31f57dbadef230499bfd38934e7eb32) Importer(815301076,1909f56bfc062723c751e8b465ee728b)
Number of updated assets reloaded before import = 0
Start importing Assets/asset/UIPack/PNG/green_button03.png using Guid(f31f57dbadef230499bfd38934e7eb32) Importer(815301076,1909f56bfc062723c751e8b465ee728b)  -> (artifact id: 'b32a8a5e2fbdcb36e867165a6b3103b3') in 0.036288 seconds 
Number of asset objects unloaded after import = 3
========================================================================
Received Import Request.
  Time since last request: 0.000046 seconds.
  path: Assets/asset/UIPack/PNG/green_button07.png
  artifactKey: Guid(d0da026b18d091747babbc459ce9d773) Importer(815301076,1909f56bfc062723c751e8b465ee728b)
Number of updated assets reloaded before import = 0
Start importing Assets/asset/UIPack/PNG/green_button07.png using Guid(d0da026b18d091747babbc459ce9d773) Importer(815301076,1909f56bfc062723c751e8b465ee728b)  -> (artifact id: '555037648fb774100d08966633b8bce4') in 0.028374 seconds 
Number of asset objects unloaded after import = 3
========================================================================
Received Import Request.
  Time since last request: 0.000034 seconds.
  path: Assets/asset/UIPack/PNG/green_button10.png
  artifactKey: Guid(4db1cf5e8108728458544a3d37dec276) Importer(815301076,1909f56bfc062723c751e8b465ee728b)
Number of updated assets reloaded before import = 0
Start importing Assets/asset/UIPack/PNG/green_button10.png using Guid(4db1cf5e8108728458544a3d37dec276) Importer(815301076,1909f56bfc062723c751e8b465ee728b)  -> (artifact id: '5ef59db0cfe0cc5f6255805490fa5a29') in 0.037324 seconds 
Number of asset objects unloaded after import = 3
========================================================================
Received Import Request.
  Time since last request: 0.000051 seconds.
  path: Assets/asset/UIPack/PNG/green_sliderLeft.png
  artifactKey: Guid(32bbbad42369e974aa07c50f1e6cdd57) Importer(815301076,1909f56bfc062723c751e8b465ee728b)
Number of updated assets reloaded before import = 0
Start importing Assets/asset/UIPack/PNG/green_sliderLeft.png using Guid(32bbbad42369e974aa07c50f1e6cdd57) Importer(815301076,1909f56bfc062723c751e8b465ee728b)  -> (artifact id: '56101400b4daa4af6d0f54a6fab8af76') in 0.030062 seconds 
Number of asset objects unloaded after import = 3
========================================================================
Received Import Request.
  Time since last request: 0.008265 seconds.
  path: Assets/asset/UIPack/PNG/green_sliderUp.png
  artifactKey: Guid(74250feb17becf24083480e0ef62034a) Importer(815301076,1909f56bfc062723c751e8b465ee728b)
Number of updated assets reloaded before import = 0
Start importing Assets/asset/UIPack/PNG/green_sliderUp.png using Guid(74250feb17becf24083480e0ef62034a) Importer(815301076,1909f56bfc062723c751e8b465ee728b)  -> (artifact id: 'bcd80530dcee058e75f16b805b6960c5') in 0.043285 seconds 
Number of asset objects unloaded after import = 3
========================================================================
Received Import Request.
  Time since last request: 0.048615 seconds.
  path: Assets/asset/UIPack/PNG/grey_arrowDownGrey.png
  artifactKey: Guid(4ef1a4245cdc2954f960838b014a64a7) Importer(815301076,1909f56bfc062723c751e8b465ee728b)
Number of updated assets reloaded before import = 0
Start importing Assets/asset/UIPack/PNG/grey_arrowDownGrey.png using Guid(4ef1a4245cdc2954f960838b014a64a7) Importer(815301076,1909f56bfc062723c751e8b465ee728b)  -> (artifact id: '4fbc2fb63a51d1044c8034e01a10e58d') in 0.027754 seconds 
Number of asset objects unloaded after import = 3
========================================================================
Received Import Request.
  Time since last request: 0.000061 seconds.
  path: Assets/asset/UIPack/PNG/grey_arrowUpGrey.png
  artifactKey: Guid(7fbe5d056ff699e45939cbd24d16d4e4) Importer(815301076,1909f56bfc062723c751e8b465ee728b)
Number of updated assets reloaded before import = 0
Start importing Assets/asset/UIPack/PNG/grey_arrowUpGrey.png using Guid(7fbe5d056ff699e45939cbd24d16d4e4) Importer(815301076,1909f56bfc062723c751e8b465ee728b)  -> (artifact id: 'c633fc020ee1b83de24fc4bb63b228c3') in 0.029304 seconds 
Number of asset objects unloaded after import = 3
========================================================================
Received Import Request.
  Time since last request: 0.045333 seconds.
  path: Assets/asset/UIPack/PNG/grey_arrowUpWhite.png
  artifactKey: Guid(8c09a8a6c6b7520498d8e1e3d9d36dcb) Importer(815301076,1909f56bfc062723c751e8b465ee728b)
Number of updated assets reloaded before import = 0
Start importing Assets/asset/UIPack/PNG/grey_arrowUpWhite.png using Guid(8c09a8a6c6b7520498d8e1e3d9d36dcb) Importer(815301076,1909f56bfc062723c751e8b465ee728b)  -> (artifact id: '94e5a40165179e11da54991bf2df8b40') in 0.027233 seconds 
Number of asset objects unloaded after import = 3
========================================================================
Received Import Request.
  Time since last request: 0.000042 seconds.
  path: Assets/asset/UIPack/PNG/grey_boxCheckmark.png
  artifactKey: Guid(cc1c9a9e31aabe344a048709fa6a295a) Importer(815301076,1909f56bfc062723c751e8b465ee728b)
Number of updated assets reloaded before import = 0
Start importing Assets/asset/UIPack/PNG/grey_boxCheckmark.png using Guid(cc1c9a9e31aabe344a048709fa6a295a) Importer(815301076,1909f56bfc062723c751e8b465ee728b)  -> (artifact id: '96d31b6ae990d5660c3d0f05df69e4b9') in 0.027959 seconds 
Number of asset objects unloaded after import = 3
========================================================================
Received Import Request.
  Time since last request: 0.060811 seconds.
  path: Assets/asset/UIPack/PNG/grey_boxCross.png
  artifactKey: Guid(f2e53615b73003440a0848c1291edf60) Importer(815301076,1909f56bfc062723c751e8b465ee728b)
Number of updated assets reloaded before import = 0
Start importing Assets/asset/UIPack/PNG/grey_boxCross.png using Guid(f2e53615b73003440a0848c1291edf60) Importer(815301076,1909f56bfc062723c751e8b465ee728b)  -> (artifact id: '9d5c739aab1ecd446f8a507a44cbee05') in 0.028667 seconds 
Number of asset objects unloaded after import = 3
========================================================================
Received Import Request.
  Time since last request: 0.000034 seconds.
  path: Assets/asset/UIPack/PNG/grey_button02.png
  artifactKey: Guid(e4388b7fed968b64194a6516406b1e21) Importer(815301076,1909f56bfc062723c751e8b465ee728b)
Number of updated assets reloaded before import = 0
Start importing Assets/asset/UIPack/PNG/grey_button02.png using Guid(e4388b7fed968b64194a6516406b1e21) Importer(815301076,1909f56bfc062723c751e8b465ee728b)  -> (artifact id: '019ada1a0ed19bce196fb8c23cf85ba6') in 0.038264 seconds 
Number of asset objects unloaded after import = 3
========================================================================
Received Import Request.
  Time since last request: 0.000060 seconds.
  path: Assets/asset/UIPack/PNG/grey_button00.png
  artifactKey: Guid(7e7739dd4dd0c7540b98c38909ff7acd) Importer(815301076,1909f56bfc062723c751e8b465ee728b)
Number of updated assets reloaded before import = 0
Start importing Assets/asset/UIPack/PNG/grey_button00.png using Guid(7e7739dd4dd0c7540b98c38909ff7acd) Importer(815301076,1909f56bfc062723c751e8b465ee728b)  -> (artifact id: 'ac707998308b9f99135f1d59cabe705a') in 0.038399 seconds 
Number of asset objects unloaded after import = 3
========================================================================
Received Import Request.
  Time since last request: 0.198046 seconds.
  path: Assets/asset/UIPack/PNG/grey_button04.png
  artifactKey: Guid(631be3940de14894587151b37250c04f) Importer(815301076,1909f56bfc062723c751e8b465ee728b)
Number of updated assets reloaded before import = 0
Start importing Assets/asset/UIPack/PNG/grey_button04.png using Guid(631be3940de14894587151b37250c04f) Importer(815301076,1909f56bfc062723c751e8b465ee728b)  -> (artifact id: '7acfef1fef1620212b67ba4c3a082c22') in 0.028530 seconds 
Number of asset objects unloaded after import = 3
========================================================================
Received Import Request.
  Time since last request: 0.067704 seconds.
  path: Assets/asset/UIPack/PNG/grey_button07.png
  artifactKey: Guid(ac2e0e52c90882d41bf0c7423c8af2e3) Importer(815301076,1909f56bfc062723c751e8b465ee728b)
Number of updated assets reloaded before import = 0
Start importing Assets/asset/UIPack/PNG/grey_button07.png using Guid(ac2e0e52c90882d41bf0c7423c8af2e3) Importer(815301076,1909f56bfc062723c751e8b465ee728b)  -> (artifact id: '2a958a239cd9b7dae2c09bc951d47720') in 0.032782 seconds 
Number of asset objects unloaded after import = 3
========================================================================
Received Import Request.
  Time since last request: 0.551729 seconds.
  path: Assets/asset/UIPack/PNG/grey_button10.png
  artifactKey: Guid(2487e672b58d34e4e98057f3aff5020b) Importer(815301076,1909f56bfc062723c751e8b465ee728b)
Number of updated assets reloaded before import = 0
Start importing Assets/asset/UIPack/PNG/grey_button10.png using Guid(2487e672b58d34e4e98057f3aff5020b) Importer(815301076,1909f56bfc062723c751e8b465ee728b)  -> (artifact id: 'a11967cc98509c5111e67fe0b5f4fe8c') in 0.031949 seconds 
Number of asset objects unloaded after import = 3
========================================================================
Received Import Request.
  Time since last request: 0.035849 seconds.
  path: Assets/asset/UIPack/PNG/grey_button13.png
  artifactKey: Guid(4c44471ec6d61304ab2088c9ac6422d0) Importer(815301076,1909f56bfc062723c751e8b465ee728b)
Number of updated assets reloaded before import = 0
Start importing Assets/asset/UIPack/PNG/grey_button13.png using Guid(4c44471ec6d61304ab2088c9ac6422d0) Importer(815301076,1909f56bfc062723c751e8b465ee728b)  -> (artifact id: '2b915c197193c666c5c4eb285a6a8b3e') in 0.042943 seconds 
Number of asset objects unloaded after import = 3
========================================================================
Received Import Request.
  Time since last request: 0.088685 seconds.
  path: Assets/asset/UIPack/PNG/grey_checkmarkGrey.png
  artifactKey: Guid(7cbc6ec7ce723254abdb505645aa15c7) Importer(815301076,1909f56bfc062723c751e8b465ee728b)
Number of updated assets reloaded before import = 0
Start importing Assets/asset/UIPack/PNG/grey_checkmarkGrey.png using Guid(7cbc6ec7ce723254abdb505645aa15c7) Importer(815301076,1909f56bfc062723c751e8b465ee728b)  -> (artifact id: '824a2206fc40c708eccebb63ce4b3f07') in 0.028358 seconds 
Number of asset objects unloaded after import = 3
========================================================================
Received Import Request.
  Time since last request: 0.108809 seconds.
  path: Assets/asset/UIPack/PNG/grey_crossGrey.png
  artifactKey: Guid(0915edeaa0ee7e64da369af96cabe6ea) Importer(815301076,1909f56bfc062723c751e8b465ee728b)
Number of updated assets reloaded before import = 0
Start importing Assets/asset/UIPack/PNG/grey_crossGrey.png using Guid(0915edeaa0ee7e64da369af96cabe6ea) Importer(815301076,1909f56bfc062723c751e8b465ee728b)  -> (artifact id: '4cf1eba7fa0aea04feb2bfbd2b76eade') in 0.024443 seconds 
Number of asset objects unloaded after import = 3
========================================================================
Received Import Request.
  Time since last request: 0.075063 seconds.
  path: Assets/asset/UIPack/PNG/grey_sliderDown.png
  artifactKey: Guid(962888ff774c5ed4f8ebcaff6c85b387) Importer(815301076,1909f56bfc062723c751e8b465ee728b)
Number of updated assets reloaded before import = 0
Start importing Assets/asset/UIPack/PNG/grey_sliderDown.png using Guid(962888ff774c5ed4f8ebcaff6c85b387) Importer(815301076,1909f56bfc062723c751e8b465ee728b)  -> (artifact id: 'e62755749c00dc68b0ef157bc2c655ed') in 0.024916 seconds 
Number of asset objects unloaded after import = 3
========================================================================
Received Import Request.
  Time since last request: 0.054209 seconds.
  path: Assets/asset/UIPack/PNG/grey_sliderLeft.png
  artifactKey: Guid(a3a2e6ff78b480b4b83ee71164af841f) Importer(815301076,1909f56bfc062723c751e8b465ee728b)
Number of updated assets reloaded before import = 0
Start importing Assets/asset/UIPack/PNG/grey_sliderLeft.png using Guid(a3a2e6ff78b480b4b83ee71164af841f) Importer(815301076,1909f56bfc062723c751e8b465ee728b)  -> (artifact id: '4e82f51951f30970259bc8bcf4b1fede') in 0.026085 seconds 
Number of asset objects unloaded after import = 3
========================================================================
Received Import Request.
  Time since last request: 0.036168 seconds.
  path: Assets/asset/UIPack/PNG/grey_sliderVertical.png
  artifactKey: Guid(5d739f7618b956848bc9474d15d6ad7a) Importer(815301076,1909f56bfc062723c751e8b465ee728b)
Number of updated assets reloaded before import = 0
Start importing Assets/asset/UIPack/PNG/grey_sliderVertical.png using Guid(5d739f7618b956848bc9474d15d6ad7a) Importer(815301076,1909f56bfc062723c751e8b465ee728b)  -> (artifact id: '71a430a2d88704f73578101d367a5750') in 0.030913 seconds 
Number of asset objects unloaded after import = 3
========================================================================
Received Import Request.
  Time since last request: 0.000024 seconds.
  path: Assets/asset/UIPack/PNG/grey_tickWhite.png
  artifactKey: Guid(7100673cb8959084b9aa82365af2c24c) Importer(815301076,1909f56bfc062723c751e8b465ee728b)
Number of updated assets reloaded before import = 0
Start importing Assets/asset/UIPack/PNG/grey_tickWhite.png using Guid(7100673cb8959084b9aa82365af2c24c) Importer(815301076,1909f56bfc062723c751e8b465ee728b)  -> (artifact id: 'db03b14f1e9da4f8c412acb62bb5567b') in 0.026457 seconds 
Number of asset objects unloaded after import = 3
Editor requested this worker to shutdown with reason: Scaling down because of idle timeout
AssetImportWorker is now disconnected from the server
Process exiting
Exiting without the bug reporter. Application will terminate with return code 0