Using pre-set license
Built from '2021.3/staging' branch; Version is '2021.3.30f1 (b4360d7cdac4) revision 11810317'; Using compiler version '192829333'; Build Type 'Release'
OS: 'Windows 10  (10.0.19045) 64bit Core' Language: 'fr' Physical Memory: 15741 MB
BatchMode: 1, IsHumanControllingUs: 0, StartBugReporterOnCrash: 0, Is64bit: 1, IsPro: 1

COMMAND LINE ARGUMENTS:
C:\Program Files\2021.3.30f1\Editor\Unity.exe
-adb2
-batchMode
-noUpm
-name
AssetImportWorker5
-projectPath
C:/Users/Ahru/code/unity/Hackathon/Yarcade/My project
-logFile
Logs/AssetImportWorker5.log
-srvPort
64286
Successfully changed project path to: C:/Users/Ahru/code/unity/Hackathon/Yarcade/My project
C:/Users/Ahru/code/unity/Hackathon/Yarcade/My project
[UnityMemory] Configuration Parameters - Can be set up in boot.config
    "memorysetup-bucket-allocator-granularity=16"
    "memorysetup-bucket-allocator-bucket-count=8"
    "memorysetup-bucket-allocator-block-size=33554432"
    "memorysetup-bucket-allocator-block-count=8"
    "memorysetup-main-allocator-block-size=16777216"
    "memorysetup-thread-allocator-block-size=16777216"
    "memorysetup-gfx-main-allocator-block-size=16777216"
    "memorysetup-gfx-thread-allocator-block-size=16777216"
    "memorysetup-cache-allocator-block-size=4194304"
    "memorysetup-typetree-allocator-block-size=2097152"
    "memorysetup-profiler-bucket-allocator-granularity=16"
    "memorysetup-profiler-bucket-allocator-bucket-count=8"
    "memorysetup-profiler-bucket-allocator-block-size=33554432"
    "memorysetup-profiler-bucket-allocator-block-count=8"
    "memorysetup-profiler-allocator-block-size=16777216"
    "memorysetup-profiler-editor-allocator-block-size=1048576"
    "memorysetup-temp-allocator-size-main=16777216"
    "memorysetup-job-temp-allocator-block-size=2097152"
    "memorysetup-job-temp-allocator-block-size-background=1048576"
    "memorysetup-job-temp-allocator-reduction-small-platforms=262144"
    "memorysetup-temp-allocator-size-background-worker=32768"
    "memorysetup-temp-allocator-size-job-worker=262144"
    "memorysetup-temp-allocator-size-preload-manager=33554432"
    "memorysetup-temp-allocator-size-nav-mesh-worker=65536"
    "memorysetup-temp-allocator-size-audio-worker=65536"
    "memorysetup-temp-allocator-size-cloud-worker=32768"
    "memorysetup-temp-allocator-size-gi-baking-worker=262144"
    "memorysetup-temp-allocator-size-gfx=262144"
Player connection [12552] Host "[IP] 192.168.64.1 [Port] 0 [Flags] 2 [Guid] 1289243885 [EditorId] 1289243885 [Version] 1048832 [Id] WindowsEditor(7,LAPTOP-SSRN2OKM) [Debug] 1 [PackageName] WindowsEditor [ProjectName] Editor" joined multi-casting on [225.0.0.222:54997]...

Player connection [12552] Host "[IP] 192.168.64.1 [Port] 0 [Flags] 2 [Guid] 1289243885 [EditorId] 1289243885 [Version] 1048832 [Id] WindowsEditor(7,LAPTOP-SSRN2OKM) [Debug] 1 [PackageName] WindowsEditor [ProjectName] Editor" joined alternative multi-casting on [225.0.0.222:34997]...

[Physics::Module] Initialized MultithreadedJobDispatcher with {0} workers.
Refreshing native plugins compatible for Editor in 167.78 ms, found 4 plugins.
Preloading 0 native plugins for Editor in 0.00 ms.
Initialize engine version: 2021.3.30f1 (b4360d7cdac4)
[Subsystems] Discovering subsystems at path C:/Program Files/2021.3.30f1/Editor/Data/Resources/UnitySubsystems
[Subsystems] Discovering subsystems at path C:/Users/Ahru/code/unity/Hackathon/Yarcade/My project/Assets
GfxDevice: creating device client; threaded=0; jobified=0
Direct3D:
    Version:  Direct3D 11.0 [level 11.1]
    Renderer: NVIDIA GeForce GTX 1650 Ti (ID=0x1f95)
    Vendor:   NVIDIA
    VRAM:     3962 MB
    Driver:   30.0.15.1215
Initialize mono
Mono path[0] = 'C:/Program Files/2021.3.30f1/Editor/Data/Managed'
Mono path[1] = 'C:/Program Files/2021.3.30f1/Editor/Data/MonoBleedingEdge/lib/mono/unityjit-win32'
Mono config path = 'C:/Program Files/2021.3.30f1/Editor/Data/MonoBleedingEdge/etc'
Using monoOptions --debugger-agent=transport=dt_socket,embedding=1,server=y,suspend=n,address=127.0.0.1:56044
Begin MonoManager ReloadAssembly
Registering precompiled unity dll's ...
Register platform support module: C:/Program Files/2021.3.30f1/Editor/Data/PlaybackEngines/WebGLSupport/UnityEditor.WebGL.Extensions.dll
Register platform support module: C:/Program Files/2021.3.30f1/Editor/Data/PlaybackEngines/MacStandaloneSupport/UnityEditor.OSXStandalone.Extensions.dll
Register platform support module: C:/Program Files/2021.3.30f1/Editor/Data/PlaybackEngines/AndroidPlayer/UnityEditor.Android.Extensions.dll
Register platform support module: C:/Program Files/2021.3.30f1/Editor/Data/PlaybackEngines/iOSSupport/UnityEditor.iOS.Extensions.dll
Register platform support module: C:/Program Files/2021.3.30f1/Editor/Data/PlaybackEngines/WindowsStandaloneSupport/UnityEditor.WindowsStandalone.Extensions.dll
Registered in 0.016746 seconds.
Native extension for WindowsStandalone target not found
[usbmuxd] Start listen thread
[usbmuxd] Listen thread started
Native extension for iOS target not found
Native extension for Android target not found
Android Extension - Scanning For ADB Devices 438 ms
Native extension for OSXStandalone target not found
Native extension for WebGL target not found
Refreshing native plugins compatible for Editor in 108.39 ms, found 4 plugins.
Preloading 0 native plugins for Editor in 0.00 ms.
Mono: successfully reloaded assembly
- Completed reload, in  2.139 seconds
Domain Reload Profiling:
	ReloadAssembly (2140ms)
		BeginReloadAssembly (205ms)
			ExecutionOrderSort (0ms)
			DisableScriptedObjects (0ms)
			BackupInstance (0ms)
			ReleaseScriptingObjects (0ms)
			CreateAndSetChildDomain (1ms)
		EndReloadAssembly (1503ms)
			LoadAssemblies (203ms)
			RebuildTransferFunctionScriptingTraits (0ms)
			SetupTypeCache (436ms)
			ReleaseScriptCaches (0ms)
			RebuildScriptCaches (45ms)
			SetupLoadedEditorAssemblies (962ms)
				LogAssemblyErrors (0ms)
				InitializePlatformSupportModulesInManaged (657ms)
				SetLoadedEditorAssemblies (0ms)
				RefreshPlugins (108ms)
				BeforeProcessingInitializeOnLoad (2ms)
				ProcessInitializeOnLoadAttributes (129ms)
				ProcessInitializeOnLoadMethodAttributes (66ms)
				AfterProcessingInitializeOnLoad (0ms)
				EditorAssembliesLoaded (0ms)
			ExecutionOrderSort2 (0ms)
			AwakeInstancesAfterBackupRestoration (0ms)
Platform modules already initialized, skipping
Registering precompiled user dll's ...
Registered in 0.011824 seconds.
Begin MonoManager ReloadAssembly
Native extension for WindowsStandalone target not found
Native extension for iOS target not found
Native extension for Android target not found
Native extension for OSXStandalone target not found
Native extension for WebGL target not found
Refreshing native plugins compatible for Editor in 124.12 ms, found 4 plugins.
Preloading 0 native plugins for Editor in 0.00 ms.
Package Manager log level set to [2]
[Package Manager] Server::EnsureServerProcessIsRunning -- launch failed, reason: Unity was launched with the -noUpm command-line argument
[Package Manager] Cannot connect to Unity Package Manager local server
Mono: successfully reloaded assembly
- Completed reload, in  2.321 seconds
Domain Reload Profiling:
	ReloadAssembly (2323ms)
		BeginReloadAssembly (170ms)
			ExecutionOrderSort (0ms)
			DisableScriptedObjects (5ms)
			BackupInstance (0ms)
			ReleaseScriptingObjects (0ms)
			CreateAndSetChildDomain (24ms)
		EndReloadAssembly (1989ms)
			LoadAssemblies (160ms)
			RebuildTransferFunctionScriptingTraits (0ms)
			SetupTypeCache (349ms)
			ReleaseScriptCaches (1ms)
			RebuildScriptCaches (94ms)
			SetupLoadedEditorAssemblies (1268ms)
				LogAssemblyErrors (0ms)
				InitializePlatformSupportModulesInManaged (46ms)
				SetLoadedEditorAssemblies (0ms)
				RefreshPlugins (124ms)
				BeforeProcessingInitializeOnLoad (144ms)
				ProcessInitializeOnLoadAttributes (875ms)
				ProcessInitializeOnLoadMethodAttributes (66ms)
				AfterProcessingInitializeOnLoad (13ms)
				EditorAssembliesLoaded (0ms)
			ExecutionOrderSort2 (0ms)
			AwakeInstancesAfterBackupRestoration (6ms)
Platform modules already initialized, skipping
========================================================================
Worker process is ready to serve import requests
Launched and connected shader compiler UnityShaderCompiler.exe after 0.12 seconds
Refreshing native plugins compatible for Editor in 1.85 ms, found 4 plugins.
Preloading 0 native plugins for Editor in 0.00 ms.
Unloading 4364 Unused Serialized files (Serialized files now loaded: 0)
Unloading 52 unused Assets / (119.8 KB). Loaded Objects now: 4833.
Memory consumption went from 171.9 MB to 171.8 MB.
Total: 4.469500 ms (FindLiveObjects: 0.475800 ms CreateObjectMapping: 0.294400 ms MarkObjects: 3.547000 ms  DeleteObjects: 0.150800 ms)

AssetImportParameters requested are different than current active one (requested -> active):
  custom:video-decoder-ogg-theora: a1e56fd34408186e4bbccfd4996cb3dc -> 
  custom:container-muxer-webm: aa71ff27fc2769a1b78a27578f13a17b -> 
  custom:container-demuxer-webm: 4f35f7cbe854078d1ac9338744f61a02 -> 
  custom:video-encoder-webm-vp8: eb34c28f22e8b96e1ab97ce403110664 -> 
  custom:CustomObjectIndexerAttribute: bc11b3a6c3213fcdd17b65e7da85e133 -> 
  custom:audio-encoder-webm-vorbis: bf7c407c2cedff20999df2af8eb42d56 -> 
  custom:framework-win-MediaFoundation: 216162199b28c13a410421893ffa2e32 -> 
  custom:SearchIndexIgnoredProperties: e643bd26f0fe6173181afceb89e7c659 -> 
  custom:container-demuxer-ogg: 62fdf1f143b41e24485cea50d1cbac27 -> 
  custom:video-decoder-webm-vp8: 9c59270c3fd7afecdb556c50c9e8de78 -> 
  custom:audio-decoder-ogg-vorbis: bf7c407c2cedff20999df2af8eb42d56 -> 
========================================================================
Received Prepare
Registering precompiled user dll's ...
Registered in 0.011263 seconds.
Begin MonoManager ReloadAssembly
Native extension for WindowsStandalone target not found
Native extension for iOS target not found
Native extension for Android target not found
Native extension for OSXStandalone target not found
Native extension for WebGL target not found
Refreshing native plugins compatible for Editor in 1.92 ms, found 4 plugins.
Preloading 0 native plugins for Editor in 0.00 ms.
[Package Manager] Server::EnsureServerProcessIsRunning -- launch failed, reason: Unity was launched with the -noUpm command-line argument
[Package Manager] Cannot connect to Unity Package Manager local server
Mono: successfully reloaded assembly
- Completed reload, in  2.258 seconds
Domain Reload Profiling:
	ReloadAssembly (2259ms)
		BeginReloadAssembly (225ms)
			ExecutionOrderSort (0ms)
			DisableScriptedObjects (7ms)
			BackupInstance (0ms)
			ReleaseScriptingObjects (0ms)
			CreateAndSetChildDomain (61ms)
		EndReloadAssembly (1866ms)
			LoadAssemblies (160ms)
			RebuildTransferFunctionScriptingTraits (0ms)
			SetupTypeCache (387ms)
			ReleaseScriptCaches (2ms)
			RebuildScriptCaches (88ms)
			SetupLoadedEditorAssemblies (1137ms)
				LogAssemblyErrors (0ms)
				InitializePlatformSupportModulesInManaged (60ms)
				SetLoadedEditorAssemblies (1ms)
				RefreshPlugins (2ms)
				BeforeProcessingInitializeOnLoad (127ms)
				ProcessInitializeOnLoadAttributes (857ms)
				ProcessInitializeOnLoadMethodAttributes (74ms)
				AfterProcessingInitializeOnLoad (15ms)
				EditorAssembliesLoaded (0ms)
			ExecutionOrderSort2 (0ms)
			AwakeInstancesAfterBackupRestoration (13ms)
Platform modules already initialized, skipping
Refreshing native plugins compatible for Editor in 1.15 ms, found 4 plugins.
Preloading 0 native plugins for Editor in 0.00 ms.
Unloading 4339 Unused Serialized files (Serialized files now loaded: 0)
Unloading 27 unused Assets / (92.6 KB). Loaded Objects now: 4849.
Memory consumption went from 169.1 MB to 169.1 MB.
Total: 3.877700 ms (FindLiveObjects: 0.405900 ms CreateObjectMapping: 0.131500 ms MarkObjects: 3.271400 ms  DeleteObjects: 0.067300 ms)

AssetImportParameters requested are different than current active one (requested -> active):
  custom:video-decoder-ogg-theora: a1e56fd34408186e4bbccfd4996cb3dc -> 
  custom:container-muxer-webm: aa71ff27fc2769a1b78a27578f13a17b -> 
  custom:container-demuxer-webm: 4f35f7cbe854078d1ac9338744f61a02 -> 
  custom:video-encoder-webm-vp8: eb34c28f22e8b96e1ab97ce403110664 -> 
  custom:CustomObjectIndexerAttribute: bc11b3a6c3213fcdd17b65e7da85e133 -> 
  custom:audio-encoder-webm-vorbis: bf7c407c2cedff20999df2af8eb42d56 -> 
  custom:framework-win-MediaFoundation: 216162199b28c13a410421893ffa2e32 -> 
  custom:SearchIndexIgnoredProperties: e643bd26f0fe6173181afceb89e7c659 -> 
  custom:container-demuxer-ogg: 62fdf1f143b41e24485cea50d1cbac27 -> 
  custom:video-decoder-webm-vp8: 9c59270c3fd7afecdb556c50c9e8de78 -> 
  custom:audio-decoder-ogg-vorbis: bf7c407c2cedff20999df2af8eb42d56 -> 
========================================================================
Received Prepare
Registering precompiled user dll's ...
Registered in 0.008772 seconds.
Begin MonoManager ReloadAssembly
Native extension for WindowsStandalone target not found
Native extension for iOS target not found
Native extension for Android target not found
Native extension for OSXStandalone target not found
Native extension for WebGL target not found
Refreshing native plugins compatible for Editor in 1.22 ms, found 4 plugins.
Preloading 0 native plugins for Editor in 0.00 ms.
[Package Manager] Server::EnsureServerProcessIsRunning -- launch failed, reason: Unity was launched with the -noUpm command-line argument
[Package Manager] Cannot connect to Unity Package Manager local server
Mono: successfully reloaded assembly
- Completed reload, in  2.056 seconds
Domain Reload Profiling:
	ReloadAssembly (2057ms)
		BeginReloadAssembly (243ms)
			ExecutionOrderSort (0ms)
			DisableScriptedObjects (8ms)
			BackupInstance (0ms)
			ReleaseScriptingObjects (0ms)
			CreateAndSetChildDomain (66ms)
		EndReloadAssembly (1674ms)
			LoadAssemblies (176ms)
			RebuildTransferFunctionScriptingTraits (0ms)
			SetupTypeCache (359ms)
			ReleaseScriptCaches (2ms)
			RebuildScriptCaches (76ms)
			SetupLoadedEditorAssemblies (1006ms)
				LogAssemblyErrors (0ms)
				InitializePlatformSupportModulesInManaged (50ms)
				SetLoadedEditorAssemblies (0ms)
				RefreshPlugins (1ms)
				BeforeProcessingInitializeOnLoad (101ms)
				ProcessInitializeOnLoadAttributes (769ms)
				ProcessInitializeOnLoadMethodAttributes (65ms)
				AfterProcessingInitializeOnLoad (19ms)
				EditorAssembliesLoaded (0ms)
			ExecutionOrderSort2 (0ms)
			AwakeInstancesAfterBackupRestoration (10ms)
Platform modules already initialized, skipping
Refreshing native plugins compatible for Editor in 2.55 ms, found 4 plugins.
Preloading 0 native plugins for Editor in 0.00 ms.
Unloading 4338 Unused Serialized files (Serialized files now loaded: 0)
Unloading 27 unused Assets / (92.6 KB). Loaded Objects now: 4864.
Memory consumption went from 169.1 MB to 169.0 MB.
Total: 5.088400 ms (FindLiveObjects: 0.626300 ms CreateObjectMapping: 0.511000 ms MarkObjects: 3.874700 ms  DeleteObjects: 0.074900 ms)

AssetImportParameters requested are different than current active one (requested -> active):
  custom:video-decoder-ogg-theora: a1e56fd34408186e4bbccfd4996cb3dc -> 
  custom:container-muxer-webm: aa71ff27fc2769a1b78a27578f13a17b -> 
  custom:container-demuxer-webm: 4f35f7cbe854078d1ac9338744f61a02 -> 
  custom:video-encoder-webm-vp8: eb34c28f22e8b96e1ab97ce403110664 -> 
  custom:CustomObjectIndexerAttribute: bc11b3a6c3213fcdd17b65e7da85e133 -> 
  custom:audio-encoder-webm-vorbis: bf7c407c2cedff20999df2af8eb42d56 -> 
  custom:framework-win-MediaFoundation: 216162199b28c13a410421893ffa2e32 -> 
  custom:SearchIndexIgnoredProperties: e643bd26f0fe6173181afceb89e7c659 -> 
  custom:container-demuxer-ogg: 62fdf1f143b41e24485cea50d1cbac27 -> 
  custom:video-decoder-webm-vp8: 9c59270c3fd7afecdb556c50c9e8de78 -> 
  custom:audio-decoder-ogg-vorbis: bf7c407c2cedff20999df2af8eb42d56 -> 
========================================================================
Received Import Request.
  Time since last request: 272168.193855 seconds.
  path: Assets/asset map/tilemap/Temple Asset Pack_Test_1.asset
  artifactKey: Guid(0591e8816a056c242858c506fce47b86) Importer(815301076,1909f56bfc062723c751e8b465ee728b)
Number of updated assets reloaded before import = 0
Start importing Assets/asset map/tilemap/Temple Asset Pack_Test_1.asset using Guid(0591e8816a056c242858c506fce47b86) Importer(815301076,1909f56bfc062723c751e8b465ee728b)  -> (artifact id: 'a920480cedd26208775e42fd6e94f462') in 0.184193 seconds 
Number of asset objects unloaded after import = 3
========================================================================
Received Import Request.
  Time since last request: 0.000140 seconds.
  path: Assets/asset map/tilemap/Temple Asset Pack_Test_4.asset
  artifactKey: Guid(44063904b890c12419d369b24ae96a73) Importer(815301076,1909f56bfc062723c751e8b465ee728b)
Number of updated assets reloaded before import = 0
Start importing Assets/asset map/tilemap/Temple Asset Pack_Test_4.asset using Guid(44063904b890c12419d369b24ae96a73) Importer(815301076,1909f56bfc062723c751e8b465ee728b)  -> (artifact id: 'caf236e4264db040e9da478075c928fa') in 0.027950 seconds 
Number of asset objects unloaded after import = 3
========================================================================
Received Import Request.
  Time since last request: 0.000075 seconds.
  path: Assets/asset map/tilemap/Temple Asset Pack_Test_13.asset
  artifactKey: Guid(7842f0b1bc325fa43bb6aeb2c40b6414) Importer(815301076,1909f56bfc062723c751e8b465ee728b)
Number of updated assets reloaded before import = 0
Start importing Assets/asset map/tilemap/Temple Asset Pack_Test_13.asset using Guid(7842f0b1bc325fa43bb6aeb2c40b6414) Importer(815301076,1909f56bfc062723c751e8b465ee728b)  -> (artifact id: 'bf21250be2d6aa16eebfc730cd524d9d') in 0.023633 seconds 
Number of asset objects unloaded after import = 3
========================================================================
Received Import Request.
  Time since last request: 0.000061 seconds.
  path: Assets/asset map/tilemap/Temple Asset Pack_Test_26.asset
  artifactKey: Guid(b43eaa3550f3fb2479f7f8a1267c6da6) Importer(815301076,1909f56bfc062723c751e8b465ee728b)
Number of updated assets reloaded before import = 0
Start importing Assets/asset map/tilemap/Temple Asset Pack_Test_26.asset using Guid(b43eaa3550f3fb2479f7f8a1267c6da6) Importer(815301076,1909f56bfc062723c751e8b465ee728b)  -> (artifact id: 'bb239a45a88a2c6ab811aec3cb26e39a') in 0.032347 seconds 
Number of asset objects unloaded after import = 3
========================================================================
Received Import Request.
  Time since last request: 0.000053 seconds.
  path: Assets/asset map/tilemap/Temple Asset Pack_Test_8.asset
  artifactKey: Guid(7f54551b0bcdde94b9cab59d67123b0c) Importer(815301076,1909f56bfc062723c751e8b465ee728b)
Number of updated assets reloaded before import = 0
Start importing Assets/asset map/tilemap/Temple Asset Pack_Test_8.asset using Guid(7f54551b0bcdde94b9cab59d67123b0c) Importer(815301076,1909f56bfc062723c751e8b465ee728b)  -> (artifact id: '0d9fdffb541f47d04d72fe6c847895b6') in 0.046076 seconds 
Number of asset objects unloaded after import = 3
========================================================================
Received Import Request.
  Time since last request: 0.000060 seconds.
  path: Assets/asset map/tilemap/Temple Asset Pack_Test_29.asset
  artifactKey: Guid(49d11da00208e7c48bc03b8b0b88cbdf) Importer(815301076,1909f56bfc062723c751e8b465ee728b)
Number of updated assets reloaded before import = 0
Start importing Assets/asset map/tilemap/Temple Asset Pack_Test_29.asset using Guid(49d11da00208e7c48bc03b8b0b88cbdf) Importer(815301076,1909f56bfc062723c751e8b465ee728b)  -> (artifact id: '1f5164407f8edc4986a3276b548d119c') in 0.026091 seconds 
Number of asset objects unloaded after import = 3
========================================================================
Received Import Request.
  Time since last request: 0.000046 seconds.
  path: Assets/asset map/tilemap/Temple Asset Pack_Test_30.asset
  artifactKey: Guid(db7aea9f469cf844592d6fdb9312dd67) Importer(815301076,1909f56bfc062723c751e8b465ee728b)
Number of updated assets reloaded before import = 0
Start importing Assets/asset map/tilemap/Temple Asset Pack_Test_30.asset using Guid(db7aea9f469cf844592d6fdb9312dd67) Importer(815301076,1909f56bfc062723c751e8b465ee728b)  -> (artifact id: '13726b3bdcaf26d38aa45d2db651a953') in 0.029241 seconds 
Number of asset objects unloaded after import = 3
========================================================================
Received Import Request.
  Time since last request: 0.000035 seconds.
  path: Assets/asset map/tilemap/Temple Asset Pack_Test_19.asset
  artifactKey: Guid(830627763b2388947bdf2e1fcca30434) Importer(815301076,1909f56bfc062723c751e8b465ee728b)
Number of updated assets reloaded before import = 0
Start importing Assets/asset map/tilemap/Temple Asset Pack_Test_19.asset using Guid(830627763b2388947bdf2e1fcca30434) Importer(815301076,1909f56bfc062723c751e8b465ee728b)  -> (artifact id: '299c23738512c0cfcf5b4528c661332d') in 0.025961 seconds 
Number of asset objects unloaded after import = 3
========================================================================
Received Import Request.
  Time since last request: 0.000038 seconds.
  path: Assets/asset map/tilemap/Temple Asset Pack_Test_15.asset
  artifactKey: Guid(9d1cca3d3bd638b4487831d9a72eacd4) Importer(815301076,1909f56bfc062723c751e8b465ee728b)
Number of updated assets reloaded before import = 0
Start importing Assets/asset map/tilemap/Temple Asset Pack_Test_15.asset using Guid(9d1cca3d3bd638b4487831d9a72eacd4) Importer(815301076,1909f56bfc062723c751e8b465ee728b)  -> (artifact id: '4316d58f631c105d1e81d4a4e5d26f8b') in 0.032506 seconds 
Number of asset objects unloaded after import = 3
========================================================================
Received Import Request.
  Time since last request: 0.000065 seconds.
  path: Assets/asset map/tilemap/Temple Asset Pack_Test_21.asset
  artifactKey: Guid(68f3ea112c402974f957196b8b1a7483) Importer(815301076,1909f56bfc062723c751e8b465ee728b)
Number of updated assets reloaded before import = 0
Start importing Assets/asset map/tilemap/Temple Asset Pack_Test_21.asset using Guid(68f3ea112c402974f957196b8b1a7483) Importer(815301076,1909f56bfc062723c751e8b465ee728b)  -> (artifact id: 'c351829fd61d125932814830e14995a2') in 0.028536 seconds 
Number of asset objects unloaded after import = 3
========================================================================
Received Import Request.
  Time since last request: 0.000077 seconds.
  path: Assets/asset map/tilemap/Temple Asset Pack_Test_5.asset
  artifactKey: Guid(012df6861375ebd4bb14959c5480a783) Importer(815301076,1909f56bfc062723c751e8b465ee728b)
Number of updated assets reloaded before import = 0
Start importing Assets/asset map/tilemap/Temple Asset Pack_Test_5.asset using Guid(012df6861375ebd4bb14959c5480a783) Importer(815301076,1909f56bfc062723c751e8b465ee728b)  -> (artifact id: '163d8a88d081f3bf733e79f49e074056') in 0.023607 seconds 
Number of asset objects unloaded after import = 3
========================================================================
Received Import Request.
  Time since last request: 0.000046 seconds.
  path: Assets/asset map/tilemap/Temple Asset Pack_Test_10.asset
  artifactKey: Guid(29d537075cfa1fe4d8748eae20d5c5ea) Importer(815301076,1909f56bfc062723c751e8b465ee728b)
Number of updated assets reloaded before import = 0
Start importing Assets/asset map/tilemap/Temple Asset Pack_Test_10.asset using Guid(29d537075cfa1fe4d8748eae20d5c5ea) Importer(815301076,1909f56bfc062723c751e8b465ee728b)  -> (artifact id: 'ceede70abe79fd6f34aaa27bf0969719') in 0.027292 seconds 
Number of asset objects unloaded after import = 3
========================================================================
Received Import Request.
  Time since last request: 0.000043 seconds.
  path: Assets/asset map/tilemap/Temple Asset Pack_Test_25.asset
  artifactKey: Guid(2b6e50d0eee4d4144baa4946d5d62a2b) Importer(815301076,1909f56bfc062723c751e8b465ee728b)
Number of updated assets reloaded before import = 0
Start importing Assets/asset map/tilemap/Temple Asset Pack_Test_25.asset using Guid(2b6e50d0eee4d4144baa4946d5d62a2b) Importer(815301076,1909f56bfc062723c751e8b465ee728b)  -> (artifact id: 'fe042122dc0ddf8545d50a52e303a473') in 0.027878 seconds 
Number of asset objects unloaded after import = 3
========================================================================
Received Import Request.
  Time since last request: 0.000039 seconds.
  path: Assets/asset map/tilemap/Temple Asset Pack_Test_31.asset
  artifactKey: Guid(dc1f5f5a77900e04984db451878a2a4c) Importer(815301076,1909f56bfc062723c751e8b465ee728b)
Number of updated assets reloaded before import = 0
Start importing Assets/asset map/tilemap/Temple Asset Pack_Test_31.asset using Guid(dc1f5f5a77900e04984db451878a2a4c) Importer(815301076,1909f56bfc062723c751e8b465ee728b)  -> (artifact id: '0f13b649c28296869328da4491b497e8') in 0.026530 seconds 
Number of asset objects unloaded after import = 3
========================================================================
Received Import Request.
  Time since last request: 0.000060 seconds.
  path: Assets/asset map/tilemap/Temple Asset Pack_Test_33.asset
  artifactKey: Guid(36bf034f83ef0cd459273c69638ca0a0) Importer(815301076,1909f56bfc062723c751e8b465ee728b)
Number of updated assets reloaded before import = 0
Start importing Assets/asset map/tilemap/Temple Asset Pack_Test_33.asset using Guid(36bf034f83ef0cd459273c69638ca0a0) Importer(815301076,1909f56bfc062723c751e8b465ee728b)  -> (artifact id: 'ba6f985f67dbafd5e41ead36a55416ea') in 0.034647 seconds 
Number of asset objects unloaded after import = 3
========================================================================
Received Import Request.
  Time since last request: 0.000165 seconds.
  path: Assets/asset map/tilemap/Temple Asset Pack_Test_20.asset
  artifactKey: Guid(e4d15b3e5a3ec6c4cb2696f108ad211c) Importer(815301076,1909f56bfc062723c751e8b465ee728b)
Number of updated assets reloaded before import = 0
Start importing Assets/asset map/tilemap/Temple Asset Pack_Test_20.asset using Guid(e4d15b3e5a3ec6c4cb2696f108ad211c) Importer(815301076,1909f56bfc062723c751e8b465ee728b)  -> (artifact id: 'f08268dc440209eca28d97ac89d0ff65') in 0.028234 seconds 
Number of asset objects unloaded after import = 3
========================================================================
Received Import Request.
  Time since last request: 0.000072 seconds.
  path: Assets/asset map/tilemap/Temple Asset Pack_Test_2.asset
  artifactKey: Guid(69c55304b0fca0541b458c2c76ca422a) Importer(815301076,1909f56bfc062723c751e8b465ee728b)
Number of updated assets reloaded before import = 0
Start importing Assets/asset map/tilemap/Temple Asset Pack_Test_2.asset using Guid(69c55304b0fca0541b458c2c76ca422a) Importer(815301076,1909f56bfc062723c751e8b465ee728b)  -> (artifact id: 'c57f00002c5a974eb263649aeba12fc4') in 0.032807 seconds 
Number of asset objects unloaded after import = 3
========================================================================
Received Import Request.
  Time since last request: 54.343314 seconds.
  path: Assets/asset map/tilemap/Temple Asset Pack_Test_36.asset
  artifactKey: Guid(37db999c7a917c64889a21ceee133fc6) Importer(815301076,1909f56bfc062723c751e8b465ee728b)
Number of updated assets reloaded before import = 0
Start importing Assets/asset map/tilemap/Temple Asset Pack_Test_36.asset using Guid(37db999c7a917c64889a21ceee133fc6) Importer(815301076,1909f56bfc062723c751e8b465ee728b)  -> (artifact id: '81c4e6d27f0a178d11b4f504cc3d395c') in 0.024273 seconds 
Number of asset objects unloaded after import = 3
========================================================================
Received Import Request.
  Time since last request: 0.000039 seconds.
  path: Assets/asset map/tilemap/Temple Asset Pack_Test_41.asset
  artifactKey: Guid(b637481670b04c442b53ed311ef95388) Importer(815301076,1909f56bfc062723c751e8b465ee728b)
Number of updated assets reloaded before import = 0
Start importing Assets/asset map/tilemap/Temple Asset Pack_Test_41.asset using Guid(b637481670b04c442b53ed311ef95388) Importer(815301076,1909f56bfc062723c751e8b465ee728b)  -> (artifact id: '787887fceaf01788ca219f283b6ad41c') in 0.028244 seconds 
Number of asset objects unloaded after import = 3
========================================================================
Received Import Request.
  Time since last request: 0.000055 seconds.
  path: Assets/asset map/tilemap/Temple Asset Pack_Test_38.asset
  artifactKey: Guid(7535d5ff8e69108488d0eeca3166e8eb) Importer(815301076,1909f56bfc062723c751e8b465ee728b)
Number of updated assets reloaded before import = 0
Start importing Assets/asset map/tilemap/Temple Asset Pack_Test_38.asset using Guid(7535d5ff8e69108488d0eeca3166e8eb) Importer(815301076,1909f56bfc062723c751e8b465ee728b)  -> (artifact id: 'd320028612bc994b2dc0deaa879a2313') in 0.042311 seconds 
Number of asset objects unloaded after import = 3
========================================================================
Received Import Request.
  Time since last request: 0.000046 seconds.
  path: Assets/asset map/tilemap/Temple Asset Pack_Test_39.asset
  artifactKey: Guid(750cf72d78102354f810bfca81e7f6fb) Importer(815301076,1909f56bfc062723c751e8b465ee728b)
Number of updated assets reloaded before import = 0
Start importing Assets/asset map/tilemap/Temple Asset Pack_Test_39.asset using Guid(750cf72d78102354f810bfca81e7f6fb) Importer(815301076,1909f56bfc062723c751e8b465ee728b)  -> (artifact id: '7288e8d40c57e1e4d60492d78f0e6352') in 0.022133 seconds 
Number of asset objects unloaded after import = 3
========================================================================
Received Import Request.
  Time since last request: 0.000063 seconds.
  path: Assets/asset map/tilemap/Temple Asset Pack_Test_47.asset
  artifactKey: Guid(478f233c197ae5a4d867cc96c560bedd) Importer(815301076,1909f56bfc062723c751e8b465ee728b)
Number of updated assets reloaded before import = 0
Start importing Assets/asset map/tilemap/Temple Asset Pack_Test_47.asset using Guid(478f233c197ae5a4d867cc96c560bedd) Importer(815301076,1909f56bfc062723c751e8b465ee728b)  -> (artifact id: 'ea087e8d5c24f9d49029255782fd864a') in 0.022879 seconds 
Number of asset objects unloaded after import = 3
========================================================================
Received Import Request.
  Time since last request: 0.000073 seconds.
  path: Assets/asset map/tilemap/Temple Asset Pack_Test_52.asset
  artifactKey: Guid(95dace2b08af48a41bad12fe098519c6) Importer(815301076,1909f56bfc062723c751e8b465ee728b)
Number of updated assets reloaded before import = 0
Start importing Assets/asset map/tilemap/Temple Asset Pack_Test_52.asset using Guid(95dace2b08af48a41bad12fe098519c6) Importer(815301076,1909f56bfc062723c751e8b465ee728b)  -> (artifact id: '9282fa599a1ee4485a10c1df1ab6ba6f') in 0.026729 seconds 
Number of asset objects unloaded after import = 3
========================================================================
Received Import Request.
  Time since last request: 0.051117 seconds.
  path: Assets/asset map/tilemap/Temple Asset Pack_Test_58.asset
  artifactKey: Guid(740466988e2a8bb4fb72785e428487eb) Importer(815301076,1909f56bfc062723c751e8b465ee728b)
Number of updated assets reloaded before import = 0
Start importing Assets/asset map/tilemap/Temple Asset Pack_Test_58.asset using Guid(740466988e2a8bb4fb72785e428487eb) Importer(815301076,1909f56bfc062723c751e8b465ee728b)  -> (artifact id: 'f0d6f457bbfdfbcf5960b7fb537c8828') in 0.020399 seconds 
Number of asset objects unloaded after import = 3
========================================================================
Received Import Request.
  Time since last request: 0.000053 seconds.
  path: Assets/asset map/tilemap/Temple Asset Pack_Test_64.asset
  artifactKey: Guid(95b223e409314b94381249d87e88e9c8) Importer(815301076,1909f56bfc062723c751e8b465ee728b)
Number of updated assets reloaded before import = 0
Start importing Assets/asset map/tilemap/Temple Asset Pack_Test_64.asset using Guid(95b223e409314b94381249d87e88e9c8) Importer(815301076,1909f56bfc062723c751e8b465ee728b)  -> (artifact id: 'b57e7da4ab20293a2775f85553861b0b') in 0.027305 seconds 
Number of asset objects unloaded after import = 3
========================================================================
Received Import Request.
  Time since last request: 0.000040 seconds.
  path: Assets/asset map/tilemap/Temple Asset Pack_Test_61.asset
  artifactKey: Guid(168b7218c7085294d94f41f25f7790f9) Importer(815301076,1909f56bfc062723c751e8b465ee728b)
Number of updated assets reloaded before import = 0
Start importing Assets/asset map/tilemap/Temple Asset Pack_Test_61.asset using Guid(168b7218c7085294d94f41f25f7790f9) Importer(815301076,1909f56bfc062723c751e8b465ee728b)  -> (artifact id: 'd66f89899c1e514620a3a876adc8aac6') in 0.032650 seconds 
Number of asset objects unloaded after import = 3
========================================================================
Received Prepare
Registering precompiled user dll's ...
Registered in 0.010530 seconds.
Begin MonoManager ReloadAssembly
Native extension for WindowsStandalone target not found
Native extension for iOS target not found
Native extension for Android target not found
Native extension for OSXStandalone target not found
Native extension for WebGL target not found
Refreshing native plugins compatible for Editor in 107.79 ms, found 4 plugins.
Preloading 0 native plugins for Editor in 0.00 ms.
[Package Manager] Server::EnsureServerProcessIsRunning -- launch failed, reason: Unity was launched with the -noUpm command-line argument
[Package Manager] Cannot connect to Unity Package Manager local server
Mono: successfully reloaded assembly
- Completed reload, in  1.926 seconds
Domain Reload Profiling:
	ReloadAssembly (1930ms)
		BeginReloadAssembly (236ms)
			ExecutionOrderSort (0ms)
			DisableScriptedObjects (8ms)
			BackupInstance (0ms)
			ReleaseScriptingObjects (0ms)
			CreateAndSetChildDomain (68ms)
		EndReloadAssembly (1574ms)
			LoadAssemblies (160ms)
			RebuildTransferFunctionScriptingTraits (0ms)
			SetupTypeCache (307ms)
			ReleaseScriptCaches (3ms)
			RebuildScriptCaches (73ms)
			SetupLoadedEditorAssemblies (972ms)
				LogAssemblyErrors (0ms)
				InitializePlatformSupportModulesInManaged (48ms)
				SetLoadedEditorAssemblies (0ms)
				RefreshPlugins (108ms)
				BeforeProcessingInitializeOnLoad (113ms)
				ProcessInitializeOnLoadAttributes (637ms)
				ProcessInitializeOnLoadMethodAttributes (55ms)
				AfterProcessingInitializeOnLoad (11ms)
				EditorAssembliesLoaded (0ms)
			ExecutionOrderSort2 (0ms)
			AwakeInstancesAfterBackupRestoration (8ms)
Platform modules already initialized, skipping
Refreshing native plugins compatible for Editor in 1.13 ms, found 4 plugins.
Preloading 0 native plugins for Editor in 0.00 ms.
Unloading 3785 Unused Serialized files (Serialized files now loaded: 0)
Unloading 503 unused Assets / (28.8 KB). Loaded Objects now: 4391.
Memory consumption went from 157.5 MB to 157.5 MB.
Total: 5.126100 ms (FindLiveObjects: 0.493300 ms CreateObjectMapping: 0.332600 ms MarkObjects: 4.045700 ms  DeleteObjects: 0.253100 ms)

AssetImportParameters requested are different than current active one (requested -> active):
  custom:video-decoder-ogg-theora: a1e56fd34408186e4bbccfd4996cb3dc -> 
  custom:container-muxer-webm: aa71ff27fc2769a1b78a27578f13a17b -> 
  custom:container-demuxer-webm: 4f35f7cbe854078d1ac9338744f61a02 -> 
  custom:video-encoder-webm-vp8: eb34c28f22e8b96e1ab97ce403110664 -> 
  custom:CustomObjectIndexerAttribute: bc11b3a6c3213fcdd17b65e7da85e133 -> 
  custom:audio-encoder-webm-vorbis: bf7c407c2cedff20999df2af8eb42d56 -> 
  custom:framework-win-MediaFoundation: 216162199b28c13a410421893ffa2e32 -> 
  custom:SearchIndexIgnoredProperties: e643bd26f0fe6173181afceb89e7c659 -> 
  custom:container-demuxer-ogg: 62fdf1f143b41e24485cea50d1cbac27 -> 
  custom:video-decoder-webm-vp8: 9c59270c3fd7afecdb556c50c9e8de78 -> 
  custom:audio-decoder-ogg-vorbis: bf7c407c2cedff20999df2af8eb42d56 -> 
